#
# There is insufficient memory for the Java Runtime Environment to continue.
# Native memory allocation (malloc) failed to allocate 1113072 bytes for Chunk::new
# Possible reasons:
#   The system is out of physical RAM or swap space
#   The process is running with CompressedOops enabled, and the Java Heap may be blocking the growth of the native heap
# Possible solutions:
#   Reduce memory load on the system
#   Increase physical memory or swap space
#   Check if swap backing store is full
#   Decrease Java heap size (-Xmx/-Xms)
#   Decrease number of Java threads
#   Decrease Java thread stack sizes (-Xss)
#   Set larger code cache with -XX:ReservedCodeCacheSize=
#   JVM is running with Unscaled Compressed Oops mode in which the Java heap is
#     placed in the first 4GB address space. The Java Heap base address is the
#     maximum limit for the native heap growth. Please use -XX:HeapBaseMinAddress
#     to set the Java Heap base and to place the Java Heap above 4GB virtual address.
# This output file may be truncated or incomplete.
#
#  Out of Memory Error (allocation.cpp:389), pid=3572, tid=0x0000000000003bc4
#
# JRE version: OpenJDK Runtime Environment (8.0_242-b01) (build 1.8.0_242-release-1644-b01)
# Java VM: OpenJDK 64-Bit Server VM (25.242-b01 mixed mode windows-amd64 compressed oops)
# Failed to write core dump. Minidumps are not enabled by default on client versions of Windows
#

---------------  T H R E A D  ---------------

Current thread (0x000000001a648800):  JavaThread "C2 CompilerThread1" daemon [_thread_in_native, id=15300, stack(0x000000001aeb0000,0x000000001afb0000)]

Stack: [0x000000001aeb0000,0x000000001afb0000]
[error occurred during error reporting (printing stack bounds), id 0xc0000005]

Native frames: (J=compiled Java code, j=interpreted, Vv=VM code, C=native code)


Current CompileTask:
C2:1233805 15158 % !   4       com.android.tools.r8.dex.r::c @ 2071 (2729 bytes)


---------------  P R O C E S S  ---------------

Java Threads: ( => current thread )
  0x000000001d2e1800 JavaThread "WorkerExecutor Queue Thread 9" [_thread_blocked, id=14656, stack(0x000000002f4f0000,0x000000002f5f0000)]
  0x000000001d2dc800 JavaThread "WorkerExecutor Queue Thread 7" [_thread_blocked, id=3024, stack(0x000000002f2f0000,0x000000002f3f0000)]
  0x000000001d2e1000 JavaThread "WorkerExecutor Queue Thread 6" [_thread_blocked, id=5036, stack(0x000000002f1f0000,0x000000002f2f0000)]
  0x000000001d2df800 JavaThread "WorkerExecutor Queue Thread 5" [_thread_blocked, id=904, stack(0x000000002f0f0000,0x000000002f1f0000)]
  0x000000001d2de800 JavaThread "WorkerExecutor Queue Thread 4" [_thread_blocked, id=8564, stack(0x000000002eff0000,0x000000002f0f0000)]
  0x000000001d2d7000 JavaThread "WorkerExecutor Queue Thread 3" [_thread_blocked, id=11800, stack(0x000000002eef0000,0x000000002eff0000)]
  0x000000001d2d8000 JavaThread "ForkJoinPool.commonPool-worker-6" daemon [_thread_blocked, id=14416, stack(0x000000002ea20000,0x000000002eb20000)]
  0x000000001d2d8800 JavaThread "ForkJoinPool.commonPool-worker-5" daemon [_thread_in_native, id=17256, stack(0x000000002e920000,0x000000002ea20000)]
  0x000000001d2dd000 JavaThread "ForkJoinPool.commonPool-worker-4" daemon [_thread_blocked, id=2296, stack(0x000000002e820000,0x000000002e920000)]
  0x000000001d2de000 JavaThread "ForkJoinPool.commonPool-worker-2" daemon [_thread_blocked, id=12480, stack(0x000000002e620000,0x000000002e720000)]
  0x000000001baf4800 JavaThread "ForkJoinPool.commonPool-worker-1" daemon [_thread_blocked, id=14756, stack(0x000000002e520000,0x000000002e620000)]
  0x000000001fa5f800 JavaThread "Cache worker for Java compile cache (C:\Users\Ryrie\PLA\.gradle\6.5\javaCompile)" [_thread_blocked, id=2056, stack(0x000000002de20000,0x000000002df20000)]
  0x000000001fa5d000 JavaThread "Cache worker for Java compile cache (C:\Users\Ryrie\.gradle\caches\6.5\javaCompile)" [_thread_blocked, id=15652, stack(0x000000002dd20000,0x000000002de20000)]
  0x000000001fa5e800 JavaThread "WorkerExecutor Queue Thread 2" [_thread_blocked, id=5700, stack(0x000000002dc20000,0x000000002dd20000)]
  0x000000001fa5e000 JavaThread "stdout" [_thread_in_native, id=796, stack(0x000000002d720000,0x000000002d820000)]
  0x000000001fa5b800 JavaThread "stderr" [_thread_in_native, id=16468, stack(0x000000002d620000,0x000000002d720000)]
  0x000000001fa5b000 JavaThread "pool-3-thread-1" [_thread_blocked, id=5528, stack(0x000000002d520000,0x000000002d620000)]
  0x000000001fa53800 JavaThread "WorkerExecutor Queue" [_thread_in_vm, id=15912, stack(0x000000002cf20000,0x000000002d020000)]
  0x000000001fa59800 JavaThread "Cache worker for execution history cache (C:\Users\Ryrie\PLA\.gradle\6.5\executionHistory)" [_thread_blocked, id=1828, stack(0x000000002cc20000,0x000000002cd20000)]
  0x000000001fa51000 JavaThread "Execution worker for ':' Thread 7" [_thread_blocked, id=5012, stack(0x000000002cb20000,0x000000002cc20000)]
  0x000000001fa58000 JavaThread "Execution worker for ':' Thread 6" [_thread_blocked, id=10988, stack(0x000000002ca20000,0x000000002cb20000)]
  0x000000001fa50800 JavaThread "Execution worker for ':' Thread 5" [_thread_blocked, id=4360, stack(0x000000002c920000,0x000000002ca20000)]
  0x000000001fa55000 JavaThread "Execution worker for ':' Thread 4" [_thread_blocked, id=7212, stack(0x000000002ae90000,0x000000002af90000)]
  0x000000001fa55800 JavaThread "Execution worker for ':' Thread 3" [_thread_blocked, id=10732, stack(0x000000002a140000,0x000000002a240000)]
  0x000000001fa57000 JavaThread "Execution worker for ':' Thread 2" [_thread_blocked, id=1036, stack(0x000000002a040000,0x000000002a140000)]
  0x000000001fa54000 JavaThread "Execution worker for ':'" [_thread_blocked, id=16020, stack(0x0000000029d40000,0x0000000029e40000)]
  0x000000001fa56800 JavaThread "Cache worker for file content cache (C:\Users\Ryrie\PLA\.gradle\6.5\fileContent)" [_thread_blocked, id=5376, stack(0x0000000029c40000,0x0000000029d40000)]
  0x000000001c7fc000 JavaThread "Cache worker for Build Output Cleanup Cache (C:\Users\Ryrie\PLA\.gradle\buildOutputCleanup)" [_thread_blocked, id=15780, stack(0x0000000029b40000,0x0000000029c40000)]
  0x000000001c7f6000 JavaThread "jar transforms Thread 184" [_thread_blocked, id=9788, stack(0x0000000029a40000,0x0000000029b40000)]
  0x000000001c7fa800 JavaThread "jar transforms Thread 183" [_thread_blocked, id=16488, stack(0x0000000029940000,0x0000000029a40000)]
  0x000000001c7f7000 JavaThread "jar transforms Thread 182" [_thread_blocked, id=16452, stack(0x0000000029840000,0x0000000029940000)]
  0x000000001c7fb800 JavaThread "jar transforms Thread 181" [_thread_blocked, id=11832, stack(0x0000000029740000,0x0000000029840000)]
  0x000000001c7fa000 JavaThread "jar transforms Thread 180" [_thread_blocked, id=15092, stack(0x0000000029640000,0x0000000029740000)]
  0x000000001c7f2800 JavaThread "jar transforms Thread 179" [_thread_blocked, id=12512, stack(0x0000000029540000,0x0000000029640000)]
  0x000000001c7f5800 JavaThread "jar transforms Thread 178" [_thread_blocked, id=13488, stack(0x0000000029440000,0x0000000029540000)]
  0x000000001c7f4800 JavaThread "jar transforms Thread 177" [_thread_blocked, id=2944, stack(0x0000000029340000,0x0000000029440000)]
  0x000000001c7f9000 JavaThread "jar transforms Thread 176" [_thread_blocked, id=17172, stack(0x0000000029240000,0x0000000029340000)]
  0x000000001c7f8800 JavaThread "jar transforms Thread 175" [_thread_blocked, id=13368, stack(0x0000000029140000,0x0000000029240000)]
  0x000000001c7f7800 JavaThread "jar transforms Thread 174" [_thread_blocked, id=12764, stack(0x0000000029040000,0x0000000029140000)]
  0x000000001c7ed000 JavaThread "jar transforms Thread 173" [_thread_blocked, id=15144, stack(0x0000000028f40000,0x0000000029040000)]
  0x000000001c7f3000 JavaThread "jar transforms Thread 172" [_thread_blocked, id=8672, stack(0x0000000028e40000,0x0000000028f40000)]
  0x000000001c7f1800 JavaThread "jar transforms Thread 171" [_thread_blocked, id=2540, stack(0x0000000028d40000,0x0000000028e40000)]
  0x000000001c7f4000 JavaThread "jar transforms Thread 170" [_thread_blocked, id=10684, stack(0x0000000028c40000,0x0000000028d40000)]
  0x000000001c7f1000 JavaThread "jar transforms Thread 169" [_thread_blocked, id=6512, stack(0x0000000028b40000,0x0000000028c40000)]
  0x000000001c7f0000 JavaThread "jar transforms Thread 168" [_thread_blocked, id=6180, stack(0x0000000028a40000,0x0000000028b40000)]
  0x000000001c7ef800 JavaThread "jar transforms Thread 167" [_thread_blocked, id=3752, stack(0x0000000028940000,0x0000000028a40000)]
  0x000000001c7ee800 JavaThread "jar transforms Thread 166" [_thread_blocked, id=16688, stack(0x0000000028840000,0x0000000028940000)]
  0x000000001c7ee000 JavaThread "jar transforms Thread 165" [_thread_blocked, id=12628, stack(0x0000000028740000,0x0000000028840000)]
  0x0000000020df4800 JavaThread "jar transforms Thread 164" [_thread_blocked, id=16024, stack(0x0000000028640000,0x0000000028740000)]
  0x0000000020df4000 JavaThread "jar transforms Thread 163" [_thread_blocked, id=9260, stack(0x0000000028540000,0x0000000028640000)]
  0x0000000020df3000 JavaThread "jar transforms Thread 162" [_thread_blocked, id=16456, stack(0x0000000028440000,0x0000000028540000)]
  0x0000000020df1800 JavaThread "jar transforms Thread 161" [_thread_blocked, id=1388, stack(0x0000000028340000,0x0000000028440000)]
  0x0000000020df2800 JavaThread "jar transforms Thread 160" [_thread_blocked, id=13044, stack(0x0000000028240000,0x0000000028340000)]
  0x0000000020df0000 JavaThread "jar transforms Thread 159" [_thread_blocked, id=12672, stack(0x0000000028140000,0x0000000028240000)]
  0x0000000020df5800 JavaThread "jar transforms Thread 158" [_thread_blocked, id=2156, stack(0x0000000028040000,0x0000000028140000)]
  0x0000000020def800 JavaThread "jar transforms Thread 157" [_thread_blocked, id=6656, stack(0x0000000027f40000,0x0000000028040000)]
  0x0000000020df1000 JavaThread "jar transforms Thread 156" [_thread_blocked, id=10028, stack(0x0000000027e40000,0x0000000027f40000)]
  0x0000000020de8000 JavaThread "jar transforms Thread 155" [_thread_blocked, id=14956, stack(0x0000000027d40000,0x0000000027e40000)]
  0x0000000020de9800 JavaThread "jar transforms Thread 154" [_thread_blocked, id=13692, stack(0x0000000027c40000,0x0000000027d40000)]
  0x0000000020dee800 JavaThread "jar transforms Thread 153" [_thread_blocked, id=456, stack(0x0000000027b40000,0x0000000027c40000)]
  0x0000000020de7000 JavaThread "jar transforms Thread 152" [_thread_blocked, id=11220, stack(0x0000000027a40000,0x0000000027b40000)]
  0x0000000020dee000 JavaThread "jar transforms Thread 151" [_thread_blocked, id=12928, stack(0x0000000027940000,0x0000000027a40000)]
  0x0000000020deb000 JavaThread "jar transforms Thread 150" [_thread_blocked, id=15404, stack(0x0000000027840000,0x0000000027940000)]
  0x0000000020deb800 JavaThread "jar transforms Thread 149" [_thread_blocked, id=788, stack(0x0000000027740000,0x0000000027840000)]
  0x0000000020ded000 JavaThread "jar transforms Thread 148" [_thread_blocked, id=6152, stack(0x0000000027640000,0x0000000027740000)]
  0x0000000020de6800 JavaThread "jar transforms Thread 147" [_thread_blocked, id=5156, stack(0x0000000027540000,0x0000000027640000)]
  0x0000000020dea000 JavaThread "jar transforms Thread 146" [_thread_blocked, id=14564, stack(0x0000000027440000,0x0000000027540000)]
  0x0000000020de8800 JavaThread "jar transforms Thread 145" [_thread_blocked, id=3112, stack(0x0000000027340000,0x0000000027440000)]
  0x0000000020dec800 JavaThread "jar transforms Thread 144" [_thread_blocked, id=11004, stack(0x0000000027240000,0x0000000027340000)]
  0x000000001cf34800 JavaThread "jar transforms Thread 143" [_thread_blocked, id=17168, stack(0x0000000027140000,0x0000000027240000)]
  0x000000001cf33800 JavaThread "jar transforms Thread 142" [_thread_blocked, id=12872, stack(0x0000000027040000,0x0000000027140000)]
  0x000000001cf32000 JavaThread "jar transforms Thread 141" [_thread_blocked, id=3804, stack(0x0000000026f40000,0x0000000027040000)]
  0x000000001cf31800 JavaThread "jar transforms Thread 140" [_thread_blocked, id=17372, stack(0x0000000026e40000,0x0000000026f40000)]
  0x000000001cf33000 JavaThread "jar transforms Thread 139" [_thread_blocked, id=9300, stack(0x0000000026d40000,0x0000000026e40000)]
  0x000000001cf2a000 JavaThread "jar transforms Thread 138" [_thread_blocked, id=16232, stack(0x0000000026c40000,0x0000000026d40000)]
  0x000000001cf2c000 JavaThread "jar transforms Thread 137" [_thread_blocked, id=3712, stack(0x0000000026b40000,0x0000000026c40000)]
  0x000000001cf30800 JavaThread "jar transforms Thread 136" [_thread_blocked, id=9100, stack(0x0000000026a40000,0x0000000026b40000)]
  0x000000001cf2b800 JavaThread "jar transforms Thread 135" [_thread_blocked, id=14620, stack(0x0000000026940000,0x0000000026a40000)]
  0x000000001cf30000 JavaThread "jar transforms Thread 134" [_thread_blocked, id=11932, stack(0x0000000026840000,0x0000000026940000)]
  0x000000001cf2d800 JavaThread "jar transforms Thread 133" [_thread_blocked, id=2264, stack(0x0000000026740000,0x0000000026840000)]
  0x000000001cf2d000 JavaThread "jar transforms Thread 132" [_thread_blocked, id=10680, stack(0x0000000026640000,0x0000000026740000)]
  0x000000001cf2e800 JavaThread "jar transforms Thread 131" [_thread_blocked, id=14748, stack(0x0000000026540000,0x0000000026640000)]
  0x000000001cf2f000 JavaThread "jar transforms Thread 130" [_thread_blocked, id=3792, stack(0x0000000026440000,0x0000000026540000)]
  0x000000001cf25800 JavaThread "jar transforms Thread 129" [_thread_blocked, id=14668, stack(0x0000000026340000,0x0000000026440000)]
  0x000000001cf29000 JavaThread "jar transforms Thread 128" [_thread_blocked, id=3032, stack(0x0000000026240000,0x0000000026340000)]
  0x000000001cf2a800 JavaThread "jar transforms Thread 127" [_thread_blocked, id=15456, stack(0x0000000026140000,0x0000000026240000)]
  0x000000001cf28800 JavaThread "jar transforms Thread 126" [_thread_blocked, id=15372, stack(0x0000000026040000,0x0000000026140000)]
  0x000000001cf27800 JavaThread "jar transforms Thread 125" [_thread_blocked, id=3912, stack(0x0000000025f40000,0x0000000026040000)]
  0x000000001cf27000 JavaThread "jar transforms Thread 124" [_thread_blocked, id=15464, stack(0x0000000025e40000,0x0000000025f40000)]
  0x000000001cf26000 JavaThread "jar transforms Thread 123" [_thread_blocked, id=11064, stack(0x0000000025d40000,0x0000000025e40000)]
  0x000000001a64d000 JavaThread "jar transforms Thread 122" [_thread_blocked, id=16960, stack(0x0000000025c40000,0x0000000025d40000)]
  0x000000001a64c000 JavaThread "jar transforms Thread 121" [_thread_blocked, id=10532, stack(0x0000000025b40000,0x0000000025c40000)]
  0x000000001a64a800 JavaThread "jar transforms Thread 120" [_thread_blocked, id=10404, stack(0x0000000025a40000,0x0000000025b40000)]
  0x000000001a64a000 JavaThread "jar transforms Thread 119" [_thread_blocked, id=14548, stack(0x0000000025940000,0x0000000025a40000)]
  0x000000001bafa800 JavaThread "jar transforms Thread 118" [_thread_blocked, id=14812, stack(0x0000000025840000,0x0000000025940000)]
  0x000000001bafa000 JavaThread "jar transforms Thread 117" [_thread_blocked, id=6548, stack(0x0000000025740000,0x0000000025840000)]
  0x000000001bafe800 JavaThread "jar transforms Thread 116" [_thread_blocked, id=13436, stack(0x0000000025640000,0x0000000025740000)]
  0x000000001baf5800 JavaThread "jar transforms Thread 115" [_thread_blocked, id=784, stack(0x0000000025540000,0x0000000025640000)]
  0x000000001baf9000 JavaThread "jar transforms Thread 114" [_thread_blocked, id=13492, stack(0x0000000025440000,0x0000000025540000)]
  0x000000001bafc000 JavaThread "jar transforms Thread 113" [_thread_blocked, id=11536, stack(0x0000000025340000,0x0000000025440000)]
  0x000000001baf1800 JavaThread "jar transforms Thread 112" [_thread_blocked, id=4860, stack(0x0000000025240000,0x0000000025340000)]
  0x000000001baf8800 JavaThread "jar transforms Thread 111" [_thread_blocked, id=9024, stack(0x0000000025140000,0x0000000025240000)]
  0x000000001baf6000 JavaThread "jar transforms Thread 110" [_thread_blocked, id=15968, stack(0x0000000025040000,0x0000000025140000)]
  0x000000001baf2000 JavaThread "jar transforms Thread 109" [_thread_blocked, id=16096, stack(0x0000000024f40000,0x0000000025040000)]
  0x000000001baf3800 JavaThread "jar transforms Thread 108" [_thread_blocked, id=14700, stack(0x0000000024e40000,0x0000000024f40000)]
  0x000000001baf0800 JavaThread "jar transforms Thread 107" [_thread_blocked, id=16296, stack(0x0000000024d40000,0x0000000024e40000)]
  0x000000001d24e000 JavaThread "jar transforms Thread 106" [_thread_blocked, id=11724, stack(0x0000000024c40000,0x0000000024d40000)]
  0x000000001d24a000 JavaThread "jar transforms Thread 105" [_thread_blocked, id=9892, stack(0x0000000024b40000,0x0000000024c40000)]
  0x000000001d24d000 JavaThread "jar transforms Thread 104" [_thread_blocked, id=11788, stack(0x0000000024a40000,0x0000000024b40000)]
  0x000000001d249800 JavaThread "jar transforms Thread 103" [_thread_blocked, id=7624, stack(0x0000000024940000,0x0000000024a40000)]
  0x000000001d248800 JavaThread "jar transforms Thread 102" [_thread_blocked, id=14628, stack(0x0000000024840000,0x0000000024940000)]
  0x000000001d24c800 JavaThread "jar transforms Thread 101" [_thread_blocked, id=15520, stack(0x0000000024740000,0x0000000024840000)]
  0x000000001d24b800 JavaThread "jar transforms Thread 100" [_thread_blocked, id=15820, stack(0x0000000024640000,0x0000000024740000)]
  0x000000001d24b000 JavaThread "jar transforms Thread 99" [_thread_blocked, id=12692, stack(0x0000000024540000,0x0000000024640000)]
  0x000000001d248000 JavaThread "jar transforms Thread 98" [_thread_blocked, id=8072, stack(0x0000000024440000,0x0000000024540000)]
  0x000000001d240800 JavaThread "jar transforms Thread 97" [_thread_blocked, id=8064, stack(0x0000000024340000,0x0000000024440000)]
  0x000000001d244000 JavaThread "jar transforms Thread 96" [_thread_blocked, id=9440, stack(0x0000000024240000,0x0000000024340000)]
  0x000000001d246800 JavaThread "jar transforms Thread 95" [_thread_blocked, id=8824, stack(0x0000000024140000,0x0000000024240000)]
  0x000000001d241000 JavaThread "jar transforms Thread 94" [_thread_blocked, id=260, stack(0x0000000024040000,0x0000000024140000)]
  0x000000001d243800 JavaThread "jar transforms Thread 93" [_thread_blocked, id=9768, stack(0x0000000023f40000,0x0000000024040000)]
  0x000000001d8be800 JavaThread "Build operations Thread 8" [_thread_blocked, id=12744, stack(0x0000000023e40000,0x0000000023f40000)]
  0x000000001d8bd800 JavaThread "Build operations Thread 7" [_thread_blocked, id=2616, stack(0x0000000023d40000,0x0000000023e40000)]
  0x000000001d8bd000 JavaThread "Build operations Thread 6" [_thread_blocked, id=14036, stack(0x0000000023c40000,0x0000000023d40000)]
  0x000000001d8bf800 JavaThread "Build operations Thread 5" [_thread_blocked, id=5968, stack(0x0000000023b40000,0x0000000023c40000)]
  0x000000001d8bc000 JavaThread "Build operations Thread 4" [_thread_blocked, id=4316, stack(0x0000000023340000,0x0000000023440000)]
  0x000000001d8bb800 JavaThread "Build operations Thread 3" [_thread_blocked, id=9780, stack(0x0000000022b40000,0x0000000022c40000)]
  0x000000001d8ba800 JavaThread "Build operations Thread 2" [_thread_blocked, id=8752, stack(0x0000000021800000,0x0000000021900000)]
  0x000000001d8b3000 JavaThread "Build operations" [_thread_blocked, id=11420, stack(0x0000000021700000,0x0000000021800000)]
  0x000000001d8ba000 JavaThread "Cache worker for cache directory md-rule (C:\Users\Ryrie\.gradle\caches\6.5\md-rule)" [_thread_blocked, id=14584, stack(0x0000000020400000,0x0000000020500000)]
  0x000000001d8b9000 JavaThread "Cache worker for cache directory md-supplier (C:\Users\Ryrie\.gradle\caches\6.5\md-supplier)" [_thread_blocked, id=940, stack(0x000000001ec30000,0x000000001ed30000)]
  0x000000001d8b1800 JavaThread "Cache worker for checksums cache (C:\Users\Ryrie\PLA\.gradle\checksums)" [_thread_blocked, id=2148, stack(0x000000001eb30000,0x000000001ec30000)]
  0x000000001d8b8800 JavaThread "Cache worker for file hash cache (C:\Users\Ryrie\PLA\.gradle\6.5\fileHashes)" [_thread_blocked, id=10872, stack(0x000000001ea30000,0x000000001eb30000)]
  0x000000001d8b7800 JavaThread "Thread-135" [_thread_blocked, id=10064, stack(0x000000001e930000,0x000000001ea30000)]
  0x000000001d8b0000 JavaThread "Stdin handler" [_thread_blocked, id=5568, stack(0x000000001e530000,0x000000001e630000)]
  0x000000001d8b7000 JavaThread "Asynchronous log dispatcher for DefaultDaemonConnection: socket connection from /127.0.0.1:11589 to /127.0.0.1:12074" [_thread_blocked, id=9884, stack(0x000000001df50000,0x000000001e050000)]
  0x000000001d8b4800 JavaThread "Daemon worker Thread 2" [_thread_blocked, id=15976, stack(0x000000001de50000,0x000000001df50000)]
  0x000000001d8b4000 JavaThread "Cancel handler" [_thread_blocked, id=2856, stack(0x00000000016f0000,0x00000000017f0000)]
  0x000000001d8b2800 JavaThread "Handler for socket connection from /127.0.0.1:11589 to /127.0.0.1:12074" [_thread_in_native, id=14972, stack(0x00000000015f0000,0x00000000016f0000)]
  0x000000001d8b1000 JavaThread "Daemon Thread 2" [_thread_blocked, id=13820, stack(0x00000000014f0000,0x00000000015f0000)]
  0x000000001baf0000 JavaThread "Memory manager" [_thread_blocked, id=12320, stack(0x000000002b450000,0x000000002b550000)]
  0x000000001d23f800 JavaThread "Cache worker for file content cache (C:\Users\Ryrie\.gradle\caches\6.5\fileContent)" [_thread_blocked, id=3768, stack(0x0000000023440000,0x0000000023540000)]
  0x000000001a646000 JavaThread "Cache worker for execution history cache (C:\Users\Ryrie\.gradle\caches\6.5\executionHistory)" [_thread_blocked, id=2016, stack(0x0000000022c40000,0x0000000022d40000)]
  0x000000001a64b800 JavaThread "Cache worker for file hash cache (C:\Users\Ryrie\.gradle\caches\6.5\fileHashes)" [_thread_blocked, id=12592, stack(0x000000001f130000,0x000000001f230000)]
  0x000000001a647800 JavaThread "File lock request listener" [_thread_in_native, id=11544, stack(0x000000001f030000,0x000000001f130000)]
  0x000000001c233800 JavaThread "Cache worker for journal cache (C:\Users\Ryrie\.gradle\caches\journal-1)" [_thread_blocked, id=3124, stack(0x000000001ef30000,0x000000001f030000)]
  0x000000001bc9f000 JavaThread "Daemon periodic checks" [_thread_blocked, id=11664, stack(0x000000001e230000,0x000000001e330000)]
  0x000000001ceed800 JavaThread "Incoming local TCP Connector on port 11589" [_thread_in_native, id=12664, stack(0x000000001e050000,0x000000001e150000)]
  0x000000001b505000 JavaThread "Daemon health stats" [_thread_blocked, id=10948, stack(0x000000001dd50000,0x000000001de50000)]
  0x000000001a6e9800 JavaThread "Service Thread" daemon [_thread_blocked, id=10660, stack(0x000000001b1b0000,0x000000001b2b0000)]
  0x000000001a647000 JavaThread "C1 CompilerThread3" daemon [_thread_blocked, id=11028, stack(0x000000001b0b0000,0x000000001b1b0000)]
  0x000000001a649000 JavaThread "C2 CompilerThread2" daemon [_thread_in_native, id=2804, stack(0x000000001afb0000,0x000000001b0b0000)]
=>0x000000001a648800 JavaThread "C2 CompilerThread1" daemon [_thread_in_native, id=15300, stack(0x000000001aeb0000,0x000000001afb0000)]
  0x000000001a642000 JavaThread "C2 CompilerThread0" daemon [_thread_in_native, id=11848, stack(0x000000001adb0000,0x000000001aeb0000)]
  0x000000001a5ee800 JavaThread "Attach Listener" daemon [_thread_blocked, id=9864, stack(0x000000001acb0000,0x000000001adb0000)]
  0x000000001a5ed800 JavaThread "Signal Dispatcher" daemon [_thread_blocked, id=13760, stack(0x000000001abb0000,0x000000001acb0000)]
  0x000000000366e000 JavaThread "Finalizer" daemon [_thread_blocked, id=8096, stack(0x000000001aab0000,0x000000001abb0000)]
  0x0000000003667000 JavaThread "Reference Handler" daemon [_thread_blocked, id=9772, stack(0x000000001a9b0000,0x000000001aab0000)]
  0x0000000003572800 JavaThread "main" [_thread_blocked, id=16508, stack(0x00000000030b0000,0x00000000031b0000)]

Other Threads:
  0x00000000187b6800 VMThread [stack: 0x000000001a4b0000,0x000000001a5b0000] [id=6792]
  0x000000001a6ea000 WatcherThread [stack: 0x000000001b2b0000,0x000000001b3b0000] [id=16516]

VM state:not at safepoint (normal execution)

VM Mutex/Monitor currently owned by a thread: None

heap address: 0x0000000080000000, size: 2048 MB, Compressed Oops mode: 32-bit
Narrow klass base: 0x0000000000000000, Narrow klass shift: 3
Compressed class space size: 1073741824 Address: 0x0000000100000000

Heap:
 PSYoungGen      total 344064K, used 159891K [0x00000000d5580000, 0x00000000ef900000, 0x0000000100000000)
  eden space 314880K, 50% used [0x00000000d5580000,0x00000000df1a4d78,0x00000000e8900000)
  from space 29184K, 0% used [0x00000000eb600000,0x00000000eb600000,0x00000000ed280000)
  to   space 46080K, 0% used [0x00000000e8900000,0x00000000e8900000,0x00000000eb600000)
 ParOldGen       total 104448K, used 103618K [0x0000000080000000, 0x0000000086600000, 0x00000000d5580000)
  object space 104448K, 99% used [0x0000000080000000,0x0000000086530bc8,0x0000000086600000)
 Metaspace       used 90519K, capacity 94900K, committed 97880K, reserved 1134592K
  class space    used 12023K, capacity 12840K, committed 13696K, reserved 1048576K

Card table byte_map: [0x0000000012b10000,0x0000000012f20000] byte_map_base: 0x0000000012710000

Marking Bits: (ParMarkBitMap*) 0x00000000602bf030
 Begin Bits: [0x00000000139d0000, 0x00000000159d0000)
 End Bits:   [0x00000000159d0000, 0x00000000179d0000)

Polling page: 0x00000000018a0000

CodeCache: size=245760Kb used=39059Kb max_used=39433Kb free=206700Kb
 bounds [0x0000000003750000, 0x0000000005e50000, 0x0000000012750000]
 total_blobs=13375 nmethods=12502 adapters=784
 compilation: enabled

Compilation events (10 events):
Event: 1233.786 Thread 0x000000001a642000 nmethod 15261 0x0000000005859110 code [0x0000000005859260, 0x00000000058592f8]
Event: 1233.787 Thread 0x000000001a642000 15231       4       java.lang.invoke.MethodType::makeImpl (66 bytes)
Event: 1233.791 Thread 0x000000001a647000 15264       3       com.android.zipflinger.ZipMap::readLocalFields (93 bytes)
Event: 1233.792 Thread 0x000000001a647000 nmethod 15264 0x0000000005bf47d0 code [0x0000000005bf4a20, 0x0000000005bf5728]
Event: 1233.792 Thread 0x000000001a647000 15265       3       com.android.zipflinger.ZipMap::checkPolicy (98 bytes)
Event: 1233.795 Thread 0x000000001a647000 nmethod 15265 0x00000000041cc750 code [0x00000000041cca00, 0x00000000041cddf8]
Event: 1233.795 Thread 0x000000001a647000 15266   !   3       java.util.zip.Deflater::needsInput (27 bytes)
Event: 1233.795 Thread 0x000000001a647000 nmethod 15266 0x00000000041cc1d0 code [0x00000000041cc340, 0x00000000041cc690]
Event: 1233.796 Thread 0x000000001a647000 15268   !   3       java.util.zip.Deflater::deflate (140 bytes)
Event: 1233.797 Thread 0x000000001a647000 nmethod 15268 0x0000000004aacbd0 code [0x0000000004aacda0, 0x0000000004aad5a8]

GC Heap History (10 events):
Event: 35.271 GC heap before
{Heap before GC invocations=16 (full 3):
 PSYoungGen      total 243200K, used 223744K [0x00000000d5580000, 0x00000000e6e80000, 0x0000000100000000)
  eden space 223744K, 100% used [0x00000000d5580000,0x00000000e3000000,0x00000000e3000000)
  from space 19456K, 0% used [0x00000000e4380000,0x00000000e4380000,0x00000000e5680000)
  to   space 19968K, 0% used [0x00000000e3000000,0x00000000e3000000,0x00000000e4380000)
 ParOldGen       total 104448K, used 29280K [0x0000000080000000, 0x0000000086600000, 0x00000000d5580000)
  object space 104448K, 28% used [0x0000000080000000,0x0000000081c98160,0x0000000086600000)
 Metaspace       used 64012K, capacity 67140K, committed 67288K, reserved 1107968K
  class space    used 8807K, capacity 9405K, committed 9472K, reserved 1048576K
Event: 35.312 GC heap after
Heap after GC invocations=16 (full 3):
 PSYoungGen      total 243712K, used 18706K [0x00000000d5580000, 0x00000000e9780000, 0x0000000100000000)
  eden space 223744K, 0% used [0x00000000d5580000,0x00000000d5580000,0x00000000e3000000)
  from space 19968K, 93% used [0x00000000e3000000,0x00000000e4244a40,0x00000000e4380000)
  to   space 22528K, 0% used [0x00000000e8180000,0x00000000e8180000,0x00000000e9780000)
 ParOldGen       total 104448K, used 29288K [0x0000000080000000, 0x0000000086600000, 0x00000000d5580000)
  object space 104448K, 28% used [0x0000000080000000,0x0000000081c9a160,0x0000000086600000)
 Metaspace       used 64012K, capacity 67140K, committed 67288K, reserved 1107968K
  class space    used 8807K, capacity 9405K, committed 9472K, reserved 1048576K
}
Event: 1216.998 GC heap before
{Heap before GC invocations=17 (full 3):
 PSYoungGen      total 243712K, used 242450K [0x00000000d5580000, 0x00000000e9780000, 0x0000000100000000)
  eden space 223744K, 100% used [0x00000000d5580000,0x00000000e3000000,0x00000000e3000000)
  from space 19968K, 93% used [0x00000000e3000000,0x00000000e4244a40,0x00000000e4380000)
  to   space 22528K, 0% used [0x00000000e8180000,0x00000000e8180000,0x00000000e9780000)
 ParOldGen       total 104448K, used 29288K [0x0000000080000000, 0x0000000086600000, 0x00000000d5580000)
  object space 104448K, 28% used [0x0000000080000000,0x0000000081c9a160,0x0000000086600000)
 Metaspace       used 69752K, capacity 73056K, committed 73432K, reserved 1112064K
  class space    used 9283K, capacity 9863K, committed 9984K, reserved 1048576K
Event: 1217.031 GC heap after
Heap after GC invocations=17 (full 3):
 PSYoungGen      total 297984K, used 22512K [0x00000000d5580000, 0x00000000e9780000, 0x0000000100000000)
  eden space 275456K, 0% used [0x00000000d5580000,0x00000000d5580000,0x00000000e6280000)
  from space 22528K, 99% used [0x00000000e8180000,0x00000000e977c380,0x00000000e9780000)
  to   space 26624K, 0% used [0x00000000e6380000,0x00000000e6380000,0x00000000e7d80000)
 ParOldGen       total 104448K, used 31042K [0x0000000080000000, 0x0000000086600000, 0x00000000d5580000)
  object space 104448K, 29% used [0x0000000080000000,0x0000000081e508f0,0x0000000086600000)
 Metaspace       used 69752K, capacity 73056K, committed 73432K, reserved 1112064K
  class space    used 9283K, capacity 9863K, committed 9984K, reserved 1048576K
}
Event: 1226.398 GC heap before
{Heap before GC invocations=18 (full 3):
 PSYoungGen      total 297984K, used 297968K [0x00000000d5580000, 0x00000000e9780000, 0x0000000100000000)
  eden space 275456K, 100% used [0x00000000d5580000,0x00000000e6280000,0x00000000e6280000)
  from space 22528K, 99% used [0x00000000e8180000,0x00000000e977c380,0x00000000e9780000)
  to   space 26624K, 0% used [0x00000000e6380000,0x00000000e6380000,0x00000000e7d80000)
 ParOldGen       total 104448K, used 31042K [0x0000000080000000, 0x0000000086600000, 0x00000000d5580000)
  object space 104448K, 29% used [0x0000000080000000,0x0000000081e508f0,0x0000000086600000)
 Metaspace       used 80033K, capacity 83670K, committed 83928K, reserved 1122304K
  class space    used 10536K, capacity 11217K, committed 11264K, reserved 1048576K
Event: 1226.458 GC heap after
Heap after GC invocations=18 (full 3):
 PSYoungGen      total 303104K, used 21116K [0x00000000d5580000, 0x00000000ed280000, 0x0000000100000000)
  eden space 276480K, 0% used [0x00000000d5580000,0x00000000d5580000,0x00000000e6380000)
  from space 26624K, 79% used [0x00000000e6380000,0x00000000e781f3e0,0x00000000e7d80000)
  to   space 29184K, 0% used [0x00000000eb600000,0x00000000eb600000,0x00000000ed280000)
 ParOldGen       total 104448K, used 50864K [0x0000000080000000, 0x0000000086600000, 0x00000000d5580000)
  object space 104448K, 48% used [0x0000000080000000,0x00000000831ac308,0x0000000086600000)
 Metaspace       used 80033K, capacity 83670K, committed 83928K, reserved 1122304K
  class space    used 10536K, capacity 11217K, committed 11264K, reserved 1048576K
}
Event: 1230.119 GC heap before
{Heap before GC invocations=19 (full 3):
 PSYoungGen      total 303104K, used 297596K [0x00000000d5580000, 0x00000000ed280000, 0x0000000100000000)
  eden space 276480K, 100% used [0x00000000d5580000,0x00000000e6380000,0x00000000e6380000)
  from space 26624K, 79% used [0x00000000e6380000,0x00000000e781f3e0,0x00000000e7d80000)
  to   space 29184K, 0% used [0x00000000eb600000,0x00000000eb600000,0x00000000ed280000)
 ParOldGen       total 104448K, used 50864K [0x0000000080000000, 0x0000000086600000, 0x00000000d5580000)
  object space 104448K, 48% used [0x0000000080000000,0x00000000831ac308,0x0000000086600000)
 Metaspace       used 90649K, capacity 96664K, committed 96728K, reserved 1132544K
  class space    used 12359K, capacity 13544K, committed 13568K, reserved 1048576K
Event: 1230.208 GC heap after
Heap after GC invocations=19 (full 3):
 PSYoungGen      total 344064K, used 29172K [0x00000000d5580000, 0x00000000ef900000, 0x0000000100000000)
  eden space 314880K, 0% used [0x00000000d5580000,0x00000000d5580000,0x00000000e8900000)
  from space 29184K, 99% used [0x00000000eb600000,0x00000000ed27d0c0,0x00000000ed280000)
  to   space 46080K, 0% used [0x00000000e8900000,0x00000000e8900000,0x00000000eb600000)
 ParOldGen       total 104448K, used 84252K [0x0000000080000000, 0x0000000086600000, 0x00000000d5580000)
  object space 104448K, 80% used [0x0000000080000000,0x0000000085247060,0x0000000086600000)
 Metaspace       used 90649K, capacity 96664K, committed 96728K, reserved 1132544K
  class space    used 12359K, capacity 13544K, committed 13568K, reserved 1048576K
}
Event: 1230.208 GC heap before
{Heap before GC invocations=20 (full 4):
 PSYoungGen      total 344064K, used 29172K [0x00000000d5580000, 0x00000000ef900000, 0x0000000100000000)
  eden space 314880K, 0% used [0x00000000d5580000,0x00000000d5580000,0x00000000e8900000)
  from space 29184K, 99% used [0x00000000eb600000,0x00000000ed27d0c0,0x00000000ed280000)
  to   space 46080K, 0% used [0x00000000e8900000,0x00000000e8900000,0x00000000eb600000)
 ParOldGen       total 104448K, used 84252K [0x0000000080000000, 0x0000000086600000, 0x00000000d5580000)
  object space 104448K, 80% used [0x0000000080000000,0x0000000085247060,0x0000000086600000)
 Metaspace       used 90649K, capacity 96664K, committed 96728K, reserved 1132544K
  class space    used 12359K, capacity 13544K, committed 13568K, reserved 1048576K
Event: 1230.874 GC heap after
Heap after GC invocations=20 (full 4):
 PSYoungGen      total 344064K, used 0K [0x00000000d5580000, 0x00000000ef900000, 0x0000000100000000)
  eden space 314880K, 0% used [0x00000000d5580000,0x00000000d5580000,0x00000000e8900000)
  from space 29184K, 0% used [0x00000000eb600000,0x00000000eb600000,0x00000000ed280000)
  to   space 46080K, 0% used [0x00000000e8900000,0x00000000e8900000,0x00000000eb600000)
 ParOldGen       total 104448K, used 103618K [0x0000000080000000, 0x0000000086600000, 0x00000000d5580000)
  object space 104448K, 99% used [0x0000000080000000,0x0000000086530bc8,0x0000000086600000)
 Metaspace       used 89366K, capacity 93672K, committed 96728K, reserved 1132544K
  class space    used 11897K, capacity 12718K, committed 13568K, reserved 1048576K
}

Deoptimization events (10 events):
Event: 1233.655 Thread 0x000000001fa53800 Uncommon trap: reason=class_check action=maybe_recompile pc=0x0000000005481cac method=com.google.common.collect.ImmutableMap.copyOf(Ljava/util/Map;)Lcom/google/common/collect/ImmutableMap; @ 49
Event: 1233.655 Thread 0x000000001fa53800 Uncommon trap: reason=class_check action=maybe_recompile pc=0x000000000547ae2c method=com.google.common.collect.Iterables.castOrCopyToCollection(Ljava/lang/Iterable;)Ljava/util/Collection; @ 1
Event: 1233.655 Thread 0x000000001fa53800 Uncommon trap: reason=class_check action=maybe_recompile pc=0x0000000005481cac method=com.google.common.collect.ImmutableMap.copyOf(Ljava/util/Map;)Lcom/google/common/collect/ImmutableMap; @ 49
Event: 1233.655 Thread 0x000000001fa53800 Uncommon trap: reason=class_check action=maybe_recompile pc=0x000000000547ae2c method=com.google.common.collect.Iterables.castOrCopyToCollection(Ljava/lang/Iterable;)Ljava/util/Collection; @ 1
Event: 1233.655 Thread 0x000000001fa53800 Uncommon trap: reason=class_check action=maybe_recompile pc=0x0000000005481cac method=com.google.common.collect.ImmutableMap.copyOf(Ljava/util/Map;)Lcom/google/common/collect/ImmutableMap; @ 49
Event: 1233.655 Thread 0x000000001fa53800 Uncommon trap: reason=class_check action=maybe_recompile pc=0x000000000547ae2c method=com.google.common.collect.Iterables.castOrCopyToCollection(Ljava/lang/Iterable;)Ljava/util/Collection; @ 1
Event: 1233.655 Thread 0x000000001fa53800 Uncommon trap: reason=class_check action=maybe_recompile pc=0x0000000005481cac method=com.google.common.collect.ImmutableMap.copyOf(Ljava/util/Map;)Lcom/google/common/collect/ImmutableMap; @ 49
Event: 1233.655 Thread 0x000000001fa53800 Uncommon trap: reason=class_check action=maybe_recompile pc=0x000000000547ae2c method=com.google.common.collect.Iterables.castOrCopyToCollection(Ljava/lang/Iterable;)Ljava/util/Collection; @ 1
Event: 1233.694 Thread 0x000000001fa53800 Uncommon trap: reason=unstable_if action=reinterpret pc=0x00000000049ac450 method=java.util.stream.StreamOpFlag.getMask(I)I @ 1
Event: 1233.777 Thread 0x000000001fa53800 Uncommon trap: reason=unstable_if action=reinterpret pc=0x0000000004911b48 method=java.util.Spliterators$ArraySpliterator.forEachRemaining(Ljava/util/function/Consumer;)V @ 46

Classes redefined (0 events):
No events

Internal exceptions (10 events):
Event: 1229.791 Thread 0x000000001d2db800 Implicit null exception at 0x00000000038ec5af to 0x00000000038ec6a1
Event: 1229.791 Thread 0x000000001d2e2800 Implicit null exception at 0x00000000038ec5af to 0x00000000038ec6a1
Event: 1229.791 Thread 0x000000001d2e4000 Implicit null exception at 0x00000000038ec5af to 0x00000000038ec6a1
Event: 1229.791 Thread 0x000000001d2e6000 Implicit null exception at 0x00000000038ec5af to 0x00000000038ec6a1
Event: 1231.293 Thread 0x000000001d2df800 Implicit null exception at 0x0000000005b11d65 to 0x0000000005b13f3d
Event: 1232.391 Thread 0x000000001d2e5800 Implicit null exception at 0x00000000039938cf to 0x0000000003993a3d
Event: 1233.443 Thread 0x000000001d2e5800 Exception <a 'sun/nio/fs/WindowsException'> (0x00000000dddbd2a8) thrown at [C:\src\AOSP-openjdk-git\hotspot\src\share\vm\prims\jni.cpp, line 710]
Event: 1233.606 Thread 0x000000001fa53800 Exception <a 'java/lang/NoSuchMethodError': java.lang.Object.lambda$asRunnable$0(Lcom/android/tools/build/apkzlib/utils/IOExceptionRunnable;)V> (0x00000000de401fd8) thrown at [C:\src\AOSP-openjdk-git\hotspot\src\share\vm\interpreter\linkResolver.cpp, line
Event: 1233.668 Thread 0x000000001fa53800 Exception <a 'java/lang/NoSuchMethodError': java.lang.Object.newSystemTemporaryDirectory()Lcom/android/tools/build/apkzlib/bytestorage/TemporaryDirectory;> (0x00000000de52a308) thrown at [C:\src\AOSP-openjdk-git\hotspot\src\share\vm\interpreter\linkResolv
Event: 1233.773 Thread 0x000000001fa53800 Exception <a 'java/lang/NoSuchMethodError': java.lang.Object.lambda$static$0(Lcom/android/apksig/util/RunnablesProvider;)V> (0x00000000de796878) thrown at [C:\src\AOSP-openjdk-git\hotspot\src\share\vm\interpreter\linkResolver.cpp, line 620]

Events (10 events):
Event: 1233.784 loading class com/android/zipflinger/ZipSource
Event: 1233.784 loading class com/android/zipflinger/ZipSource done
Event: 1233.785 loading class com/android/zipflinger/ZipSourceEntry
Event: 1233.785 loading class com/android/zipflinger/ZipSourceEntry done
Event: 1233.786 loading class com/android/zipflinger/ZipSourceEntryInflater
Event: 1233.786 loading class com/android/zipflinger/ZipSourceEntryInflater done
Event: 1233.787 loading class com/android/zipflinger/ZipSourceEntryDeflater
Event: 1233.787 loading class com/android/zipflinger/ZipSourceEntryDeflater done
Event: 1233.789 loading class com/android/zipflinger/Compressor
Event: 1233.789 loading class com/android/zipflinger/Compressor done


Dynamic libraries:
0x00007ff7501a0000 - 0x00007ff7501d1000 	C:\Program Files\Android\Android Studio\jre\bin\java.exe
0x00007ffb53750000 - 0x00007ffb53945000 	C:\WINDOWS\SYSTEM32\ntdll.dll
0x00007ffb53650000 - 0x00007ffb5370d000 	C:\WINDOWS\System32\KERNEL32.DLL
0x00007ffb51450000 - 0x00007ffb51718000 	C:\WINDOWS\System32\KERNELBASE.dll
0x00007ffb520f0000 - 0x00007ffb5219c000 	C:\WINDOWS\System32\ADVAPI32.dll
0x00007ffb53360000 - 0x00007ffb533fe000 	C:\WINDOWS\System32\msvcrt.dll
0x00007ffb51f30000 - 0x00007ffb51fcb000 	C:\WINDOWS\System32\sechost.dll
0x00007ffb51bd0000 - 0x00007ffb51cfb000 	C:\WINDOWS\System32\RPCRT4.dll
0x00007ffb53190000 - 0x00007ffb53330000 	C:\WINDOWS\System32\USER32.dll
0x00007ffb50f60000 - 0x00007ffb50f82000 	C:\WINDOWS\System32\win32u.dll
0x00007ffb53330000 - 0x00007ffb5335a000 	C:\WINDOWS\System32\GDI32.dll
0x00007ffb51340000 - 0x00007ffb5144b000 	C:\WINDOWS\System32\gdi32full.dll
0x00007ffb512a0000 - 0x00007ffb5133d000 	C:\WINDOWS\System32\msvcp_win.dll
0x00007ffb51040000 - 0x00007ffb51140000 	C:\WINDOWS\System32\ucrtbase.dll
0x00007ffb3ef30000 - 0x00007ffb3f1ca000 	C:\WINDOWS\WinSxS\amd64_microsoft.windows.common-controls_6595b64144ccf1df_6.0.19041.844_none_ca00b6081b84eb1d\COMCTL32.dll
0x00007ffb534e0000 - 0x00007ffb53510000 	C:\WINDOWS\System32\IMM32.DLL
0x000000005f930000 - 0x000000005fa02000 	C:\Program Files\Android\Android Studio\jre\jre\bin\msvcr100.dll
0x000000005faf0000 - 0x000000006033b000 	C:\Program Files\Android\Android Studio\jre\jre\bin\server\jvm.dll
0x00007ffb51f20000 - 0x00007ffb51f28000 	C:\WINDOWS\System32\PSAPI.DLL
0x00007ffb3e920000 - 0x00007ffb3e929000 	C:\WINDOWS\SYSTEM32\WSOCK32.dll
0x00007ffb53510000 - 0x00007ffb5357b000 	C:\WINDOWS\System32\WS2_32.dll
0x00007ffb41f80000 - 0x00007ffb41fa7000 	C:\WINDOWS\SYSTEM32\WINMM.dll
0x00007ffb448e0000 - 0x00007ffb448ea000 	C:\WINDOWS\SYSTEM32\VERSION.dll
0x00007ffb4dc00000 - 0x00007ffb4dc0f000 	C:\Program Files\Android\Android Studio\jre\jre\bin\verify.dll
0x00007ffb4be20000 - 0x00007ffb4be49000 	C:\Program Files\Android\Android Studio\jre\jre\bin\java.dll
0x00007ffb4b1d0000 - 0x00007ffb4b1e6000 	C:\Program Files\Android\Android Studio\jre\jre\bin\zip.dll
0x00007ffb52430000 - 0x00007ffb52b72000 	C:\WINDOWS\System32\SHELL32.dll
0x00007ffb4eeb0000 - 0x00007ffb4f641000 	C:\WINDOWS\SYSTEM32\windows.storage.dll
0x00007ffb51870000 - 0x00007ffb51bc5000 	C:\WINDOWS\System32\combase.dll
0x00007ffb50830000 - 0x00007ffb5085c000 	C:\WINDOWS\SYSTEM32\Wldp.dll
0x00007ffb51d00000 - 0x00007ffb51dae000 	C:\WINDOWS\System32\SHCORE.dll
0x00007ffb53480000 - 0x00007ffb534d5000 	C:\WINDOWS\System32\shlwapi.dll
0x00007ffb50dd0000 - 0x00007ffb50def000 	C:\WINDOWS\SYSTEM32\profapi.dll
0x00007ffb4b1b0000 - 0x00007ffb4b1ca000 	C:\Program Files\Android\Android Studio\jre\jre\bin\net.dll
0x00007ffb505a0000 - 0x00007ffb5060a000 	C:\WINDOWS\system32\mswsock.dll
0x00007ffb4b190000 - 0x00007ffb4b1a3000 	C:\Program Files\Android\Android Studio\jre\jre\bin\nio.dll
0x00007ffb3ee80000 - 0x00007ffb3eea7000 	C:\Users\Ryrie\.gradle\native\f6784746aeab05261644944871eae4fe03e0ef1612fff0a4a95f87b438bc6780\windows-amd64\native-platform.dll
0x00007ffb4dbf0000 - 0x00007ffb4dbfd000 	C:\Program Files\Android\Android Studio\jre\jre\bin\management.dll
0x00007ffb50770000 - 0x00007ffb50788000 	C:\WINDOWS\SYSTEM32\CRYPTSP.dll
0x00007ffb4ff40000 - 0x00007ffb4ff74000 	C:\WINDOWS\system32\rsaenh.dll
0x00007ffb51780000 - 0x00007ffb517a7000 	C:\WINDOWS\System32\bcrypt.dll
0x00007ffb50d50000 - 0x00007ffb50d7e000 	C:\WINDOWS\SYSTEM32\USERENV.dll
0x00007ffb50e90000 - 0x00007ffb50f10000 	C:\WINDOWS\System32\bcryptprimitives.dll
0x00007ffb50790000 - 0x00007ffb5079c000 	C:\WINDOWS\SYSTEM32\CRYPTBASE.dll
0x00007ffb50290000 - 0x00007ffb502cb000 	C:\WINDOWS\SYSTEM32\IPHLPAPI.DLL
0x00007ffb53120000 - 0x00007ffb53128000 	C:\WINDOWS\System32\NSI.dll
0x00007ffb48180000 - 0x00007ffb48197000 	C:\WINDOWS\SYSTEM32\dhcpcsvc6.DLL
0x00007ffb48040000 - 0x00007ffb4805d000 	C:\WINDOWS\SYSTEM32\dhcpcsvc.DLL
0x00007ffb502d0000 - 0x00007ffb5039c000 	C:\WINDOWS\SYSTEM32\DNSAPI.dll
0x00007ffb4bae0000 - 0x00007ffb4baeb000 	C:\WINDOWS\SYSTEM32\WINNSI.DLL

VM Arguments:
jvm_args: -Xmx2048m -Dfile.encoding=UTF-8 -Duser.country=KR -Duser.language=ko -Duser.variant 
java_command: org.gradle.launcher.daemon.bootstrap.GradleDaemon 6.5
java_class_path (initial): C:\Users\Ryrie\.gradle\wrapper\dists\gradle-6.5-bin\6nifqtx7604sqp1q6g8wikw7p\gradle-6.5\lib\gradle-launcher-6.5.jar
Launcher Type: SUN_STANDARD

Environment Variables:
JAVA_HOME=C:\Program Files\Java\jdk-11.0.6
PATH=C:\app\Ryrie\product\11.2.0\dbhome_1\bin;C:\Utill\Python\Python37-32\Scripts\;C:\Utill\Python\Python37-32\;C:\Program Files (x86)\Intel\iCLS Client\;C:\Program Files\Intel\iCLS Client\;C:\WINDOWS\system32;C:\WINDOWS;C:\WINDOWS\System32\Wbem;C:\WINDOWS\System32\WindowsPowerShell\v1.0\;C:\Program Files\Intel\WiFi\bin\;C:\Program Files\Common Files\Intel\WirelessCommon\;C:\Program Files (x86)\Intel\Intel(R) Management Engine Components\DAL;C:\Program Files\Intel\Intel(R) Management Engine Components\DAL;C:\Program Files (x86)\Intel\Intel(R) Management Engine Components\IPT;C:\Program Files\Intel\Intel(R) Management Engine Components\IPT;C:\Program Files\dotnet\;C:\WINDOWS\System32\OpenSSH\;C:\Program Files\MySQL\MySQL Server 8.0\bin;C:\Program Files\Java\jdk-11.0.6\bin;C:\Program Files\Git\cmd;C:\Users\Ryrie\AppData\Local\Android\Sdk\platform-tools;C:\Utill\Python\Python37\Scripts\;C:\Utill\Python\Python37\;C:\Program Files\MySQL\MySQL Shell 8.0\bin\;C:\Users\Ryrie\AppData\Local\Microsoft\WindowsApps;C:\Users\Ryrie\AppData\Local\atom\bin;C:\Users\Ryrie\AppData\Local\GitHubDesktop\bin
USERNAME=Ryrie
OS=Windows_NT
PROCESSOR_IDENTIFIER=Intel64 Family 6 Model 142 Stepping 10, GenuineIntel



---------------  S Y S T E M  ---------------

OS: Windows 10.0 , 64 bit Build 19041 (10.0.19041.928)

CPU:total 8 (initial active 8) (4 cores per cpu, 2 threads per core) family 6 model 142 stepping 10, cmov, cx8, fxsr, mmx, sse, sse2, sse3, ssse3, sse4.1, sse4.2, popcnt, avx, avx2, aes, clmul, erms, 3dnowpref, lzcnt, ht, tsc, tscinvbit, bmi1, bmi2, adx

Memory: 4k page, physical 8217872k(522336k free), swap 11289872k(6108k free)

vm_info: OpenJDK 64-Bit Server VM (25.242-b01) for windows-amd64 JRE (1.8.0_242-release-1644-b01), built by "builder" with MS VC++ 10.0 (VS2010)

time: Sat Apr 24 17:00:55 2021
timezone: 대한민국 표준시
elapsed time: 1233 seconds (0d 0h 20m 33s)

