#
# There is insufficient memory for the Java Runtime Environment to continue.
# Native memory allocation (malloc) failed to allocate 202512 bytes for Chunk::new
# Possible reasons:
#   The system is out of physical RAM or swap space
#   The process is running with CompressedOops enabled, and the Java Heap may be blocking the growth of the native heap
# Possible solutions:
#   Reduce memory load on the system
#   Increase physical memory or swap space
#   Check if swap backing store is full
#   Decrease Java heap size (-Xmx/-Xms)
#   Decrease number of Java threads
#   Decrease Java thread stack sizes (-Xss)
#   Set larger code cache with -XX:ReservedCodeCacheSize=
#   JVM is running with Unscaled Compressed Oops mode in which the Java heap is
#     placed in the first 4GB address space. The Java Heap base address is the
#     maximum limit for the native heap growth. Please use -XX:HeapBaseMinAddress
#     to set the Java Heap base and to place the Java Heap above 4GB virtual address.
# This output file may be truncated or incomplete.
#
#  Out of Memory Error (allocation.cpp:389), pid=14664, tid=0x0000000000003b7c
#
# JRE version: OpenJDK Runtime Environment (8.0_242-b01) (build 1.8.0_242-release-1644-b01)
# Java VM: OpenJDK 64-Bit Server VM (25.242-b01 mixed mode windows-amd64 compressed oops)
# Failed to write core dump. Minidumps are not enabled by default on client versions of Windows
#

---------------  T H R E A D  ---------------

Current thread (0x00000000196aa800):  JavaThread "C2 CompilerThread1" daemon [_thread_in_native, id=15228, stack(0x000000001a000000,0x000000001a100000)]

Stack: [0x000000001a000000,0x000000001a100000]
[error occurred during error reporting (printing stack bounds), id 0xc0000005]

Native frames: (J=compiled Java code, j=interpreted, Vv=VM code, C=native code)


Current CompileTask:
C2:  13542 4174       4       org.objectweb.asm.MethodWriter::computeAllFrames (510 bytes)


---------------  P R O C E S S  ---------------

Java Threads: ( => current thread )
  0x000000002148d800 JavaThread "Cache worker for Build Output Cleanup Cache (C:\Users\Ryrie\PLA\.gradle\buildOutputCleanup)" [_thread_blocked, id=13040, stack(0x000000002a270000,0x000000002a370000)]
  0x000000002148f000 JavaThread "jar transforms Thread 92" [_thread_blocked, id=15720, stack(0x0000000029f70000,0x000000002a070000)]
  0x0000000021486800 JavaThread "jar transforms Thread 91" [_thread_blocked, id=14500, stack(0x0000000029e70000,0x0000000029f70000)]
  0x000000002148b000 JavaThread "jar transforms Thread 90" [_thread_blocked, id=15476, stack(0x0000000029d70000,0x0000000029e70000)]
  0x000000002148a800 JavaThread "jar transforms Thread 89" [_thread_blocked, id=10800, stack(0x0000000029c70000,0x0000000029d70000)]
  0x000000002148c800 JavaThread "jar transforms Thread 88" [_thread_blocked, id=6636, stack(0x0000000029b70000,0x0000000029c70000)]
  0x0000000021489800 JavaThread "jar transforms Thread 87" [_thread_blocked, id=8676, stack(0x0000000029a70000,0x0000000029b70000)]
  0x0000000021488800 JavaThread "jar transforms Thread 86" [_thread_blocked, id=13752, stack(0x0000000029970000,0x0000000029a70000)]
  0x0000000021484000 JavaThread "jar transforms Thread 85" [_thread_blocked, id=3036, stack(0x0000000029870000,0x0000000029970000)]
  0x0000000021485000 JavaThread "jar transforms Thread 84" [_thread_blocked, id=8640, stack(0x0000000029770000,0x0000000029870000)]
  0x0000000021487000 JavaThread "jar transforms Thread 83" [_thread_blocked, id=2432, stack(0x0000000029670000,0x0000000029770000)]
  0x0000000021481000 JavaThread "jar transforms Thread 82" [_thread_blocked, id=5452, stack(0x0000000029570000,0x0000000029670000)]
  0x0000000021488000 JavaThread "jar transforms Thread 81" [_thread_blocked, id=4900, stack(0x0000000029470000,0x0000000029570000)]
  0x0000000021482800 JavaThread "jar transforms Thread 80" [_thread_blocked, id=12432, stack(0x0000000029370000,0x0000000029470000)]
  0x000000002147f800 JavaThread "jar transforms Thread 79" [_thread_blocked, id=7192, stack(0x0000000029270000,0x0000000029370000)]
  0x0000000021485800 JavaThread "jar transforms Thread 78" [_thread_blocked, id=12916, stack(0x0000000029070000,0x0000000029170000)]
  0x0000000021480800 JavaThread "jar transforms Thread 77" [_thread_blocked, id=16392, stack(0x0000000028f70000,0x0000000029070000)]
  0x0000000021482000 JavaThread "jar transforms Thread 76" [_thread_blocked, id=8420, stack(0x0000000028e70000,0x0000000028f70000)]
  0x0000000021483800 JavaThread "jar transforms Thread 75" [_thread_blocked, id=17092, stack(0x0000000028d70000,0x0000000028e70000)]
  0x0000000020f29800 JavaThread "jar transforms Thread 74" [_thread_blocked, id=14532, stack(0x0000000028c70000,0x0000000028d70000)]
  0x0000000020f2c800 JavaThread "jar transforms Thread 73" [_thread_blocked, id=8160, stack(0x0000000028b70000,0x0000000028c70000)]
  0x0000000020f2d800 JavaThread "jar transforms Thread 72" [_thread_blocked, id=12024, stack(0x0000000028a70000,0x0000000028b70000)]
  0x0000000020f2c000 JavaThread "jar transforms Thread 71" [_thread_blocked, id=11420, stack(0x0000000028970000,0x0000000028a70000)]
  0x0000000020f2b000 JavaThread "jar transforms Thread 70" [_thread_blocked, id=13064, stack(0x0000000028870000,0x0000000028970000)]
  0x0000000020f2a800 JavaThread "jar transforms Thread 69" [_thread_blocked, id=11000, stack(0x0000000028770000,0x0000000028870000)]
  0x0000000020f22000 JavaThread "jar transforms Thread 68" [_thread_blocked, id=4148, stack(0x0000000028670000,0x0000000028770000)]
  0x0000000020f29000 JavaThread "jar transforms Thread 67" [_thread_blocked, id=12640, stack(0x0000000028570000,0x0000000028670000)]
  0x0000000020f23800 JavaThread "jar transforms Thread 66" [_thread_blocked, id=1124, stack(0x0000000028470000,0x0000000028570000)]
  0x0000000020f27800 JavaThread "jar transforms Thread 65" [_thread_blocked, id=12520, stack(0x0000000028370000,0x0000000028470000)]
  0x0000000020f26800 JavaThread "jar transforms Thread 64" [_thread_blocked, id=11848, stack(0x0000000028270000,0x0000000028370000)]
  0x0000000020f26000 JavaThread "jar transforms Thread 63" [_thread_blocked, id=9760, stack(0x0000000028170000,0x0000000028270000)]
  0x0000000020f28000 JavaThread "jar transforms Thread 62" [_thread_blocked, id=15968, stack(0x0000000028070000,0x0000000028170000)]
  0x0000000020f1e800 JavaThread "jar transforms Thread 61" [_thread_blocked, id=6524, stack(0x0000000027f70000,0x0000000028070000)]
  0x0000000020f23000 JavaThread "jar transforms Thread 60" [_thread_blocked, id=17172, stack(0x0000000027e70000,0x0000000027f70000)]
  0x0000000020f21800 JavaThread "jar transforms Thread 59" [_thread_blocked, id=15500, stack(0x0000000027d70000,0x0000000027e70000)]
  0x0000000020f25000 JavaThread "jar transforms Thread 58" [_thread_blocked, id=11176, stack(0x0000000027c70000,0x0000000027d70000)]
  0x0000000020f24800 JavaThread "jar transforms Thread 57" [_thread_blocked, id=16492, stack(0x0000000027b70000,0x0000000027c70000)]
  0x0000000020f20800 JavaThread "jar transforms Thread 56" [_thread_blocked, id=2236, stack(0x0000000027a70000,0x0000000027b70000)]
  0x0000000020f1f000 JavaThread "jar transforms Thread 55" [_thread_blocked, id=8308, stack(0x0000000027970000,0x0000000027a70000)]
  0x0000000020f20000 JavaThread "jar transforms Thread 54" [_thread_blocked, id=12072, stack(0x0000000027870000,0x0000000027970000)]
  0x000000001f706800 JavaThread "jar transforms Thread 53" [_thread_blocked, id=6136, stack(0x0000000027770000,0x0000000027870000)]
  0x000000001f703800 JavaThread "jar transforms Thread 52" [_thread_blocked, id=6348, stack(0x0000000027670000,0x0000000027770000)]
  0x000000001f709800 JavaThread "jar transforms Thread 51" [_thread_blocked, id=15712, stack(0x0000000027570000,0x0000000027670000)]
  0x000000001f705000 JavaThread "jar transforms Thread 50" [_thread_blocked, id=16896, stack(0x0000000027470000,0x0000000027570000)]
  0x000000001f704800 JavaThread "jar transforms Thread 49" [_thread_blocked, id=10844, stack(0x0000000027370000,0x0000000027470000)]
  0x000000001f708000 JavaThread "jar transforms Thread 48" [_thread_blocked, id=15324, stack(0x0000000027270000,0x0000000027370000)]
  0x000000001f707800 JavaThread "jar transforms Thread 47" [_thread_blocked, id=16140, stack(0x0000000027170000,0x0000000027270000)]
  0x000000001f709000 JavaThread "jar transforms Thread 46" [_thread_blocked, id=11660, stack(0x0000000027070000,0x0000000027170000)]
  0x000000001f706000 JavaThread "jar transforms Thread 45" [_thread_blocked, id=6548, stack(0x0000000026f70000,0x0000000027070000)]
  0x000000001f6fc000 JavaThread "jar transforms Thread 44" [_thread_blocked, id=9168, stack(0x0000000026e70000,0x0000000026f70000)]
  0x000000001f703000 JavaThread "jar transforms Thread 43" [_thread_blocked, id=13584, stack(0x0000000026d70000,0x0000000026e70000)]
  0x000000001f6fd000 JavaThread "jar transforms Thread 42" [_thread_blocked, id=15288, stack(0x0000000026c70000,0x0000000026d70000)]
  0x000000001f6fb800 JavaThread "jar transforms Thread 41" [_thread_blocked, id=5016, stack(0x0000000026b70000,0x0000000026c70000)]
  0x000000001f702000 JavaThread "jar transforms Thread 40" [_thread_blocked, id=3172, stack(0x0000000026a70000,0x0000000026b70000)]
  0x000000001f6fd800 JavaThread "jar transforms Thread 39" [_thread_blocked, id=10392, stack(0x0000000026970000,0x0000000026a70000)]
  0x000000001f6fa800 JavaThread "jar transforms Thread 38" [_thread_blocked, id=4932, stack(0x0000000026870000,0x0000000026970000)]
  0x000000001f700000 JavaThread "jar transforms Thread 37" [_thread_blocked, id=8444, stack(0x0000000026770000,0x0000000026870000)]
  0x000000001f701800 JavaThread "jar transforms Thread 36" [_thread_blocked, id=14852, stack(0x0000000026670000,0x0000000026770000)]
  0x000000001f6fe800 JavaThread "jar transforms Thread 35" [_thread_blocked, id=10024, stack(0x0000000026570000,0x0000000026670000)]
  0x000000001f6ff000 JavaThread "jar transforms Thread 34" [_thread_blocked, id=6504, stack(0x0000000026470000,0x0000000026570000)]
  0x000000001f700800 JavaThread "jar transforms Thread 33" [_thread_blocked, id=13204, stack(0x0000000026370000,0x0000000026470000)]
  0x000000001ea83000 JavaThread "jar transforms Thread 32" [_thread_blocked, id=9972, stack(0x0000000026270000,0x0000000026370000)]
  0x000000001ea82800 JavaThread "jar transforms Thread 31" [_thread_blocked, id=13820, stack(0x0000000026170000,0x0000000026270000)]
  0x000000001ea88800 JavaThread "jar transforms Thread 30" [_thread_blocked, id=7888, stack(0x0000000026070000,0x0000000026170000)]
  0x000000001ea87800 JavaThread "jar transforms Thread 29" [_thread_blocked, id=10884, stack(0x0000000025f70000,0x0000000026070000)]
  0x000000001ea87000 JavaThread "jar transforms Thread 28" [_thread_blocked, id=5456, stack(0x0000000025e70000,0x0000000025f70000)]
  0x000000001ea85800 JavaThread "jar transforms Thread 27" [_thread_blocked, id=14896, stack(0x0000000025d70000,0x0000000025e70000)]
  0x000000001ea84800 JavaThread "jar transforms Thread 26" [_thread_blocked, id=6756, stack(0x0000000025c70000,0x0000000025d70000)]
  0x000000001ea84000 JavaThread "jar transforms Thread 25" [_thread_blocked, id=460, stack(0x0000000025b70000,0x0000000025c70000)]
  0x000000001ea7f000 JavaThread "jar transforms Thread 24" [_thread_blocked, id=3840, stack(0x0000000025a70000,0x0000000025b70000)]
  0x000000001ea86000 JavaThread "jar transforms Thread 23" [_thread_blocked, id=14888, stack(0x0000000025970000,0x0000000025a70000)]
  0x000000001ea7b800 JavaThread "jar transforms Thread 22" [_thread_blocked, id=6044, stack(0x0000000025870000,0x0000000025970000)]
  0x000000001ea7d000 JavaThread "jar transforms Thread 21" [_thread_blocked, id=12192, stack(0x0000000025770000,0x0000000025870000)]
  0x000000001ea81800 JavaThread "jar transforms Thread 20" [_thread_blocked, id=2536, stack(0x0000000025670000,0x0000000025770000)]
  0x000000001ea80000 JavaThread "jar transforms Thread 19" [_thread_blocked, id=4136, stack(0x0000000025570000,0x0000000025670000)]
  0x000000001ea7d800 JavaThread "jar transforms Thread 18" [_thread_blocked, id=7400, stack(0x0000000025470000,0x0000000025570000)]
  0x000000001ea7a000 JavaThread "jar transforms Thread 17" [_thread_blocked, id=11932, stack(0x0000000025370000,0x0000000025470000)]
  0x000000001ea80800 JavaThread "jar transforms Thread 16" [_thread_blocked, id=10688, stack(0x0000000025270000,0x0000000025370000)]
  0x000000001ea7e800 JavaThread "jar transforms Thread 15" [_thread_blocked, id=13208, stack(0x0000000025170000,0x0000000025270000)]
  0x000000001ea7c000 JavaThread "jar transforms Thread 14" [_thread_blocked, id=17148, stack(0x0000000025070000,0x0000000025170000)]
  0x000000001ea79000 JavaThread "jar transforms Thread 13" [_thread_blocked, id=2360, stack(0x0000000024f70000,0x0000000025070000)]
  0x000000001ea7a800 JavaThread "jar transforms Thread 12" [_thread_blocked, id=10656, stack(0x0000000024e70000,0x0000000024f70000)]
  0x000000001af3e000 JavaThread "jar transforms Thread 11" [_thread_blocked, id=13432, stack(0x0000000024d70000,0x0000000024e70000)]
  0x000000001af3d800 JavaThread "jar transforms Thread 10" [_thread_blocked, id=10020, stack(0x0000000024c70000,0x0000000024d70000)]
  0x000000001af3c800 JavaThread "jar transforms Thread 9" [_thread_blocked, id=15552, stack(0x0000000024b70000,0x0000000024c70000)]
  0x000000001af3b000 JavaThread "jar transforms Thread 8" [_thread_blocked, id=15284, stack(0x0000000024a70000,0x0000000024b70000)]
  0x000000001af3a800 JavaThread "jar transforms Thread 7" [_thread_blocked, id=3020, stack(0x0000000024970000,0x0000000024a70000)]
  0x000000001af3c000 JavaThread "jar transforms Thread 6" [_thread_blocked, id=7064, stack(0x0000000024870000,0x0000000024970000)]
  0x000000001af39800 JavaThread "jar transforms Thread 5" [_thread_blocked, id=5400, stack(0x0000000024770000,0x0000000024870000)]
  0x000000001af32000 JavaThread "jar transforms Thread 4" [_thread_blocked, id=12372, stack(0x0000000024670000,0x0000000024770000)]
  0x000000001af39000 JavaThread "jar transforms Thread 3" [_thread_blocked, id=14224, stack(0x0000000024570000,0x0000000024670000)]
  0x000000001af38000 JavaThread "jar transforms Thread 2" [_thread_blocked, id=10200, stack(0x0000000024470000,0x0000000024570000)]
  0x000000001af37800 JavaThread "Build operations Thread 8" [_thread_blocked, id=15156, stack(0x0000000024370000,0x0000000024470000)]
  0x000000001af35000 JavaThread "Build operations Thread 7" [_thread_blocked, id=10852, stack(0x0000000024270000,0x0000000024370000)]
  0x000000001af30000 JavaThread "Build operations Thread 6" [_thread_blocked, id=6628, stack(0x0000000024170000,0x0000000024270000)]
  0x000000001af31800 JavaThread "Build operations Thread 5" [_thread_blocked, id=11364, stack(0x0000000024070000,0x0000000024170000)]
  0x000000001af33800 JavaThread "Build operations Thread 4" [_thread_blocked, id=9108, stack(0x0000000023f70000,0x0000000024070000)]
  0x000000001af33000 JavaThread "Build operations Thread 3" [_thread_blocked, id=12568, stack(0x0000000023e70000,0x0000000023f70000)]
  0x000000001af36800 JavaThread "Build operations Thread 2" [_thread_blocked, id=11748, stack(0x0000000023d70000,0x0000000023e70000)]
  0x000000001af36000 JavaThread "Build operations" [_thread_blocked, id=2936, stack(0x0000000023c70000,0x0000000023d70000)]
  0x000000001b4ec800 JavaThread "Cache worker for file content cache (C:\Users\Ryrie\.gradle\caches\6.5\fileContent)" [_thread_blocked, id=3404, stack(0x00000000225a0000,0x00000000226a0000)]
  0x000000001b4f3800 JavaThread "jar transforms" [_thread_blocked, id=4768, stack(0x00000000224a0000,0x00000000225a0000)]
  0x000000001b4ee000 JavaThread "Cache worker for execution history cache (C:\Users\Ryrie\.gradle\caches\6.5\executionHistory)" [_thread_blocked, id=7364, stack(0x0000000021da0000,0x0000000021ea0000)]
  0x000000001b4f2000 JavaThread "Cache worker for cache directory md-rule (C:\Users\Ryrie\.gradle\caches\6.5\md-rule)" [_thread_blocked, id=6388, stack(0x0000000021ca0000,0x0000000021da0000)]
  0x000000001b4f2800 JavaThread "Cache worker for cache directory md-supplier (C:\Users\Ryrie\.gradle\caches\6.5\md-supplier)" [_thread_blocked, id=13884, stack(0x0000000020950000,0x0000000020a50000)]
  0x000000001b4f0800 JavaThread "Cache worker for checksums cache (C:\Users\Ryrie\PLA\.gradle\checksums)" [_thread_blocked, id=13112, stack(0x0000000020850000,0x0000000020950000)]
  0x000000001b4f1000 JavaThread "Cache worker for file hash cache (C:\Users\Ryrie\PLA\.gradle\6.5\fileHashes)" [_thread_blocked, id=4656, stack(0x000000001e380000,0x000000001e480000)]
  0x000000001b4ef000 JavaThread "Cache worker for file hash cache (C:\Users\Ryrie\.gradle\caches\6.5\fileHashes)" [_thread_blocked, id=5192, stack(0x000000001e280000,0x000000001e380000)]
  0x000000001b4ef800 JavaThread "File lock request listener" [_thread_in_native, id=10572, stack(0x000000001e180000,0x000000001e280000)]
  0x00000000199e8000 JavaThread "Cache worker for journal cache (C:\Users\Ryrie\.gradle\caches\journal-1)" [_thread_blocked, id=15232, stack(0x000000001e080000,0x000000001e180000)]
  0x000000001a655800 JavaThread "Thread-9" [_thread_blocked, id=11824, stack(0x000000001dd80000,0x000000001de80000)]
  0x000000001a610800 JavaThread "Stdin handler" [_thread_blocked, id=13000, stack(0x000000001dc80000,0x000000001dd80000)]
  0x000000001a60c000 JavaThread "Asynchronous log dispatcher for DefaultDaemonConnection: socket connection from /127.0.0.1:5797 to /127.0.0.1:5798" [_thread_blocked, id=14788, stack(0x000000001db80000,0x000000001dc80000)]
  0x000000001ae95000 JavaThread "Daemon worker" [_thread_in_vm, id=6472, stack(0x000000001da80000,0x000000001db80000)]
  0x000000001b2b7000 JavaThread "Cancel handler" [_thread_blocked, id=10160, stack(0x000000001d880000,0x000000001d980000)]
  0x000000001c1ce000 JavaThread "Handler for socket connection from /127.0.0.1:5797 to /127.0.0.1:5798" [_thread_in_native, id=13072, stack(0x000000001d780000,0x000000001d880000)]
  0x000000001c1c6000 JavaThread "Daemon" [_thread_blocked, id=2376, stack(0x000000001d680000,0x000000001d780000)]
  0x000000001c1a7000 JavaThread "Daemon periodic checks" [_thread_blocked, id=10608, stack(0x000000001d380000,0x000000001d480000)]
  0x000000001c18b800 JavaThread "Incoming local TCP Connector on port 5797" [_thread_in_native, id=4916, stack(0x000000001d1a0000,0x000000001d2a0000)]
  0x000000001a563800 JavaThread "Daemon health stats" [_thread_blocked, id=11100, stack(0x000000001cea0000,0x000000001cfa0000)]
  0x00000000197a5000 JavaThread "Service Thread" daemon [_thread_blocked, id=11624, stack(0x000000001a300000,0x000000001a400000)]
  0x000000001971a000 JavaThread "C1 CompilerThread3" daemon [_thread_blocked, id=3220, stack(0x000000001a200000,0x000000001a300000)]
  0x0000000019710800 JavaThread "C2 CompilerThread2" daemon [_thread_in_native, id=13620, stack(0x000000001a100000,0x000000001a200000)]
=>0x00000000196aa800 JavaThread "C2 CompilerThread1" daemon [_thread_in_native, id=15228, stack(0x000000001a000000,0x000000001a100000)]
  0x00000000196a6800 JavaThread "C2 CompilerThread0" daemon [_thread_in_native, id=8360, stack(0x0000000019f00000,0x000000001a000000)]
  0x0000000019703000 JavaThread "Attach Listener" daemon [_thread_blocked, id=11076, stack(0x0000000019e00000,0x0000000019f00000)]
  0x0000000019702000 JavaThread "Signal Dispatcher" daemon [_thread_blocked, id=14548, stack(0x0000000019d00000,0x0000000019e00000)]
  0x0000000019691800 JavaThread "Finalizer" daemon [_thread_blocked, id=13060, stack(0x0000000019b70000,0x0000000019c70000)]
  0x0000000002828800 JavaThread "Reference Handler" daemon [_thread_blocked, id=15648, stack(0x0000000019a70000,0x0000000019b70000)]
  0x0000000002732800 JavaThread "main" [_thread_blocked, id=8304, stack(0x0000000002630000,0x0000000002730000)]

Other Threads:
  0x0000000017896800 VMThread [stack: 0x0000000019570000,0x0000000019670000] [id=15096]
  0x0000000019758800 WatcherThread [stack: 0x000000001a400000,0x000000001a500000] [id=14452]

VM state:not at safepoint (normal execution)

VM Mutex/Monitor currently owned by a thread: None

heap address: 0x0000000080000000, size: 2048 MB, Compressed Oops mode: 32-bit
Narrow klass base: 0x0000000000000000, Narrow klass shift: 3
Compressed class space size: 1073741824 Address: 0x0000000100000000

Heap:
 PSYoungGen      total 168448K, used 80089K [0x00000000d5580000, 0x00000000e2280000, 0x0000000100000000)
  eden space 159232K, 44% used [0x00000000d5580000,0x00000000d9ac7830,0x00000000df100000)
  from space 9216K, 99% used [0x00000000e1980000,0x00000000e226ed68,0x00000000e2280000)
  to   space 13312K, 0% used [0x00000000e0880000,0x00000000e0880000,0x00000000e1580000)
 ParOldGen       total 76288K, used 17698K [0x0000000080000000, 0x0000000084a80000, 0x00000000d5580000)
  object space 76288K, 23% used [0x0000000080000000,0x0000000081148ab0,0x0000000084a80000)
 Metaspace       used 46372K, capacity 48264K, committed 48344K, reserved 1091584K
  class space    used 6270K, capacity 6626K, committed 6656K, reserved 1048576K

Card table byte_map: [0x0000000011bf0000,0x0000000012000000] byte_map_base: 0x00000000117f0000

Marking Bits: (ParMarkBitMap*) 0x00000000602bf030
 Begin Bits: [0x0000000012ab0000, 0x0000000014ab0000)
 End Bits:   [0x0000000014ab0000, 0x0000000016ab0000)

Polling page: 0x00000000009c0000

CodeCache: size=245760Kb used=13285Kb max_used=13285Kb free=232475Kb
 bounds [0x0000000002830000, 0x0000000003540000, 0x0000000011830000]
 total_blobs=4648 nmethods=3904 adapters=656
 compilation: enabled

Compilation events (10 events):
Event: 13.492 Thread 0x000000001971a000 nmethod 4213 0x0000000003519a50 code [0x0000000003519ba0, 0x0000000003519d30]
Event: 13.512 Thread 0x0000000019710800 nmethod 4202 0x000000000351de10 code [0x000000000351e040, 0x000000000351f460]
Event: 13.512 Thread 0x0000000019710800 4208       4       java.lang.ClassLoader::defineClass (43 bytes)
Event: 13.524 Thread 0x000000001971a000 4214 %     3       org.gradle.internal.instantiation.generator.AbstractClassGenerator::inspectType @ 250 (560 bytes)
Event: 13.529 Thread 0x0000000019710800 nmethod 4208 0x0000000003520810 code [0x00000000035209e0, 0x0000000003521030]
Event: 13.532 Thread 0x000000001971a000 nmethod 4214% 0x00000000035218d0 code [0x0000000003522080, 0x00000000035272c8]
Event: 13.534 Thread 0x000000001971a000 4215       1       sun.reflect.generics.tree.ClassSignature::getFormalTypeParameters (5 bytes)
Event: 13.535 Thread 0x000000001971a000 nmethod 4215 0x000000000351db50 code [0x000000000351dca0, 0x000000000351ddb0]
Event: 13.535 Thread 0x000000001971a000 4216       3       com.google.common.collect.ImmutableList::builder (8 bytes)
Event: 13.535 Thread 0x000000001971a000 nmethod 4216 0x000000000351d310 code [0x000000000351d4a0, 0x000000000351d908]

GC Heap History (10 events):
Event: 6.442 GC heap before
{Heap before GC invocations=8 (full 1):
 PSYoungGen      total 75776K, used 3620K [0x00000000d5580000, 0x00000000de980000, 0x0000000100000000)
  eden space 64512K, 0% used [0x00000000d5580000,0x00000000d5580000,0x00000000d9480000)
  from space 11264K, 32% used [0x00000000d9480000,0x00000000d9809050,0x00000000d9f80000)
  to   space 11264K, 0% used [0x00000000dde80000,0x00000000dde80000,0x00000000de980000)
 ParOldGen       total 86016K, used 9408K [0x0000000080000000, 0x0000000085400000, 0x00000000d5580000)
  object space 86016K, 10% used [0x0000000080000000,0x00000000809302b8,0x0000000085400000)
 Metaspace       used 20516K, capacity 21204K, committed 21248K, reserved 1067008K
  class space    used 2863K, capacity 3048K, committed 3072K, reserved 1048576K
Event: 6.474 GC heap after
Heap after GC invocations=8 (full 1):
 PSYoungGen      total 75776K, used 0K [0x00000000d5580000, 0x00000000de980000, 0x0000000100000000)
  eden space 64512K, 0% used [0x00000000d5580000,0x00000000d5580000,0x00000000d9480000)
  from space 11264K, 0% used [0x00000000d9480000,0x00000000d9480000,0x00000000d9f80000)
  to   space 11264K, 0% used [0x00000000dde80000,0x00000000dde80000,0x00000000de980000)
 ParOldGen       total 47104K, used 6913K [0x0000000080000000, 0x0000000082e00000, 0x00000000d5580000)
  object space 47104K, 14% used [0x0000000080000000,0x00000000806c0698,0x0000000082e00000)
 Metaspace       used 20516K, capacity 21204K, committed 21248K, reserved 1067008K
  class space    used 2863K, capacity 3048K, committed 3072K, reserved 1048576K
}
Event: 7.329 GC heap before
{Heap before GC invocations=9 (full 1):
 PSYoungGen      total 75776K, used 64512K [0x00000000d5580000, 0x00000000de980000, 0x0000000100000000)
  eden space 64512K, 100% used [0x00000000d5580000,0x00000000d9480000,0x00000000d9480000)
  from space 11264K, 0% used [0x00000000d9480000,0x00000000d9480000,0x00000000d9f80000)
  to   space 11264K, 0% used [0x00000000dde80000,0x00000000dde80000,0x00000000de980000)
 ParOldGen       total 47104K, used 6913K [0x0000000080000000, 0x0000000082e00000, 0x00000000d5580000)
  object space 47104K, 14% used [0x0000000080000000,0x00000000806c0698,0x0000000082e00000)
 Metaspace       used 28224K, capacity 29060K, committed 29312K, reserved 1075200K
  class space    used 3885K, capacity 4132K, committed 4224K, reserved 1048576K
Event: 7.337 GC heap after
Heap after GC invocations=9 (full 1):
 PSYoungGen      total 130560K, used 8014K [0x00000000d5580000, 0x00000000de680000, 0x0000000100000000)
  eden space 122368K, 0% used [0x00000000d5580000,0x00000000d5580000,0x00000000dcd00000)
  from space 8192K, 97% used [0x00000000dde80000,0x00000000de653900,0x00000000de680000)
  to   space 11264K, 0% used [0x00000000dd080000,0x00000000dd080000,0x00000000ddb80000)
 ParOldGen       total 47104K, used 6921K [0x0000000080000000, 0x0000000082e00000, 0x00000000d5580000)
  object space 47104K, 14% used [0x0000000080000000,0x00000000806c2698,0x0000000082e00000)
 Metaspace       used 28224K, capacity 29060K, committed 29312K, reserved 1075200K
  class space    used 3885K, capacity 4132K, committed 4224K, reserved 1048576K
}
Event: 8.446 GC heap before
{Heap before GC invocations=10 (full 1):
 PSYoungGen      total 130560K, used 104929K [0x00000000d5580000, 0x00000000de680000, 0x0000000100000000)
  eden space 122368K, 79% used [0x00000000d5580000,0x00000000db424b88,0x00000000dcd00000)
  from space 8192K, 97% used [0x00000000dde80000,0x00000000de653900,0x00000000de680000)
  to   space 11264K, 0% used [0x00000000dd080000,0x00000000dd080000,0x00000000ddb80000)
 ParOldGen       total 47104K, used 6921K [0x0000000080000000, 0x0000000082e00000, 0x00000000d5580000)
  object space 47104K, 14% used [0x0000000080000000,0x00000000806c2698,0x0000000082e00000)
 Metaspace       used 34227K, capacity 35392K, committed 35416K, reserved 1079296K
  class space    used 4710K, capacity 4973K, committed 4992K, reserved 1048576K
Event: 8.474 GC heap after
Heap after GC invocations=10 (full 1):
 PSYoungGen      total 137216K, used 11239K [0x00000000d5580000, 0x00000000e2600000, 0x0000000100000000)
  eden space 125952K, 0% used [0x00000000d5580000,0x00000000d5580000,0x00000000dd080000)
  from space 11264K, 99% used [0x00000000dd080000,0x00000000ddb79ca0,0x00000000ddb80000)
  to   space 12800K, 0% used [0x00000000e1980000,0x00000000e1980000,0x00000000e2600000)
 ParOldGen       total 47104K, used 6929K [0x0000000080000000, 0x0000000082e00000, 0x00000000d5580000)
  object space 47104K, 14% used [0x0000000080000000,0x00000000806c4698,0x0000000082e00000)
 Metaspace       used 34227K, capacity 35392K, committed 35416K, reserved 1079296K
  class space    used 4710K, capacity 4973K, committed 4992K, reserved 1048576K
}
Event: 8.474 GC heap before
{Heap before GC invocations=11 (full 2):
 PSYoungGen      total 137216K, used 11239K [0x00000000d5580000, 0x00000000e2600000, 0x0000000100000000)
  eden space 125952K, 0% used [0x00000000d5580000,0x00000000d5580000,0x00000000dd080000)
  from space 11264K, 99% used [0x00000000dd080000,0x00000000ddb79ca0,0x00000000ddb80000)
  to   space 12800K, 0% used [0x00000000e1980000,0x00000000e1980000,0x00000000e2600000)
 ParOldGen       total 47104K, used 6929K [0x0000000080000000, 0x0000000082e00000, 0x00000000d5580000)
  object space 47104K, 14% used [0x0000000080000000,0x00000000806c4698,0x0000000082e00000)
 Metaspace       used 34227K, capacity 35392K, committed 35416K, reserved 1079296K
  class space    used 4710K, capacity 4973K, committed 4992K, reserved 1048576K
Event: 8.629 GC heap after
Heap after GC invocations=11 (full 2):
 PSYoungGen      total 137216K, used 0K [0x00000000d5580000, 0x00000000e2600000, 0x0000000100000000)
  eden space 125952K, 0% used [0x00000000d5580000,0x00000000d5580000,0x00000000dd080000)
  from space 11264K, 0% used [0x00000000dd080000,0x00000000dd080000,0x00000000ddb80000)
  to   space 12800K, 0% used [0x00000000e1980000,0x00000000e1980000,0x00000000e2600000)
 ParOldGen       total 76288K, used 17690K [0x0000000080000000, 0x0000000084a80000, 0x00000000d5580000)
  object space 76288K, 23% used [0x0000000080000000,0x0000000081146ab0,0x0000000084a80000)
 Metaspace       used 34227K, capacity 35392K, committed 35416K, reserved 1079296K
  class space    used 4710K, capacity 4973K, committed 4992K, reserved 1048576K
}
Event: 11.479 GC heap before
{Heap before GC invocations=12 (full 2):
 PSYoungGen      total 137216K, used 125952K [0x00000000d5580000, 0x00000000e2600000, 0x0000000100000000)
  eden space 125952K, 100% used [0x00000000d5580000,0x00000000dd080000,0x00000000dd080000)
  from space 11264K, 0% used [0x00000000dd080000,0x00000000dd080000,0x00000000ddb80000)
  to   space 12800K, 0% used [0x00000000e1980000,0x00000000e1980000,0x00000000e2600000)
 ParOldGen       total 76288K, used 17690K [0x0000000080000000, 0x0000000084a80000, 0x00000000d5580000)
  object space 76288K, 23% used [0x0000000080000000,0x0000000081146ab0,0x0000000084a80000)
 Metaspace       used 39303K, capacity 41032K, committed 41048K, reserved 1085440K
  class space    used 5418K, capacity 5754K, committed 5760K, reserved 1048576K
Event: 11.500 GC heap after
Heap after GC invocations=12 (full 2):
 PSYoungGen      total 168448K, used 9147K [0x00000000d5580000, 0x00000000e2280000, 0x0000000100000000)
  eden space 159232K, 0% used [0x00000000d5580000,0x00000000d5580000,0x00000000df100000)
  from space 9216K, 99% used [0x00000000e1980000,0x00000000e226ed68,0x00000000e2280000)
  to   space 13312K, 0% used [0x00000000e0880000,0x00000000e0880000,0x00000000e1580000)
 ParOldGen       total 76288K, used 17698K [0x0000000080000000, 0x0000000084a80000, 0x00000000d5580000)
  object space 76288K, 23% used [0x0000000080000000,0x0000000081148ab0,0x0000000084a80000)
 Metaspace       used 39303K, capacity 41032K, committed 41048K, reserved 1085440K
  class space    used 5418K, capacity 5754K, committed 5760K, reserved 1048576K
}

Deoptimization events (10 events):
Event: 13.142 Thread 0x000000001ae95000 Uncommon trap: reason=unstable_if action=reinterpret pc=0x0000000002e436ec method=java.security.CodeSource.getCertificates()[Ljava/security/cert/Certificate; @ 22
Event: 13.142 Thread 0x000000001ae95000 Uncommon trap: reason=unstable_if action=reinterpret pc=0x0000000002d433f0 method=java.util.jar.JarFile.maybeInstantiateVerifier()V @ 4
Event: 13.143 Thread 0x000000001ae95000 Uncommon trap: reason=unstable_if action=reinterpret pc=0x00000000032d2ac8 method=java.util.jar.JarFile.maybeInstantiateVerifier()V @ 4
Event: 13.144 Thread 0x000000001ae95000 Uncommon trap: reason=unstable_if action=reinterpret pc=0x00000000031d99cc method=java.security.CodeSource.matchCerts(Ljava/security/CodeSource;Z)Z @ 11
Event: 13.208 Thread 0x000000001ae95000 Uncommon trap: reason=unstable_if action=reinterpret pc=0x00000000030ba134 method=java.util.LinkedHashMap.get(Ljava/lang/Object;)Ljava/lang/Object; @ 20
Event: 13.283 Thread 0x000000001ae95000 Uncommon trap: reason=unstable_if action=reinterpret pc=0x00000000031f1290 method=java.security.CodeSource.matchCerts(Ljava/security/CodeSource;Z)Z @ 11
Event: 13.404 Thread 0x000000001ae95000 Uncommon trap: reason=bimorphic action=maybe_recompile pc=0x000000000335e8b8 method=java.util.regex.Pattern$CharProperty.match(Ljava/util/regex/Matcher;ILjava/lang/CharSequence;)Z @ 18
Event: 13.405 Thread 0x000000001ae95000 Uncommon trap: reason=bimorphic action=maybe_recompile pc=0x000000000335e8b8 method=java.util.regex.Pattern$CharProperty.match(Ljava/util/regex/Matcher;ILjava/lang/CharSequence;)Z @ 18
Event: 13.405 Thread 0x000000001ae95000 Uncommon trap: reason=bimorphic action=maybe_recompile pc=0x000000000335e8b8 method=java.util.regex.Pattern$CharProperty.match(Ljava/util/regex/Matcher;ILjava/lang/CharSequence;)Z @ 18
Event: 13.431 Thread 0x000000001ae95000 Uncommon trap: reason=bimorphic action=maybe_recompile pc=0x000000000335e8b8 method=java.util.regex.Pattern$CharProperty.match(Ljava/util/regex/Matcher;ILjava/lang/CharSequence;)Z @ 18

Classes redefined (0 events):
No events

Internal exceptions (10 events):
Event: 10.769 Thread 0x000000001a655800 Exception <a 'java/lang/NoSuchMethodError': <clinit>> (0x00000000d63142e0) thrown at [C:\src\AOSP-openjdk-git\hotspot\src\share\vm\prims\jni.cpp, line 1615]
Event: 10.771 Thread 0x000000001a655800 Exception <a 'java/lang/NoSuchMethodError': <clinit>> (0x00000000d631f330) thrown at [C:\src\AOSP-openjdk-git\hotspot\src\share\vm\prims\jni.cpp, line 1615]
Event: 10.774 Thread 0x000000001a655800 Exception <a 'java/lang/NoSuchMethodError': <clinit>> (0x00000000dbb03da0) thrown at [C:\src\AOSP-openjdk-git\hotspot\src\share\vm\prims\jni.cpp, line 1615]
Event: 10.796 Thread 0x000000001ae95000 Exception <a 'java/lang/ClassNotFoundException': build_95gdlaq4rlx24ssoa5mrjh5dzBeanInfo> (0x00000000db967068) thrown at [C:\src\AOSP-openjdk-git\hotspot\src\share\vm\classfile\systemDictionary.cpp, line 210]
Event: 10.796 Thread 0x000000001ae95000 Exception <a 'java/lang/ClassNotFoundException': build_95gdlaq4rlx24ssoa5mrjh5dzCustomizer> (0x00000000db972ca8) thrown at [C:\src\AOSP-openjdk-git\hotspot\src\share\vm\classfile\systemDictionary.cpp, line 210]
Event: 10.814 Thread 0x000000001ae95000 Exception <a 'java/lang/ClassNotFoundException': org/gradle/plugin/use/internal/PluginRequestCollector$PluginDependenciesSpecImplBeanInfo> (0x00000000dba12920) thrown at [C:\src\AOSP-openjdk-git\hotspot\src\share\vm\classfile\systemDictionary.cpp, line 21
Event: 10.816 Thread 0x000000001ae95000 Exception <a 'java/lang/ClassNotFoundException': org/gradle/plugin/use/internal/PluginRequestCollector$PluginDependenciesSpecImplCustomizer> (0x00000000dba52860) thrown at [C:\src\AOSP-openjdk-git\hotspot\src\share\vm\classfile\systemDictionary.cpp, line 
Event: 10.877 Thread 0x000000001ae95000 Exception <a 'java/lang/ClassNotFoundException': org/gradle/api/internal/plugins/DefaultObjectConfigurationActionBeanInfo> (0x00000000dbd93318) thrown at [C:\src\AOSP-openjdk-git\hotspot\src\share\vm\classfile\systemDictionary.cpp, line 210]
Event: 10.879 Thread 0x000000001ae95000 Exception <a 'java/lang/ClassNotFoundException': org/gradle/api/internal/plugins/DefaultObjectConfigurationActionCustomizer> (0x00000000dbdd7698) thrown at [C:\src\AOSP-openjdk-git\hotspot\src\share\vm\classfile\systemDictionary.cpp, line 210]
Event: 12.963 Thread 0x000000001ae95000 Implicit null exception at 0x00000000033ab728 to 0x00000000033abc69

Events (10 events):
Event: 13.537 loading class com/android/build/api/dsl/ExternalNativeBuild
Event: 13.537 loading class com/android/build/api/dsl/ExternalNativeBuild done
Event: 13.538 loading class com/android/build/gradle/internal/dsl/NdkBuildOptions
Event: 13.538 loading class com/android/build/gradle/internal/dsl/NdkBuildOptions done
Event: 13.538 loading class com/android/build/gradle/internal/model/CoreNdkBuildOptions
Event: 13.538 loading class com/android/build/gradle/internal/model/CoreNdkBuildOptions done
Event: 13.539 loading class com/android/build/api/dsl/NdkBuild
Event: 13.539 loading class com/android/build/api/dsl/NdkBuild done
Event: 13.539 loading class com/android/build/api/dsl/Cmake
Event: 13.539 loading class com/android/build/api/dsl/Cmake done


Dynamic libraries:
0x00007ff7337d0000 - 0x00007ff733801000 	C:\Program Files\Android\Android Studio\jre\bin\java.exe
0x00007ffb53750000 - 0x00007ffb53945000 	C:\WINDOWS\SYSTEM32\ntdll.dll
0x00007ffb53650000 - 0x00007ffb5370d000 	C:\WINDOWS\System32\KERNEL32.DLL
0x00007ffb51450000 - 0x00007ffb51718000 	C:\WINDOWS\System32\KERNELBASE.dll
0x00007ffb520f0000 - 0x00007ffb5219c000 	C:\WINDOWS\System32\ADVAPI32.dll
0x00007ffb53360000 - 0x00007ffb533fe000 	C:\WINDOWS\System32\msvcrt.dll
0x00007ffb51f30000 - 0x00007ffb51fcb000 	C:\WINDOWS\System32\sechost.dll
0x00007ffb51bd0000 - 0x00007ffb51cfb000 	C:\WINDOWS\System32\RPCRT4.dll
0x00007ffb53190000 - 0x00007ffb53330000 	C:\WINDOWS\System32\USER32.dll
0x00007ffb50f60000 - 0x00007ffb50f82000 	C:\WINDOWS\System32\win32u.dll
0x00007ffb53330000 - 0x00007ffb5335a000 	C:\WINDOWS\System32\GDI32.dll
0x00007ffb51340000 - 0x00007ffb5144b000 	C:\WINDOWS\System32\gdi32full.dll
0x00007ffb512a0000 - 0x00007ffb5133d000 	C:\WINDOWS\System32\msvcp_win.dll
0x00007ffb51040000 - 0x00007ffb51140000 	C:\WINDOWS\System32\ucrtbase.dll
0x00007ffb3ef30000 - 0x00007ffb3f1ca000 	C:\WINDOWS\WinSxS\amd64_microsoft.windows.common-controls_6595b64144ccf1df_6.0.19041.844_none_ca00b6081b84eb1d\COMCTL32.dll
0x00007ffb534e0000 - 0x00007ffb53510000 	C:\WINDOWS\System32\IMM32.DLL
0x000000005f930000 - 0x000000005fa02000 	C:\Program Files\Android\Android Studio\jre\jre\bin\msvcr100.dll
0x000000005faf0000 - 0x000000006033b000 	C:\Program Files\Android\Android Studio\jre\jre\bin\server\jvm.dll
0x00007ffb51f20000 - 0x00007ffb51f28000 	C:\WINDOWS\System32\PSAPI.DLL
0x00007ffb41f80000 - 0x00007ffb41fa7000 	C:\WINDOWS\SYSTEM32\WINMM.dll
0x00007ffb3e920000 - 0x00007ffb3e929000 	C:\WINDOWS\SYSTEM32\WSOCK32.dll
0x00007ffb448e0000 - 0x00007ffb448ea000 	C:\WINDOWS\SYSTEM32\VERSION.dll
0x00007ffb53510000 - 0x00007ffb5357b000 	C:\WINDOWS\System32\WS2_32.dll
0x00007ffb4aa90000 - 0x00007ffb4aa9f000 	C:\Program Files\Android\Android Studio\jre\jre\bin\verify.dll
0x00007ffb35f30000 - 0x00007ffb35f59000 	C:\Program Files\Android\Android Studio\jre\jre\bin\java.dll
0x00007ffb4aa70000 - 0x00007ffb4aa86000 	C:\Program Files\Android\Android Studio\jre\jre\bin\zip.dll
0x00007ffb52430000 - 0x00007ffb52b72000 	C:\WINDOWS\System32\SHELL32.dll
0x00007ffb4eeb0000 - 0x00007ffb4f641000 	C:\WINDOWS\SYSTEM32\windows.storage.dll
0x00007ffb51870000 - 0x00007ffb51bc5000 	C:\WINDOWS\System32\combase.dll
0x00007ffb50830000 - 0x00007ffb5085c000 	C:\WINDOWS\SYSTEM32\Wldp.dll
0x00007ffb51d00000 - 0x00007ffb51dae000 	C:\WINDOWS\System32\SHCORE.dll
0x00007ffb53480000 - 0x00007ffb534d5000 	C:\WINDOWS\System32\shlwapi.dll
0x00007ffb50dd0000 - 0x00007ffb50def000 	C:\WINDOWS\SYSTEM32\profapi.dll
0x00007ffb48960000 - 0x00007ffb4897a000 	C:\Program Files\Android\Android Studio\jre\jre\bin\net.dll
0x00007ffb505a0000 - 0x00007ffb5060a000 	C:\WINDOWS\system32\mswsock.dll
0x00007ffb36410000 - 0x00007ffb36423000 	C:\Program Files\Android\Android Studio\jre\jre\bin\nio.dll
0x00007ffb490d0000 - 0x00007ffb490f7000 	C:\Users\Ryrie\.gradle\native\f6784746aeab05261644944871eae4fe03e0ef1612fff0a4a95f87b438bc6780\windows-amd64\native-platform.dll
0x00007ffb49150000 - 0x00007ffb4915d000 	C:\Program Files\Android\Android Studio\jre\jre\bin\management.dll
0x00007ffb50770000 - 0x00007ffb50788000 	C:\WINDOWS\SYSTEM32\CRYPTSP.dll
0x00007ffb4ff40000 - 0x00007ffb4ff74000 	C:\WINDOWS\system32\rsaenh.dll
0x00007ffb51780000 - 0x00007ffb517a7000 	C:\WINDOWS\System32\bcrypt.dll
0x00007ffb50d50000 - 0x00007ffb50d7e000 	C:\WINDOWS\SYSTEM32\USERENV.dll
0x00007ffb50e90000 - 0x00007ffb50f10000 	C:\WINDOWS\System32\bcryptprimitives.dll
0x00007ffb50790000 - 0x00007ffb5079c000 	C:\WINDOWS\SYSTEM32\CRYPTBASE.dll
0x00007ffb50290000 - 0x00007ffb502cb000 	C:\WINDOWS\SYSTEM32\IPHLPAPI.DLL
0x00007ffb53120000 - 0x00007ffb53128000 	C:\WINDOWS\System32\NSI.dll
0x00007ffb48180000 - 0x00007ffb48197000 	C:\WINDOWS\SYSTEM32\dhcpcsvc6.DLL
0x00007ffb48040000 - 0x00007ffb4805d000 	C:\WINDOWS\SYSTEM32\dhcpcsvc.DLL
0x00007ffb502d0000 - 0x00007ffb5039c000 	C:\WINDOWS\SYSTEM32\DNSAPI.dll
0x00007ffb4bae0000 - 0x00007ffb4baeb000 	C:\WINDOWS\SYSTEM32\WINNSI.DLL

VM Arguments:
jvm_args: -Xmx2048m -Dfile.encoding=UTF-8 -Duser.country=KR -Duser.language=ko -Duser.variant 
java_command: org.gradle.launcher.daemon.bootstrap.GradleDaemon 6.5
java_class_path (initial): C:\Users\Ryrie\.gradle\wrapper\dists\gradle-6.5-bin\6nifqtx7604sqp1q6g8wikw7p\gradle-6.5\lib\gradle-launcher-6.5.jar
Launcher Type: SUN_STANDARD

Environment Variables:
JAVA_HOME=C:\Program Files\Java\jdk-11.0.6
PATH=C:\app\Ryrie\product\11.2.0\dbhome_1\bin;C:\Utill\Python\Python37-32\Scripts\;C:\Utill\Python\Python37-32\;C:\Program Files (x86)\Intel\iCLS Client\;C:\Program Files\Intel\iCLS Client\;C:\WINDOWS\system32;C:\WINDOWS;C:\WINDOWS\System32\Wbem;C:\WINDOWS\System32\WindowsPowerShell\v1.0\;C:\Program Files\Intel\WiFi\bin\;C:\Program Files\Common Files\Intel\WirelessCommon\;C:\Program Files (x86)\Intel\Intel(R) Management Engine Components\DAL;C:\Program Files\Intel\Intel(R) Management Engine Components\DAL;C:\Program Files (x86)\Intel\Intel(R) Management Engine Components\IPT;C:\Program Files\Intel\Intel(R) Management Engine Components\IPT;C:\Program Files\dotnet\;C:\WINDOWS\System32\OpenSSH\;C:\Program Files\MySQL\MySQL Server 8.0\bin;C:\Program Files\Java\jdk-11.0.6\bin;C:\Program Files\Git\cmd;C:\Users\Ryrie\AppData\Local\Android\Sdk\platform-tools;C:\Utill\Python\Python37\Scripts\;C:\Utill\Python\Python37\;C:\Program Files\MySQL\MySQL Shell 8.0\bin\;C:\Users\Ryrie\AppData\Local\Microsoft\WindowsApps;C:\Users\Ryrie\AppData\Local\atom\bin;C:\Users\Ryrie\AppData\Local\GitHubDesktop\bin
USERNAME=Ryrie
OS=Windows_NT
PROCESSOR_IDENTIFIER=Intel64 Family 6 Model 142 Stepping 10, GenuineIntel



---------------  S Y S T E M  ---------------

OS: Windows 10.0 , 64 bit Build 19041 (10.0.19041.928)

CPU:total 8 (initial active 8) (4 cores per cpu, 2 threads per core) family 6 model 142 stepping 10, cmov, cx8, fxsr, mmx, sse, sse2, sse3, ssse3, sse4.1, sse4.2, popcnt, avx, avx2, aes, clmul, erms, 3dnowpref, lzcnt, ht, tsc, tscinvbit, bmi1, bmi2, adx

Memory: 4k page, physical 8217872k(1164560k free), swap 11289872k(1340k free)

vm_info: OpenJDK 64-Bit Server VM (25.242-b01) for windows-amd64 JRE (1.8.0_242-release-1644-b01), built by "builder" with MS VC++ 10.0 (VS2010)

time: Sat Apr 24 23:30:57 2021
timezone: 대한민국 표준시
elapsed time: 13 seconds (0d 0h 0m 13s)

