#
# There is insufficient memory for the Java Runtime Environment to continue.
# Native memory allocation (malloc) failed to allocate 1798816 bytes for Chunk::new
# Possible reasons:
#   The system is out of physical RAM or swap space
#   The process is running with CompressedOops enabled, and the Java Heap may be blocking the growth of the native heap
# Possible solutions:
#   Reduce memory load on the system
#   Increase physical memory or swap space
#   Check if swap backing store is full
#   Decrease Java heap size (-Xmx/-Xms)
#   Decrease number of Java threads
#   Decrease Java thread stack sizes (-Xss)
#   Set larger code cache with -XX:ReservedCodeCacheSize=
#   JVM is running with Unscaled Compressed Oops mode in which the Java heap is
#     placed in the first 4GB address space. The Java Heap base address is the
#     maximum limit for the native heap growth. Please use -XX:HeapBaseMinAddress
#     to set the Java Heap base and to place the Java Heap above 4GB virtual address.
# This output file may be truncated or incomplete.
#
#  Out of Memory Error (allocation.cpp:389), pid=13916, tid=0x0000000000003d4c
#
# JRE version: OpenJDK Runtime Environment (8.0_242-b01) (build 1.8.0_242-release-1644-b01)
# Java VM: OpenJDK 64-Bit Server VM (25.242-b01 mixed mode windows-amd64 compressed oops)
# Failed to write core dump. Minidumps are not enabled by default on client versions of Windows
#

---------------  T H R E A D  ---------------

Current thread (0x0000000019fd3000):  JavaThread "C2 CompilerThread1" daemon [_thread_in_native, id=15692, stack(0x000000001a890000,0x000000001a990000)]

Stack: [0x000000001a890000,0x000000001a990000]
[error occurred during error reporting (printing stack bounds), id 0xc0000005]

Native frames: (J=compiled Java code, j=interpreted, Vv=VM code, C=native code)


Current CompileTask:
C2:  32211 10800       4       com.android.tools.r8.graph.x::collectMixedSectionItems (15 bytes)


---------------  P R O C E S S  ---------------

Java Threads: ( => current thread )
  0x000000001bf26800 
[error occurred during error reporting (printing all threads), id 0xc0000005]

VM state:at safepoint (normal execution)

VM Mutex/Monitor currently owned by a thread:  ([mutex/lock_event])
[0x000000000303d2d0] Threads_lock - owner thread: 0x00000000181a6800
[0x000000000303d9d0] Heap_lock - owner thread: 0x000000001bf26000

heap address: 0x0000000080000000, size: 2048 MB, Compressed Oops mode: 32-bit
Narrow klass base: 0x0000000000000000, Narrow klass shift: 3
Compressed class space size: 1073741824 Address: 0x0000000100000000

Heap:
 PSYoungGen      total 285696K, used 32746K [0x00000000d5580000, 0x00000000e9500000, 0x0000000100000000)
  eden space 252928K, 0% used [0x00000000d5580000,0x00000000d5580000,0x00000000e4c80000)
  from space 32768K, 99% used [0x00000000e4c80000,0x00000000e6c7aa58,0x00000000e6c80000)
  to   space 24064K, 0% used [0x00000000e6c80000,0x00000000e6c80000,0x00000000e8400000)
 ParOldGen       total 123392K, used 96244K [0x0000000080000000, 0x0000000087880000, 0x00000000d5580000)
  object space 123392K, 77% used [0x0000000080000000,0x0000000085dfd170,0x0000000087880000)
 Metaspace       used 80372K, capacity 84968K, committed 85208K, reserved 1122304K
  class space    used 11179K, capacity 12008K, committed 12032K, reserved 1048576K

Card table byte_map: [0x0000000012500000,0x0000000012910000] byte_map_base: 0x0000000012100000

Marking Bits: (ParMarkBitMap*) 0x0000000057ddf030
 Begin Bits: [0x00000000133c0000, 0x00000000153c0000)
 End Bits:   [0x00000000153c0000, 0x00000000173c0000)

Polling page: 0x0000000000db0000

CodeCache: size=245760Kb used=29401Kb max_used=29401Kb free=216358Kb
 bounds [0x0000000003140000, 0x0000000004e20000, 0x0000000012140000]
 total_blobs=10156 nmethods=9322 adapters=746
 compilation: enabled

Compilation events (10 events):
Event: 31.765 Thread 0x000000001a03d000 11007       2       com.android.tools.r8.dex.r$$Lambda$1098/1754476174::<init> (20 bytes)
Event: 31.765 Thread 0x000000001a03d000 nmethod 11007 0x0000000004e114d0 code [0x0000000004e11620, 0x0000000004e117b0]
Event: 31.824 Thread 0x000000001a03d000 11008 %     3       java.lang.String::join @ 28 (59 bytes)
Event: 31.826 Thread 0x000000001a03d000 nmethod 11008% 0x0000000004e11850 code [0x0000000004e11a60, 0x0000000004e123b8]
Event: 31.829 Thread 0x000000001a03d000 11009 %     3       com.android.tools.r8.naming.u$b::a @ 22 (88 bytes)
Event: 31.832 Thread 0x000000001a03d000 nmethod 11009% 0x0000000004e12950 code [0x0000000004e12c80, 0x0000000004e145d8]
Event: 31.832 Thread 0x000000001a03d000 11010       3       java.lang.String::join (59 bytes)
Event: 31.833 Thread 0x000000001a03d000 nmethod 11010 0x0000000004e15790 code [0x0000000004e15980, 0x0000000004e16218]
Event: 31.835 Thread 0x000000001a03d000 11011       3       com.android.tools.r8.naming.u$b::a (88 bytes)
Event: 31.837 Thread 0x000000001a03d000 nmethod 11011 0x0000000004e166d0 code [0x0000000004e16a00, 0x0000000004e18238]

GC Heap History (10 events):
Event: 15.341 GC heap after
Heap after GC invocations=12 (full 2):
 PSYoungGen      total 232960K, used 14924K [0x00000000d5580000, 0x00000000e8a80000, 0x0000000100000000)
  eden space 211968K, 0% used [0x00000000d5580000,0x00000000d5580000,0x00000000e2480000)
  from space 20992K, 71% used [0x00000000e3a00000,0x00000000e4893310,0x00000000e4e80000)
  to   space 22016K, 0% used [0x00000000e2480000,0x00000000e2480000,0x00000000e3a00000)
 ParOldGen       total 87040K, used 30339K [0x0000000080000000, 0x0000000085500000, 0x00000000d5580000)
  object space 87040K, 34% used [0x0000000080000000,0x0000000081da0dc0,0x0000000085500000)
 Metaspace       used 56509K, capacity 58884K, committed 59028K, reserved 1099776K
  class space    used 7738K, capacity 8185K, committed 8192K, reserved 1048576K
}
Event: 15.341 GC heap before
{Heap before GC invocations=13 (full 3):
 PSYoungGen      total 232960K, used 14924K [0x00000000d5580000, 0x00000000e8a80000, 0x0000000100000000)
  eden space 211968K, 0% used [0x00000000d5580000,0x00000000d5580000,0x00000000e2480000)
  from space 20992K, 71% used [0x00000000e3a00000,0x00000000e4893310,0x00000000e4e80000)
  to   space 22016K, 0% used [0x00000000e2480000,0x00000000e2480000,0x00000000e3a00000)
 ParOldGen       total 87040K, used 30339K [0x0000000080000000, 0x0000000085500000, 0x00000000d5580000)
  object space 87040K, 34% used [0x0000000080000000,0x0000000081da0dc0,0x0000000085500000)
 Metaspace       used 56509K, capacity 58884K, committed 59028K, reserved 1099776K
  class space    used 7738K, capacity 8185K, committed 8192K, reserved 1048576K
Event: 15.694 GC heap after
Heap after GC invocations=13 (full 3):
 PSYoungGen      total 232960K, used 0K [0x00000000d5580000, 0x00000000e8a80000, 0x0000000100000000)
  eden space 211968K, 0% used [0x00000000d5580000,0x00000000d5580000,0x00000000e2480000)
  from space 20992K, 0% used [0x00000000e3a00000,0x00000000e3a00000,0x00000000e4e80000)
  to   space 22016K, 0% used [0x00000000e2480000,0x00000000e2480000,0x00000000e3a00000)
 ParOldGen       total 123392K, used 29031K [0x0000000080000000, 0x0000000087880000, 0x00000000d5580000)
  object space 123392K, 23% used [0x0000000080000000,0x0000000081c59f68,0x0000000087880000)
 Metaspace       used 56473K, capacity 58764K, committed 59028K, reserved 1099776K
  class space    used 7727K, capacity 8165K, committed 8192K, reserved 1048576K
}
Event: 20.771 GC heap before
{Heap before GC invocations=14 (full 3):
 PSYoungGen      total 232960K, used 211968K [0x00000000d5580000, 0x00000000e8a80000, 0x0000000100000000)
  eden space 211968K, 100% used [0x00000000d5580000,0x00000000e2480000,0x00000000e2480000)
  from space 20992K, 0% used [0x00000000e3a00000,0x00000000e3a00000,0x00000000e4e80000)
  to   space 22016K, 0% used [0x00000000e2480000,0x00000000e2480000,0x00000000e3a00000)
 ParOldGen       total 123392K, used 29031K [0x0000000080000000, 0x0000000087880000, 0x00000000d5580000)
  object space 123392K, 23% used [0x0000000080000000,0x0000000081c59f68,0x0000000087880000)
 Metaspace       used 64638K, capacity 67968K, committed 68184K, reserved 1107968K
  class space    used 8948K, capacity 9559K, committed 9600K, reserved 1048576K
Event: 20.803 GC heap after
Heap after GC invocations=14 (full 3):
 PSYoungGen      total 233984K, used 19573K [0x00000000d5580000, 0x00000000e8400000, 0x0000000100000000)
  eden space 211968K, 0% used [0x00000000d5580000,0x00000000d5580000,0x00000000e2480000)
  from space 22016K, 88% used [0x00000000e2480000,0x00000000e379d550,0x00000000e3a00000)
  to   space 24064K, 0% used [0x00000000e6c80000,0x00000000e6c80000,0x00000000e8400000)
 ParOldGen       total 123392K, used 29039K [0x0000000080000000, 0x0000000087880000, 0x00000000d5580000)
  object space 123392K, 23% used [0x0000000080000000,0x0000000081c5bf68,0x0000000087880000)
 Metaspace       used 64638K, capacity 67968K, committed 68184K, reserved 1107968K
  class space    used 8948K, capacity 9559K, committed 9600K, reserved 1048576K
}
Event: 24.077 GC heap before
{Heap before GC invocations=15 (full 3):
 PSYoungGen      total 233984K, used 231541K [0x00000000d5580000, 0x00000000e8400000, 0x0000000100000000)
  eden space 211968K, 100% used [0x00000000d5580000,0x00000000e2480000,0x00000000e2480000)
  from space 22016K, 88% used [0x00000000e2480000,0x00000000e379d550,0x00000000e3a00000)
  to   space 24064K, 0% used [0x00000000e6c80000,0x00000000e6c80000,0x00000000e8400000)
 ParOldGen       total 123392K, used 29039K [0x0000000080000000, 0x0000000087880000, 0x00000000d5580000)
  object space 123392K, 23% used [0x0000000080000000,0x0000000081c5bf68,0x0000000087880000)
 Metaspace       used 71300K, capacity 74868K, committed 74968K, reserved 1114112K
  class space    used 9785K, capacity 10452K, committed 10496K, reserved 1048576K
Event: 24.154 GC heap after
Heap after GC invocations=15 (full 3):
 PSYoungGen      total 276992K, used 24042K [0x00000000d5580000, 0x00000000e9500000, 0x0000000100000000)
  eden space 252928K, 0% used [0x00000000d5580000,0x00000000d5580000,0x00000000e4c80000)
  from space 24064K, 99% used [0x00000000e6c80000,0x00000000e83faa18,0x00000000e8400000)
  to   space 32768K, 0% used [0x00000000e4c80000,0x00000000e4c80000,0x00000000e6c80000)
 ParOldGen       total 123392K, used 43049K [0x0000000080000000, 0x0000000087880000, 0x00000000d5580000)
  object space 123392K, 34% used [0x0000000080000000,0x0000000082a0a400,0x0000000087880000)
 Metaspace       used 71300K, capacity 74868K, committed 74968K, reserved 1114112K
  class space    used 9785K, capacity 10452K, committed 10496K, reserved 1048576K
}
Event: 31.866 GC heap before
{Heap before GC invocations=16 (full 3):
 PSYoungGen      total 276992K, used 276970K [0x00000000d5580000, 0x00000000e9500000, 0x0000000100000000)
  eden space 252928K, 100% used [0x00000000d5580000,0x00000000e4c80000,0x00000000e4c80000)
  from space 24064K, 99% used [0x00000000e6c80000,0x00000000e83faa18,0x00000000e8400000)
  to   space 32768K, 0% used [0x00000000e4c80000,0x00000000e4c80000,0x00000000e6c80000)
 ParOldGen       total 123392K, used 43049K [0x0000000080000000, 0x0000000087880000, 0x00000000d5580000)
  object space 123392K, 34% used [0x0000000080000000,0x0000000082a0a400,0x0000000087880000)
 Metaspace       used 80372K, capacity 84968K, committed 85208K, reserved 1122304K
  class space    used 11179K, capacity 12008K, committed 12032K, reserved 1048576K
Event: 32.007 GC heap after
Heap after GC invocations=16 (full 3):
 PSYoungGen      total 285696K, used 32746K [0x00000000d5580000, 0x00000000e9500000, 0x0000000100000000)
  eden space 252928K, 0% used [0x00000000d5580000,0x00000000d5580000,0x00000000e4c80000)
  from space 32768K, 99% used [0x00000000e4c80000,0x00000000e6c7aa58,0x00000000e6c80000)
  to   space 24064K, 0% used [0x00000000e6c80000,0x00000000e6c80000,0x00000000e8400000)
 ParOldGen       total 123392K, used 96244K [0x0000000080000000, 0x0000000087880000, 0x00000000d5580000)
  object space 123392K, 77% used [0x0000000080000000,0x0000000085dfd170,0x0000000087880000)
 Metaspace       used 80372K, capacity 84968K, committed 85208K, reserved 1122304K
  class space    used 11179K, capacity 12008K, committed 12032K, reserved 1048576K
}
Event: 32.007 GC heap before
{Heap before GC invocations=17 (full 4):
 PSYoungGen      total 285696K, used 32746K [0x00000000d5580000, 0x00000000e9500000, 0x0000000100000000)
  eden space 252928K, 0% used [0x00000000d5580000,0x00000000d5580000,0x00000000e4c80000)
  from space 32768K, 99% used [0x00000000e4c80000,0x00000000e6c7aa58,0x00000000e6c80000)
  to   space 24064K, 0% used [0x00000000e6c80000,0x00000000e6c80000,0x00000000e8400000)
 ParOldGen       total 123392K, used 96244K [0x0000000080000000, 0x0000000087880000, 0x00000000d5580000)
  object space 123392K, 77% used [0x0000000080000000,0x0000000085dfd170,0x0000000087880000)
 Metaspace       used 80372K, capacity 84968K, committed 85208K, reserved 1122304K
  class space    used 11179K, capacity 12008K, committed 12032K, reserved 1048576K

Deoptimization events (10 events):
Event: 28.020 Thread 0x000000001bf2a800 Uncommon trap: reason=unstable_if action=reinterpret pc=0x0000000003be4e80 method=com.android.tools.r8.utils.Y.d(I)Z @ 45
Event: 28.037 Thread 0x000000001bf2a800 Uncommon trap: reason=unstable_if action=reinterpret pc=0x0000000004c0a35c method=com.android.tools.r8.dex.n.i()Lcom/android/tools/r8/graph/l0; @ 43
Event: 28.358 Thread 0x000000001bf2a800 Uncommon trap: reason=unloaded action=reinterpret pc=0x0000000004c78d88 method=com.android.tools.r8.code.v1.a(Ljava/nio/ShortBuffer;IILcom/android/tools/r8/graph/h1;)[Lcom/android/tools/r8/code/u1; @ 3913
Event: 29.960 Thread 0x000000001a36c800 Uncommon trap: reason=class_check action=maybe_recompile pc=0x0000000003c7372c method=com.android.tools.r8.graph.Y.a([Lcom/android/tools/r8/graph/Y;Ljava/util/function/Consumer;)V @ 27
Event: 29.961 Thread 0x000000001a36c800 Uncommon trap: reason=class_check action=maybe_recompile pc=0x0000000003c7372c method=com.android.tools.r8.graph.Y.a([Lcom/android/tools/r8/graph/Y;Ljava/util/function/Consumer;)V @ 27
Event: 29.961 Thread 0x000000001a36c800 Uncommon trap: reason=class_check action=maybe_recompile pc=0x0000000003c7372c method=com.android.tools.r8.graph.Y.a([Lcom/android/tools/r8/graph/Y;Ljava/util/function/Consumer;)V @ 27
Event: 29.961 Thread 0x000000001a36c800 Uncommon trap: reason=class_check action=maybe_recompile pc=0x0000000003c7372c method=com.android.tools.r8.graph.Y.a([Lcom/android/tools/r8/graph/Y;Ljava/util/function/Consumer;)V @ 27
Event: 31.209 Thread 0x000000001bf26000 Uncommon trap: reason=null_check action=make_not_entrant pc=0x0000000004b3214c method=com.android.tools.r8.graph.i0.computeEquals(Ljava/lang/Object;)Z @ 1
Event: 31.209 Thread 0x000000001bf26000 Uncommon trap: reason=unstable_if action=reinterpret pc=0x0000000003cbf3a8 method=java.util.Arrays.equals([Ljava/lang/Object;[Ljava/lang/Object;)Z @ 47
Event: 31.634 Thread 0x000000001bf26000 Uncommon trap: reason=unstable_if action=reinterpret pc=0x0000000004dcbaa0 method=com.android.tools.r8.t.a.a.a.h.N.a(Ljava/lang/Object;I)I @ 132

Classes redefined (0 events):
No events

Internal exceptions (10 events):
Event: 26.179 Thread 0x000000001a367000 Exception <a 'sun/nio/fs/WindowsException'> (0x00000000d7d98f88) thrown at [C:\src\AOSP-openjdk-git\hotspot\src\share\vm\prims\jni.cpp, line 710]
Event: 26.198 Thread 0x000000001a367000 Exception <a 'sun/nio/fs/WindowsException'> (0x00000000d7e12a48) thrown at [C:\src\AOSP-openjdk-git\hotspot\src\share\vm\prims\jni.cpp, line 710]
Event: 26.288 Thread 0x000000001be6a000 Implicit null exception at 0x0000000004b03453 to 0x0000000004b03c45
Event: 26.288 Thread 0x000000001be67000 Implicit null exception at 0x0000000004b03453 to 0x0000000004b03c45
Event: 26.288 Thread 0x000000001be6b000 Implicit null exception at 0x0000000004b03453 to 0x0000000004b03c45
Event: 26.596 Thread 0x000000001ca36000 Exception <a 'java/lang/NoSuchMethodError': <clinit>> (0x00000000d946ed90) thrown at [C:\src\AOSP-openjdk-git\hotspot\src\share\vm\prims\jni.cpp, line 1615]
Event: 26.598 Thread 0x000000001ca36000 Exception <a 'java/lang/NoSuchMethodError': <clinit>> (0x00000000d9482448) thrown at [C:\src\AOSP-openjdk-git\hotspot\src\share\vm\prims\jni.cpp, line 1615]
Event: 26.767 Thread 0x000000001a36c800 Exception <a 'sun/nio/fs/WindowsException'> (0x00000000da01b498) thrown at [C:\src\AOSP-openjdk-git\hotspot\src\share\vm\prims\jni.cpp, line 710]
Event: 27.547 Thread 0x000000001bf2d800 Implicit null exception at 0x00000000032c21ef to 0x00000000032c22e1
Event: 31.209 Thread 0x000000001bf26000 Implicit null exception at 0x0000000004b31fcf to 0x0000000004b3213d

Events (10 events):
Event: 31.447 loading class com/android/tools/r8/graph/U
Event: 31.447 loading class com/android/tools/r8/graph/U done
Event: 31.447 loading class com/android/tools/r8/naming/H
Event: 31.447 loading class com/android/tools/r8/naming/H done
Event: 31.464 Thread 0x000000001bf26000 DEOPT PACKING pc=0x00000000033d0aa0 sp=0x00000000304af050
Event: 31.464 Thread 0x000000001bf26000 DEOPT UNPACKING pc=0x00000000031875d0 sp=0x00000000304aed90 mode 0
Event: 31.634 Thread 0x000000001bf26000 Uncommon trap: trap_request=0xffffff65 fr.pc=0x0000000004dcbaa0
Event: 31.634 Thread 0x000000001bf26000 DEOPT PACKING pc=0x0000000004dcbaa0 sp=0x00000000304aef40
Event: 31.634 Thread 0x000000001bf26000 DEOPT UNPACKING pc=0x000000000318557b sp=0x00000000304aeee8 mode 2
Event: 31.866 Executing VM operation: ParallelGCFailedAllocation


Dynamic libraries:
0x00007ff6fc280000 - 0x00007ff6fc2b1000 	C:\Program Files\Android\Android Studio\jre\bin\java.exe
0x00007ff8a2310000 - 0x00007ff8a2505000 	C:\WINDOWS\SYSTEM32\ntdll.dll
0x00007ff8a1a60000 - 0x00007ff8a1b1d000 	C:\WINDOWS\System32\KERNEL32.DLL
0x00007ff89ffa0000 - 0x00007ff8a0268000 	C:\WINDOWS\System32\KERNELBASE.dll
0x00007ff8a18e0000 - 0x00007ff8a198c000 	C:\WINDOWS\System32\ADVAPI32.dll
0x00007ff8a03d0000 - 0x00007ff8a046e000 	C:\WINDOWS\System32\msvcrt.dll
0x00007ff8a0d10000 - 0x00007ff8a0dab000 	C:\WINDOWS\System32\sechost.dll
0x00007ff8a0b60000 - 0x00007ff8a0c8b000 	C:\WINDOWS\System32\RPCRT4.dll
0x00007ff8a1150000 - 0x00007ff8a12f0000 	C:\WINDOWS\System32\USER32.dll
0x00007ff89fcb0000 - 0x00007ff89fcd2000 	C:\WINDOWS\System32\win32u.dll
0x00007ff8a1120000 - 0x00007ff8a114a000 	C:\WINDOWS\System32\GDI32.dll
0x00007ff89fce0000 - 0x00007ff89fdeb000 	C:\WINDOWS\System32\gdi32full.dll
0x00007ff89fbb0000 - 0x00007ff89fc4d000 	C:\WINDOWS\System32\msvcp_win.dll
0x00007ff8a0270000 - 0x00007ff8a0370000 	C:\WINDOWS\System32\ucrtbase.dll
0x00007ff884170000 - 0x00007ff88440a000 	C:\WINDOWS\WinSxS\amd64_microsoft.windows.common-controls_6595b64144ccf1df_6.0.19041.844_none_ca00b6081b84eb1d\COMCTL32.dll
0x00007ff8a0fd0000 - 0x00007ff8a1000000 	C:\WINDOWS\System32\IMM32.DLL
0x0000000057450000 - 0x0000000057522000 	C:\Program Files\Android\Android Studio\jre\jre\bin\msvcr100.dll
0x0000000057610000 - 0x0000000057e5b000 	C:\Program Files\Android\Android Studio\jre\jre\bin\server\jvm.dll
0x00007ff8a16d0000 - 0x00007ff8a16d8000 	C:\WINDOWS\System32\PSAPI.DLL
0x00007ff892f60000 - 0x00007ff892f6a000 	C:\WINDOWS\SYSTEM32\VERSION.dll
0x00007ff88dad0000 - 0x00007ff88dad9000 	C:\WINDOWS\SYSTEM32\WSOCK32.dll
0x00007ff890ae0000 - 0x00007ff890b07000 	C:\WINDOWS\SYSTEM32\WINMM.dll
0x00007ff8a1790000 - 0x00007ff8a17fb000 	C:\WINDOWS\System32\WS2_32.dll
0x00007ff89ade0000 - 0x00007ff89adef000 	C:\Program Files\Android\Android Studio\jre\jre\bin\verify.dll
0x00007ff89ad30000 - 0x00007ff89ad59000 	C:\Program Files\Android\Android Studio\jre\jre\bin\java.dll
0x00007ff89ad10000 - 0x00007ff89ad26000 	C:\Program Files\Android\Android Studio\jre\jre\bin\zip.dll
0x00007ff8a1b80000 - 0x00007ff8a22c2000 	C:\WINDOWS\System32\SHELL32.dll
0x00007ff89da70000 - 0x00007ff89e201000 	C:\WINDOWS\SYSTEM32\windows.storage.dll
0x00007ff8a12f0000 - 0x00007ff8a1645000 	C:\WINDOWS\System32\combase.dll
0x00007ff89f3f0000 - 0x00007ff89f41c000 	C:\WINDOWS\SYSTEM32\Wldp.dll
0x00007ff8a0ab0000 - 0x00007ff8a0b5e000 	C:\WINDOWS\System32\SHCORE.dll
0x00007ff8a1650000 - 0x00007ff8a16a5000 	C:\WINDOWS\System32\shlwapi.dll
0x00007ff89f990000 - 0x00007ff89f9af000 	C:\WINDOWS\SYSTEM32\profapi.dll
0x00007ff89acf0000 - 0x00007ff89ad0a000 	C:\Program Files\Android\Android Studio\jre\jre\bin\net.dll
0x00007ff89f160000 - 0x00007ff89f1ca000 	C:\WINDOWS\system32\mswsock.dll
0x00007ff899710000 - 0x00007ff899723000 	C:\Program Files\Android\Android Studio\jre\jre\bin\nio.dll
0x00007ff884780000 - 0x00007ff8847a7000 	C:\Users\Ryrie\.gradle\native\f6784746aeab05261644944871eae4fe03e0ef1612fff0a4a95f87b438bc6780\windows-amd64\native-platform.dll
0x00007ff89ace0000 - 0x00007ff89aced000 	C:\Program Files\Android\Android Studio\jre\jre\bin\management.dll
0x00007ff89f340000 - 0x00007ff89f358000 	C:\WINDOWS\SYSTEM32\CRYPTSP.dll
0x00007ff89eb00000 - 0x00007ff89eb34000 	C:\WINDOWS\system32\rsaenh.dll
0x00007ff89ff70000 - 0x00007ff89ff97000 	C:\WINDOWS\System32\bcrypt.dll
0x00007ff89f950000 - 0x00007ff89f97e000 	C:\WINDOWS\SYSTEM32\USERENV.dll
0x00007ff89fef0000 - 0x00007ff89ff70000 	C:\WINDOWS\System32\bcryptprimitives.dll
0x00007ff89f330000 - 0x00007ff89f33c000 	C:\WINDOWS\SYSTEM32\CRYPTBASE.dll
0x00007ff89ee50000 - 0x00007ff89ee8b000 	C:\WINDOWS\SYSTEM32\IPHLPAPI.DLL
0x00007ff8a0aa0000 - 0x00007ff8a0aa8000 	C:\WINDOWS\System32\NSI.dll
0x00007ff897a20000 - 0x00007ff897a37000 	C:\WINDOWS\SYSTEM32\dhcpcsvc6.DLL
0x00007ff897a00000 - 0x00007ff897a1d000 	C:\WINDOWS\SYSTEM32\dhcpcsvc.DLL
0x00007ff89ee90000 - 0x00007ff89ef5c000 	C:\WINDOWS\SYSTEM32\DNSAPI.dll
0x00007ff899ff0000 - 0x00007ff899ffb000 	C:\WINDOWS\SYSTEM32\WINNSI.DLL

VM Arguments:
jvm_args: -Xmx2048m -Dfile.encoding=UTF-8 -Duser.country=KR -Duser.language=ko -Duser.variant 
java_command: org.gradle.launcher.daemon.bootstrap.GradleDaemon 6.5
java_class_path (initial): C:\Users\Ryrie\.gradle\wrapper\dists\gradle-6.5-bin\6nifqtx7604sqp1q6g8wikw7p\gradle-6.5\lib\gradle-launcher-6.5.jar
Launcher Type: SUN_STANDARD

Environment Variables:
JAVA_HOME=C:\Program Files\Java\jdk-11.0.6
PATH=C:\app\Ryrie\product\11.2.0\dbhome_1\bin;C:\Utill\Python\Python37-32\Scripts\;C:\Utill\Python\Python37-32\;C:\Program Files (x86)\Intel\iCLS Client\;C:\Program Files\Intel\iCLS Client\;C:\WINDOWS\system32;C:\WINDOWS;C:\WINDOWS\System32\Wbem;C:\WINDOWS\System32\WindowsPowerShell\v1.0\;C:\Program Files\Intel\WiFi\bin\;C:\Program Files\Common Files\Intel\WirelessCommon\;C:\Program Files (x86)\Intel\Intel(R) Management Engine Components\DAL;C:\Program Files\Intel\Intel(R) Management Engine Components\DAL;C:\Program Files (x86)\Intel\Intel(R) Management Engine Components\IPT;C:\Program Files\Intel\Intel(R) Management Engine Components\IPT;C:\Program Files\dotnet\;C:\WINDOWS\System32\OpenSSH\;C:\Program Files\MySQL\MySQL Server 8.0\bin;C:\Program Files\Java\jdk-11.0.6\bin;C:\Program Files\Git\cmd;C:\Users\Ryrie\AppData\Local\Android\Sdk\platform-tools;C:\Utill\Python\Python37\Scripts\;C:\Utill\Python\Python37\;C:\Program Files\MySQL\MySQL Shell 8.0\bin\;C:\Users\Ryrie\AppData\Local\Microsoft\WindowsApps;C:\Users\Ryrie\AppData\Local\atom\bin;C:\Users\Ryrie\AppData\Local\GitHubDesktop\bin
USERNAME=Ryrie
OS=Windows_NT
PROCESSOR_IDENTIFIER=Intel64 Family 6 Model 142 Stepping 10, GenuineIntel



---------------  S Y S T E M  ---------------

OS: Windows 10.0 , 64 bit Build 19041 (10.0.19041.928)

CPU:total 8 (initial active 8) (4 cores per cpu, 2 threads per core) family 6 model 142 stepping 10, cmov, cx8, fxsr, mmx, sse, sse2, sse3, ssse3, sse4.1, sse4.2, popcnt, avx, avx2, aes, clmul, erms, 3dnowpref, lzcnt, ht, tsc, tscinvbit, bmi1, bmi2, adx

Memory: 4k page, physical 8217872k(409172k free), swap 11289872k(6352k free)

vm_info: OpenJDK 64-Bit Server VM (25.242-b01) for windows-amd64 JRE (1.8.0_242-release-1644-b01), built by "builder" with MS VC++ 10.0 (VS2010)

time: Sun Apr 25 20:02:12 2021
timezone: 대한민국 표준시
elapsed time: 32 seconds (0d 0h 0m 32s)

