#
# There is insufficient memory for the Java Runtime Environment to continue.
# Native memory allocation (malloc) failed to allocate 943216 bytes for Chunk::new
# Possible reasons:
#   The system is out of physical RAM or swap space
#   The process is running with CompressedOops enabled, and the Java Heap may be blocking the growth of the native heap
# Possible solutions:
#   Reduce memory load on the system
#   Increase physical memory or swap space
#   Check if swap backing store is full
#   Decrease Java heap size (-Xmx/-Xms)
#   Decrease number of Java threads
#   Decrease Java thread stack sizes (-Xss)
#   Set larger code cache with -XX:ReservedCodeCacheSize=
#   JVM is running with Unscaled Compressed Oops mode in which the Java heap is
#     placed in the first 4GB address space. The Java Heap base address is the
#     maximum limit for the native heap growth. Please use -XX:HeapBaseMinAddress
#     to set the Java Heap base and to place the Java Heap above 4GB virtual address.
# This output file may be truncated or incomplete.
#
#  Out of Memory Error (allocation.cpp:389), pid=8268, tid=0x0000000000002994
#
# JRE version: OpenJDK Runtime Environment (8.0_242-b01) (build 1.8.0_242-release-1644-b01)
# Java VM: OpenJDK 64-Bit Server VM (25.242-b01 mixed mode windows-amd64 compressed oops)
# Failed to write core dump. Minidumps are not enabled by default on client versions of Windows
#

---------------  T H R E A D  ---------------

Current thread (0x0000000019b72000):  JavaThread "C2 CompilerThread0" daemon [_thread_in_native, id=10644, stack(0x000000001a2e0000,0x000000001a3e0000)]

Stack: [0x000000001a2e0000,0x000000001a3e0000]
[error occurred during error reporting (printing stack bounds), id 0xc0000005]

Native frames: (J=compiled Java code, j=interpreted, Vv=VM code, C=native code)


Current CompileTask:
C2:  25044 7714   !   4       com.android.utils.PositionXmlParser$DomBuilder::startElement (272 bytes)


---------------  P R O C E S S  ---------------

Java Threads: ( => current thread )
  0x000000001efb8000 JavaThread "WorkerExecutor Queue Thread 8" [_thread_blocked, id=4396, stack(0x000000002d0b0000,0x000000002d1b0000)]
  0x000000001efb7800 JavaThread "WorkerExecutor Queue Thread 7" [_thread_blocked, id=5328, stack(0x000000002cfb0000,0x000000002d0b0000)]
  0x0000000020f86800 JavaThread "WorkerExecutor Queue Thread 6" [_thread_blocked, id=13092, stack(0x000000002ceb0000,0x000000002cfb0000)]
  0x0000000020f8c800 JavaThread "WorkerExecutor Queue Thread 5" [_thread_blocked, id=14136, stack(0x000000002cdb0000,0x000000002ceb0000)]
  0x0000000020f8d000 JavaThread "WorkerExecutor Queue Thread 4" [_thread_blocked, id=3100, stack(0x000000002ccb0000,0x000000002cdb0000)]
  0x0000000020f8b000 JavaThread "WorkerExecutor Queue Thread 3" [_thread_blocked, id=11736, stack(0x000000002cbb0000,0x000000002ccb0000)]
  0x0000000020f87000 JavaThread "WorkerExecutor Queue Thread 2" [_thread_in_vm, id=3824, stack(0x000000002cab0000,0x000000002cbb0000)]
  0x0000000020f88000 JavaThread "WorkerExecutor Queue" [_thread_blocked, id=9064, stack(0x000000002c7b0000,0x000000002c8b0000)]
  0x0000000020f88800 JavaThread "Cache worker for execution history cache (C:\Users\Ryrie\PLA\.gradle\6.5\executionHistory)" [_thread_blocked, id=8420, stack(0x000000002c3b0000,0x000000002c4b0000)]
  0x0000000020f7e000 JavaThread "Execution worker for ':' Thread 7" [_thread_in_Java, id=11236, stack(0x000000002c2b0000,0x000000002c3b0000)]
  0x0000000020f80800 JavaThread "Execution worker for ':' Thread 6" [_thread_blocked, id=14204, stack(0x000000002c1b0000,0x000000002c2b0000)]
  0x0000000020f84000 JavaThread "Execution worker for ':' Thread 5" [_thread_blocked, id=7204, stack(0x000000002c0b0000,0x000000002c1b0000)]
  0x0000000020f81000 JavaThread "Execution worker for ':' Thread 4" [_thread_blocked, id=13664, stack(0x000000002bfb0000,0x000000002c0b0000)]
  0x0000000020f83800 JavaThread "Execution worker for ':' Thread 3" [_thread_blocked, id=12368, stack(0x000000002bd60000,0x000000002be60000)]
  0x0000000020f85000 JavaThread "Execution worker for ':' Thread 2" [_thread_blocked, id=9660, stack(0x000000002beb0000,0x000000002bfb0000)]
  0x0000000020f7f000 JavaThread "Execution worker for ':'" [_thread_blocked, id=12704, stack(0x000000002b920000,0x000000002ba20000)]
  0x0000000020f7f800 JavaThread "Cache worker for file content cache (C:\Users\Ryrie\PLA\.gradle\6.5\fileContent)" [_thread_blocked, id=13056, stack(0x000000002ba60000,0x000000002bb60000)]
  0x0000000020f82000 JavaThread "Memory manager" [_thread_blocked, id=14980, stack(0x000000002b620000,0x000000002b720000)]
  0x0000000019dcd000 JavaThread "Cache worker for Build Output Cleanup Cache (C:\Users\Ryrie\PLA\.gradle\buildOutputCleanup)" [_thread_blocked, id=2564, stack(0x000000002a520000,0x000000002a620000)]
  0x0000000019dc9000 JavaThread "jar transforms Thread 92" [_thread_blocked, id=10044, stack(0x000000002a220000,0x000000002a320000)]
  0x0000000019dc8800 JavaThread "jar transforms Thread 91" [_thread_blocked, id=2360, stack(0x000000002a120000,0x000000002a220000)]
  0x0000000019dcb800 JavaThread "jar transforms Thread 90" [_thread_blocked, id=9864, stack(0x000000002a020000,0x000000002a120000)]
  0x0000000019dc7800 JavaThread "jar transforms Thread 89" [_thread_blocked, id=2892, stack(0x0000000029f20000,0x000000002a020000)]
  0x0000000019dca000 JavaThread "jar transforms Thread 88" [_thread_blocked, id=14804, stack(0x0000000029e20000,0x0000000029f20000)]
  0x0000000019dca800 JavaThread "jar transforms Thread 87" [_thread_blocked, id=14612, stack(0x0000000029d20000,0x0000000029e20000)]
  0x0000000019dc7000 JavaThread "jar transforms Thread 86" [_thread_blocked, id=10776, stack(0x0000000029c20000,0x0000000029d20000)]
  0x0000000019dbf000 JavaThread "jar transforms Thread 85" [_thread_blocked, id=13508, stack(0x0000000029b20000,0x0000000029c20000)]
  0x0000000019dc5800 JavaThread "jar transforms Thread 84" [_thread_blocked, id=12016, stack(0x0000000029a20000,0x0000000029b20000)]
  0x0000000019dc4800 JavaThread "jar transforms Thread 83" [_thread_blocked, id=2280, stack(0x0000000029920000,0x0000000029a20000)]
  0x0000000019dc3800 JavaThread "jar transforms Thread 82" [_thread_blocked, id=9676, stack(0x0000000029820000,0x0000000029920000)]
  0x0000000019dc0000 JavaThread "jar transforms Thread 81" [_thread_blocked, id=16284, stack(0x0000000029720000,0x0000000029820000)]
  0x0000000019dc6000 JavaThread "jar transforms Thread 80" [_thread_blocked, id=1632, stack(0x0000000029620000,0x0000000029720000)]
  0x0000000019dc2000 JavaThread "jar transforms Thread 79" [_thread_blocked, id=16900, stack(0x0000000029520000,0x0000000029620000)]
  0x0000000019dc0800 JavaThread "jar transforms Thread 78" [_thread_blocked, id=10236, stack(0x0000000029420000,0x0000000029520000)]
  0x0000000019dbe800 JavaThread "jar transforms Thread 77" [_thread_blocked, id=10032, stack(0x0000000029320000,0x0000000029420000)]
  0x0000000019dbd800 JavaThread "jar transforms Thread 76" [_thread_blocked, id=13752, stack(0x0000000029220000,0x0000000029320000)]
  0x0000000019dc3000 JavaThread "jar transforms Thread 75" [_thread_blocked, id=9688, stack(0x0000000029120000,0x0000000029220000)]
  0x0000000019dc1800 JavaThread "jar transforms Thread 74" [_thread_blocked, id=16532, stack(0x0000000029020000,0x0000000029120000)]
  0x000000001c520800 JavaThread "jar transforms Thread 73" [_thread_blocked, id=3096, stack(0x0000000028f20000,0x0000000029020000)]
  0x000000001c51f000 JavaThread "jar transforms Thread 72" [_thread_blocked, id=3200, stack(0x0000000028e20000,0x0000000028f20000)]
  0x000000001c51e000 JavaThread "jar transforms Thread 71" [_thread_blocked, id=11380, stack(0x0000000028d20000,0x0000000028e20000)]
  0x000000001c51d800 JavaThread "jar transforms Thread 70" [_thread_blocked, id=10768, stack(0x0000000028c20000,0x0000000028d20000)]
  0x000000001c51f800 JavaThread "jar transforms Thread 69" [_thread_blocked, id=3776, stack(0x0000000028b20000,0x0000000028c20000)]
  0x000000001c516000 JavaThread "jar transforms Thread 68" [_thread_blocked, id=11000, stack(0x0000000028a20000,0x0000000028b20000)]
  0x000000001c51c800 JavaThread "jar transforms Thread 67" [_thread_blocked, id=10844, stack(0x0000000028920000,0x0000000028a20000)]
  0x000000001c51c000 JavaThread "jar transforms Thread 66" [_thread_blocked, id=10556, stack(0x0000000028820000,0x0000000028920000)]
  0x000000001c51b000 JavaThread "jar transforms Thread 65" [_thread_blocked, id=15340, stack(0x0000000028720000,0x0000000028820000)]
  0x000000001c515000 JavaThread "jar transforms Thread 64" [_thread_blocked, id=8852, stack(0x0000000028620000,0x0000000028720000)]
  0x000000001c513800 JavaThread "jar transforms Thread 63" [_thread_blocked, id=3800, stack(0x0000000028520000,0x0000000028620000)]
  0x000000001c51a800 JavaThread "jar transforms Thread 62" [_thread_blocked, id=2424, stack(0x0000000028420000,0x0000000028520000)]
  0x000000001c513000 JavaThread "jar transforms Thread 61" [_thread_blocked, id=14368, stack(0x0000000028320000,0x0000000028420000)]
  0x000000001c519800 JavaThread "jar transforms Thread 60" [_thread_blocked, id=12400, stack(0x0000000028220000,0x0000000028320000)]
  0x000000001c514800 JavaThread "jar transforms Thread 59" [_thread_blocked, id=15804, stack(0x0000000028120000,0x0000000028220000)]
  0x000000001c519000 JavaThread "jar transforms Thread 58" [_thread_blocked, id=2800, stack(0x0000000028020000,0x0000000028120000)]
  0x000000001c517800 JavaThread "jar transforms Thread 57" [_thread_blocked, id=10000, stack(0x0000000027f20000,0x0000000028020000)]
  0x000000001c511800 JavaThread "jar transforms Thread 56" [_thread_blocked, id=10272, stack(0x0000000027e20000,0x0000000027f20000)]
  0x000000001c516800 JavaThread "jar transforms Thread 55" [_thread_blocked, id=3504, stack(0x0000000027d20000,0x0000000027e20000)]
  0x000000001c512000 JavaThread "jar transforms Thread 54" [_thread_blocked, id=8656, stack(0x0000000027c20000,0x0000000027d20000)]
  0x000000001c518000 JavaThread "jar transforms Thread 53" [_thread_blocked, id=14956, stack(0x0000000027b20000,0x0000000027c20000)]
  0x000000001eccb000 JavaThread "jar transforms Thread 52" [_thread_blocked, id=13672, stack(0x0000000027a20000,0x0000000027b20000)]
  0x000000001eccc800 JavaThread "jar transforms Thread 51" [_thread_blocked, id=11100, stack(0x0000000027920000,0x0000000027a20000)]
  0x000000001ecca800 JavaThread "jar transforms Thread 50" [_thread_blocked, id=14500, stack(0x0000000027820000,0x0000000027920000)]
  0x000000001eccd800 JavaThread "jar transforms Thread 49" [_thread_blocked, id=17140, stack(0x0000000027720000,0x0000000027820000)]
  0x000000001ecc9800 JavaThread "jar transforms Thread 48" [_thread_blocked, id=14784, stack(0x0000000027620000,0x0000000027720000)]
  0x000000001eccc000 JavaThread "jar transforms Thread 47" [_thread_blocked, id=7180, stack(0x0000000027520000,0x0000000027620000)]
  0x000000001ecc2000 JavaThread "jar transforms Thread 46" [_thread_blocked, id=9452, stack(0x0000000027420000,0x0000000027520000)]
  0x000000001ecc9000 JavaThread "jar transforms Thread 45" [_thread_blocked, id=17272, stack(0x0000000027320000,0x0000000027420000)]
  0x000000001ecc7800 JavaThread "jar transforms Thread 44" [_thread_blocked, id=10212, stack(0x0000000027220000,0x0000000027320000)]
  0x000000001ecc8000 JavaThread "jar transforms Thread 43" [_thread_blocked, id=3908, stack(0x0000000027120000,0x0000000027220000)]
  0x000000001ecbf800 JavaThread "jar transforms Thread 42" [_thread_blocked, id=620, stack(0x0000000027020000,0x0000000027120000)]
  0x000000001ecc3800 JavaThread "jar transforms Thread 41" [_thread_blocked, id=12996, stack(0x0000000026f20000,0x0000000027020000)]
  0x000000001ecc5800 JavaThread "jar transforms Thread 40" [_thread_blocked, id=1820, stack(0x0000000026e20000,0x0000000026f20000)]
  0x000000001ecc0800 JavaThread "jar transforms Thread 39" [_thread_blocked, id=2000, stack(0x0000000026d20000,0x0000000026e20000)]
  0x000000001ecc6800 JavaThread "jar transforms Thread 38" [_thread_blocked, id=12876, stack(0x0000000026c20000,0x0000000026d20000)]
  0x000000001ecbe000 JavaThread "jar transforms Thread 37" [_thread_blocked, id=2168, stack(0x0000000026b20000,0x0000000026c20000)]
  0x000000001ecc5000 JavaThread "jar transforms Thread 36" [_thread_blocked, id=11708, stack(0x0000000026a20000,0x0000000026b20000)]
  0x000000001ecc1000 JavaThread "jar transforms Thread 35" [_thread_blocked, id=13824, stack(0x0000000026920000,0x0000000026a20000)]
  0x000000001ecc2800 JavaThread "jar transforms Thread 34" [_thread_blocked, id=5164, stack(0x0000000026820000,0x0000000026920000)]
  0x000000001ecc4000 JavaThread "jar transforms Thread 33" [_thread_blocked, id=13900, stack(0x0000000026720000,0x0000000026820000)]
  0x000000001ecbf000 JavaThread "jar transforms Thread 32" [_thread_blocked, id=12916, stack(0x0000000026620000,0x0000000026720000)]
  0x000000001f15f800 JavaThread "jar transforms Thread 31" [_thread_blocked, id=14484, stack(0x0000000026520000,0x0000000026620000)]
  0x000000001f15e000 JavaThread "jar transforms Thread 30" [_thread_blocked, id=3588, stack(0x0000000026420000,0x0000000026520000)]
  0x000000001f15d000 JavaThread "jar transforms Thread 29" [_thread_blocked, id=9768, stack(0x0000000026320000,0x0000000026420000)]
  0x000000001f164000 JavaThread "jar transforms Thread 28" [_thread_blocked, id=13880, stack(0x0000000026220000,0x0000000026320000)]
  0x000000001f163000 JavaThread "jar transforms Thread 27" [_thread_blocked, id=2020, stack(0x0000000026120000,0x0000000026220000)]
  0x000000001f15e800 JavaThread "jar transforms Thread 26" [_thread_blocked, id=16908, stack(0x0000000026020000,0x0000000026120000)]
  0x000000001f162800 JavaThread "jar transforms Thread 25" [_thread_blocked, id=12204, stack(0x0000000025f20000,0x0000000026020000)]
  0x000000001f161800 JavaThread "jar transforms Thread 24" [_thread_blocked, id=13348, stack(0x0000000025e20000,0x0000000025f20000)]
  0x000000001f160000 JavaThread "jar transforms Thread 23" [_thread_blocked, id=13064, stack(0x0000000025d20000,0x0000000025e20000)]
  0x000000001f15c800 JavaThread "jar transforms Thread 22" [_thread_blocked, id=10600, stack(0x0000000025c20000,0x0000000025d20000)]
  0x000000001f161000 JavaThread "jar transforms Thread 21" [_thread_blocked, id=1268, stack(0x0000000025b20000,0x0000000025c20000)]
  0x000000001f155000 JavaThread "jar transforms Thread 20" [_thread_blocked, id=17168, stack(0x0000000025a20000,0x0000000025b20000)]
  0x000000001f159800 JavaThread "jar transforms Thread 19" [_thread_blocked, id=12828, stack(0x0000000025920000,0x0000000025a20000)]
  0x000000001f156800 JavaThread "jar transforms Thread 18" [_thread_blocked, id=11824, stack(0x0000000025820000,0x0000000025920000)]
  0x000000001f158000 JavaThread "jar transforms Thread 17" [_thread_blocked, id=8796, stack(0x0000000025720000,0x0000000025820000)]
  0x000000001f15b800 JavaThread "jar transforms Thread 16" [_thread_blocked, id=256, stack(0x0000000025620000,0x0000000025720000)]
  0x000000001f15b000 JavaThread "jar transforms Thread 15" [_thread_blocked, id=12604, stack(0x0000000025520000,0x0000000025620000)]
  0x000000001f158800 JavaThread "jar transforms Thread 14" [_thread_blocked, id=5020, stack(0x0000000025420000,0x0000000025520000)]
  0x000000001f155800 JavaThread "jar transforms Thread 13" [_thread_blocked, id=12608, stack(0x0000000025320000,0x0000000025420000)]
  0x000000001f15a000 JavaThread "jar transforms Thread 12" [_thread_blocked, id=13760, stack(0x0000000025220000,0x0000000025320000)]
  0x000000001f157000 JavaThread "jar transforms Thread 11" [_thread_blocked, id=14848, stack(0x0000000025120000,0x0000000025220000)]
  0x00000000204e3800 JavaThread "jar transforms Thread 10" [_thread_blocked, id=7500, stack(0x0000000025020000,0x0000000025120000)]
  0x00000000204e4800 JavaThread "jar transforms Thread 9" [_thread_blocked, id=5820, stack(0x0000000024f20000,0x0000000025020000)]
  0x00000000204e3000 JavaThread "jar transforms Thread 8" [_thread_blocked, id=14752, stack(0x0000000024e20000,0x0000000024f20000)]
  0x00000000204e0800 JavaThread "jar transforms Thread 7" [_thread_blocked, id=4416, stack(0x0000000024d20000,0x0000000024e20000)]
  0x00000000204e1800 JavaThread "jar transforms Thread 6" [_thread_blocked, id=6252, stack(0x0000000024c20000,0x0000000024d20000)]
  0x00000000204e2000 JavaThread "jar transforms Thread 5" [_thread_blocked, id=16960, stack(0x0000000024b20000,0x0000000024c20000)]
  0x00000000204e0000 JavaThread "jar transforms Thread 4" [_thread_blocked, id=13872, stack(0x0000000024a20000,0x0000000024b20000)]
  0x00000000204df000 JavaThread "jar transforms Thread 3" [_thread_blocked, id=792, stack(0x0000000024920000,0x0000000024a20000)]
  0x00000000204d7800 JavaThread "jar transforms Thread 2" [_thread_blocked, id=7924, stack(0x0000000024820000,0x0000000024920000)]
  0x00000000204de800 JavaThread "Build operations Thread 8" [_thread_blocked, id=1560, stack(0x0000000024720000,0x0000000024820000)]
  0x00000000204dd800 JavaThread "Build operations Thread 7" [_thread_blocked, id=11904, stack(0x0000000024620000,0x0000000024720000)]
  0x00000000204d7000 JavaThread "Build operations Thread 6" [_thread_blocked, id=15976, stack(0x0000000024520000,0x0000000024620000)]
  0x00000000204d6000 JavaThread "Build operations Thread 5" [_thread_blocked, id=9788, stack(0x0000000024420000,0x0000000024520000)]
  0x00000000204dd000 JavaThread "Build operations Thread 4" [_thread_blocked, id=14820, stack(0x0000000024320000,0x0000000024420000)]
  0x00000000204dc000 JavaThread "Build operations Thread 3" [_thread_blocked, id=7492, stack(0x0000000024220000,0x0000000024320000)]
  0x00000000204db800 JavaThread "Build operations Thread 2" [_thread_blocked, id=16836, stack(0x0000000024120000,0x0000000024220000)]
  0x00000000204da000 JavaThread "Build operations" [_thread_blocked, id=15204, stack(0x0000000024020000,0x0000000024120000)]
  0x000000001c266000 JavaThread "Cache worker for file content cache (C:\Users\Ryrie\.gradle\caches\6.5\fileContent)" [_thread_blocked, id=11756, stack(0x0000000022950000,0x0000000022a50000)]
  0x000000001c263000 JavaThread "jar transforms" [_thread_blocked, id=12764, stack(0x0000000022850000,0x0000000022950000)]
  0x000000001c262800 JavaThread "Cache worker for execution history cache (C:\Users\Ryrie\.gradle\caches\6.5\executionHistory)" [_thread_blocked, id=10536, stack(0x0000000022150000,0x0000000022250000)]
  0x000000001c269000 JavaThread "Cache worker for cache directory md-rule (C:\Users\Ryrie\.gradle\caches\6.5\md-rule)" [_thread_blocked, id=11512, stack(0x0000000022050000,0x0000000022150000)]
  0x000000001c267800 JavaThread "Cache worker for cache directory md-supplier (C:\Users\Ryrie\.gradle\caches\6.5\md-supplier)" [_thread_blocked, id=11608, stack(0x0000000020c00000,0x0000000020d00000)]
  0x000000001c268800 JavaThread "Cache worker for checksums cache (C:\Users\Ryrie\PLA\.gradle\checksums)" [_thread_blocked, id=12816, stack(0x0000000020b00000,0x0000000020c00000)]
  0x000000001c264800 JavaThread "Cache worker for file hash cache (C:\Users\Ryrie\PLA\.gradle\6.5\fileHashes)" [_thread_blocked, id=764, stack(0x0000000021f50000,0x0000000022050000)]
  0x000000001c265800 JavaThread "Cache worker for file hash cache (C:\Users\Ryrie\.gradle\caches\6.5\fileHashes)" [_thread_blocked, id=11828, stack(0x000000001e660000,0x000000001e760000)]
  0x000000001c264000 JavaThread "File lock request listener" [_thread_in_native, id=11144, stack(0x000000001e560000,0x000000001e660000)]
  0x000000001afc2800 JavaThread "Cache worker for journal cache (C:\Users\Ryrie\.gradle\caches\journal-1)" [_thread_blocked, id=8176, stack(0x000000001e460000,0x000000001e560000)]
  0x000000001b23b800 JavaThread "Thread-9" [_thread_blocked, id=6756, stack(0x000000001e160000,0x000000001e260000)]
  0x000000001b1d4000 JavaThread "Stdin handler" [_thread_blocked, id=7992, stack(0x000000001e060000,0x000000001e160000)]
  0x000000001b1d3000 JavaThread "Asynchronous log dispatcher for DefaultDaemonConnection: socket connection from /127.0.0.1:3893 to /127.0.0.1:3894" [_thread_blocked, id=13292, stack(0x000000001df60000,0x000000001e060000)]
  0x000000001b2b6000 JavaThread "Daemon worker" [_thread_blocked, id=4480, stack(0x000000001de60000,0x000000001df60000)]
  0x000000001b2b5800 JavaThread "Cancel handler" [_thread_blocked, id=11704, stack(0x000000001dc60000,0x000000001dd60000)]
  0x000000001b027000 JavaThread "Handler for socket connection from /127.0.0.1:3893 to /127.0.0.1:3894" [_thread_in_native, id=6108, stack(0x000000001db60000,0x000000001dc60000)]
  0x000000001b022800 JavaThread "Daemon" [_thread_blocked, id=4900, stack(0x000000001da60000,0x000000001db60000)]
  0x000000001bb42800 JavaThread "Daemon periodic checks" [_thread_blocked, id=15316, stack(0x000000001d760000,0x000000001d860000)]
  0x000000001c2f4000 JavaThread "Incoming local TCP Connector on port 3893" [_thread_in_native, id=11020, stack(0x000000001d580000,0x000000001d680000)]
  0x000000001c247000 JavaThread "Daemon health stats" [_thread_blocked, id=3136, stack(0x000000001d280000,0x000000001d380000)]
  0x0000000019c07800 JavaThread "Service Thread" daemon [_thread_blocked, id=1100, stack(0x000000001a6e0000,0x000000001a7e0000)]
  0x0000000019b7e000 JavaThread "C1 CompilerThread3" daemon [_thread_in_native, id=8036, stack(0x000000001a5e0000,0x000000001a6e0000)]
  0x0000000019b78800 JavaThread "C2 CompilerThread2" daemon [_thread_in_native, id=15680, stack(0x000000001a4e0000,0x000000001a5e0000)]
  0x0000000019b75000 JavaThread "C2 CompilerThread1" daemon [_thread_in_native, id=13156, stack(0x000000001a3e0000,0x000000001a4e0000)]
=>0x0000000019b72000 JavaThread "C2 CompilerThread0" daemon [_thread_in_native, id=10644, stack(0x000000001a2e0000,0x000000001a3e0000)]
  0x0000000019b1f000 JavaThread "Attach Listener" daemon [_thread_blocked, id=12268, stack(0x000000001a1e0000,0x000000001a2e0000)]
  0x0000000019b1e000 JavaThread "Signal Dispatcher" daemon [_thread_blocked, id=13192, stack(0x000000001a0e0000,0x000000001a1e0000)]
  0x0000000019b01800 JavaThread "Finalizer" daemon [_thread_blocked, id=4252, stack(0x0000000019fe0000,0x000000001a0e0000)]
  0x0000000002c87800 JavaThread "Reference Handler" daemon [_thread_blocked, id=5256, stack(0x0000000019ee0000,0x0000000019fe0000)]
  0x0000000002b92800 JavaThread "main" [_thread_blocked, id=3036, stack(0x00000000029f0000,0x0000000002af0000)]

Other Threads:
  0x0000000002c84800 VMThread [stack: 0x00000000199e0000,0x0000000019ae0000] [id=15600]
  0x0000000019c08000 WatcherThread [stack: 0x000000001a7e0000,0x000000001a8e0000] [id=16756]

VM state:not at safepoint (normal execution)

VM Mutex/Monitor currently owned by a thread: None

heap address: 0x0000000080000000, size: 2048 MB, Compressed Oops mode: 32-bit
Narrow klass base: 0x0000000000000000, Narrow klass shift: 3
Compressed class space size: 1073741824 Address: 0x0000000100000000

Heap:
 PSYoungGen      total 232448K, used 68897K [0x00000000d5580000, 0x00000000e8400000, 0x0000000100000000)
  eden space 212992K, 23% used [0x00000000d5580000,0x00000000d85cf430,0x00000000e2580000)
  from space 19456K, 99% used [0x00000000e2580000,0x00000000e3879368,0x00000000e3880000)
  to   space 25600K, 0% used [0x00000000e6b00000,0x00000000e6b00000,0x00000000e8400000)
 ParOldGen       total 110080K, used 37310K [0x0000000080000000, 0x0000000086b80000, 0x00000000d5580000)
  object space 110080K, 33% used [0x0000000080000000,0x000000008246f878,0x0000000086b80000)
 Metaspace       used 66479K, capacity 69618K, committed 69848K, reserved 1110016K
  class space    used 9091K, capacity 9678K, committed 9728K, reserved 1048576K

Card table byte_map: [0x0000000012050000,0x0000000012460000] byte_map_base: 0x0000000011c50000

Marking Bits: (ParMarkBitMap*) 0x00000000602bf030
 Begin Bits: [0x0000000012f10000, 0x0000000014f10000)
 End Bits:   [0x0000000014f10000, 0x0000000016f10000)

Polling page: 0x0000000000e20000

CodeCache: size=245760Kb used=23127Kb max_used=23127Kb free=222632Kb
 bounds [0x0000000002c90000, 0x0000000004340000, 0x0000000011c90000]
 total_blobs=7920 nmethods=7070 adapters=762
 compilation: enabled

Compilation events (10 events):
Event: 25.035 Thread 0x0000000019b7e000 nmethod 7948 0x000000000431eb90 code [0x000000000431ed00, 0x000000000431ef38]
Event: 25.035 Thread 0x0000000019b7e000 7949       2       com.sun.org.apache.xerces.internal.dom.ParentNode::checkNormalizationAfterRemove (35 bytes)
Event: 25.035 Thread 0x0000000019b7e000 nmethod 7949 0x000000000431e750 code [0x000000000431e8c0, 0x000000000431eac8]
Event: 25.035 Thread 0x0000000019b7e000 7953       2       com.sun.org.apache.xerces.internal.dom.CoreDocumentImpl::setUserDataTable (35 bytes)
Event: 25.035 Thread 0x0000000019b7e000 nmethod 7953 0x000000000431e310 code [0x000000000431e480, 0x000000000431e688]
Event: 25.035 Thread 0x0000000019b7e000 7954       2       com.sun.org.apache.xerces.internal.dom.ElementImpl::reconcileDefaultAttributes (21 bytes)
Event: 25.036 Thread 0x0000000019b7e000 nmethod 7954 0x0000000004320e50 code [0x0000000004320fc0, 0x0000000004321178]
Event: 25.040 Thread 0x0000000019b7e000 7963       2       com.android.utils.XmlUtils$PositionAwareStringBuilder::append (45 bytes)
Event: 25.042 Thread 0x0000000019b7e000 nmethod 7963 0x0000000004321b50 code [0x0000000004321cc0, 0x0000000004322058]
Event: 25.042 Thread 0x0000000019b7e000 7964       2       com.android.utils.XmlUtils$PositionAwareStringBuilder::append (69 bytes)

GC Heap History (10 events):
Event: 11.787 GC heap before
{Heap before GC invocations=12 (full 2):
 PSYoungGen      total 137728K, used 126464K [0x00000000d5580000, 0x00000000e2b00000, 0x0000000100000000)
  eden space 126464K, 100% used [0x00000000d5580000,0x00000000dd100000,0x00000000dd100000)
  from space 11264K, 0% used [0x00000000dd100000,0x00000000dd100000,0x00000000ddc00000)
  to   space 12800K, 0% used [0x00000000e1e80000,0x00000000e1e80000,0x00000000e2b00000)
 ParOldGen       total 72192K, used 17556K [0x0000000080000000, 0x0000000084680000, 0x00000000d5580000)
  object space 72192K, 24% used [0x0000000080000000,0x0000000081125208,0x0000000084680000)
 Metaspace       used 39249K, capacity 40992K, committed 41048K, reserved 1085440K
  class space    used 5419K, capacity 5758K, committed 5760K, reserved 1048576K
Event: 11.801 GC heap after
Heap after GC invocations=12 (full 2):
 PSYoungGen      total 175616K, used 9184K [0x00000000d5580000, 0x00000000e2780000, 0x0000000100000000)
  eden space 166400K, 0% used [0x00000000d5580000,0x00000000d5580000,0x00000000df800000)
  from space 9216K, 99% used [0x00000000e1e80000,0x00000000e2778310,0x00000000e2780000)
  to   space 12800K, 0% used [0x00000000e0e80000,0x00000000e0e80000,0x00000000e1b00000)
 ParOldGen       total 72192K, used 17564K [0x0000000080000000, 0x0000000084680000, 0x00000000d5580000)
  object space 72192K, 24% used [0x0000000080000000,0x0000000081127208,0x0000000084680000)
 Metaspace       used 39249K, capacity 40992K, committed 41048K, reserved 1085440K
  class space    used 5419K, capacity 5758K, committed 5760K, reserved 1048576K
}
Event: 15.913 GC heap before
{Heap before GC invocations=13 (full 2):
 PSYoungGen      total 175616K, used 175584K [0x00000000d5580000, 0x00000000e2780000, 0x0000000100000000)
  eden space 166400K, 100% used [0x00000000d5580000,0x00000000df800000,0x00000000df800000)
  from space 9216K, 99% used [0x00000000e1e80000,0x00000000e2778310,0x00000000e2780000)
  to   space 12800K, 0% used [0x00000000e0e80000,0x00000000e0e80000,0x00000000e1b00000)
 ParOldGen       total 72192K, used 17564K [0x0000000080000000, 0x0000000084680000, 0x00000000d5580000)
  object space 72192K, 24% used [0x0000000080000000,0x0000000081127208,0x0000000084680000)
 Metaspace       used 55084K, capacity 57412K, committed 57688K, reserved 1099776K
  class space    used 7504K, capacity 7981K, committed 8064K, reserved 1048576K
Event: 15.947 GC heap after
Heap after GC invocations=13 (full 2):
 PSYoungGen      total 202240K, used 12780K [0x00000000d5580000, 0x00000000e4b80000, 0x0000000100000000)
  eden space 189440K, 0% used [0x00000000d5580000,0x00000000d5580000,0x00000000e0e80000)
  from space 12800K, 99% used [0x00000000e0e80000,0x00000000e1afb310,0x00000000e1b00000)
  to   space 19456K, 0% used [0x00000000e3880000,0x00000000e3880000,0x00000000e4b80000)
 ParOldGen       total 72192K, used 30722K [0x0000000080000000, 0x0000000084680000, 0x00000000d5580000)
  object space 72192K, 42% used [0x0000000080000000,0x0000000081e00938,0x0000000084680000)
 Metaspace       used 55084K, capacity 57412K, committed 57688K, reserved 1099776K
  class space    used 7504K, capacity 7981K, committed 8064K, reserved 1048576K
}
Event: 16.726 GC heap before
{Heap before GC invocations=14 (full 2):
 PSYoungGen      total 202240K, used 37193K [0x00000000d5580000, 0x00000000e4b80000, 0x0000000100000000)
  eden space 189440K, 12% used [0x00000000d5580000,0x00000000d6d571b0,0x00000000e0e80000)
  from space 12800K, 99% used [0x00000000e0e80000,0x00000000e1afb310,0x00000000e1b00000)
  to   space 19456K, 0% used [0x00000000e3880000,0x00000000e3880000,0x00000000e4b80000)
 ParOldGen       total 72192K, used 30722K [0x0000000080000000, 0x0000000084680000, 0x00000000d5580000)
  object space 72192K, 42% used [0x0000000080000000,0x0000000081e00938,0x0000000084680000)
 Metaspace       used 56448K, capacity 58828K, committed 58968K, reserved 1099776K
  class space    used 7727K, capacity 8213K, committed 8320K, reserved 1048576K
Event: 16.752 GC heap after
Heap after GC invocations=14 (full 2):
 PSYoungGen      total 232448K, used 1980K [0x00000000d5580000, 0x00000000e6a00000, 0x0000000100000000)
  eden space 212992K, 0% used [0x00000000d5580000,0x00000000d5580000,0x00000000e2580000)
  from space 19456K, 10% used [0x00000000e3880000,0x00000000e3a6f1f0,0x00000000e4b80000)
  to   space 19456K, 0% used [0x00000000e2580000,0x00000000e2580000,0x00000000e3880000)
 ParOldGen       total 72192K, used 43365K [0x0000000080000000, 0x0000000084680000, 0x00000000d5580000)
  object space 72192K, 60% used [0x0000000080000000,0x0000000082a59460,0x0000000084680000)
 Metaspace       used 56448K, capacity 58828K, committed 58968K, reserved 1099776K
  class space    used 7727K, capacity 8213K, committed 8320K, reserved 1048576K
}
Event: 16.752 GC heap before
{Heap before GC invocations=15 (full 3):
 PSYoungGen      total 232448K, used 1980K [0x00000000d5580000, 0x00000000e6a00000, 0x0000000100000000)
  eden space 212992K, 0% used [0x00000000d5580000,0x00000000d5580000,0x00000000e2580000)
  from space 19456K, 10% used [0x00000000e3880000,0x00000000e3a6f1f0,0x00000000e4b80000)
  to   space 19456K, 0% used [0x00000000e2580000,0x00000000e2580000,0x00000000e3880000)
 ParOldGen       total 72192K, used 43365K [0x0000000080000000, 0x0000000084680000, 0x00000000d5580000)
  object space 72192K, 60% used [0x0000000080000000,0x0000000082a59460,0x0000000084680000)
 Metaspace       used 56448K, capacity 58828K, committed 58968K, reserved 1099776K
  class space    used 7727K, capacity 8213K, committed 8320K, reserved 1048576K
Event: 17.190 GC heap after
Heap after GC invocations=15 (full 3):
 PSYoungGen      total 232448K, used 0K [0x00000000d5580000, 0x00000000e6a00000, 0x0000000100000000)
  eden space 212992K, 0% used [0x00000000d5580000,0x00000000d5580000,0x00000000e2580000)
  from space 19456K, 0% used [0x00000000e3880000,0x00000000e3880000,0x00000000e4b80000)
  to   space 19456K, 0% used [0x00000000e2580000,0x00000000e2580000,0x00000000e3880000)
 ParOldGen       total 110080K, used 29476K [0x0000000080000000, 0x0000000086b80000, 0x00000000d5580000)
  object space 110080K, 26% used [0x0000000080000000,0x0000000081cc9018,0x0000000086b80000)
 Metaspace       used 56417K, capacity 58720K, committed 58968K, reserved 1099776K
  class space    used 7717K, capacity 8195K, committed 8320K, reserved 1048576K
}
Event: 24.002 GC heap before
{Heap before GC invocations=16 (full 3):
 PSYoungGen      total 232448K, used 212992K [0x00000000d5580000, 0x00000000e6a00000, 0x0000000100000000)
  eden space 212992K, 100% used [0x00000000d5580000,0x00000000e2580000,0x00000000e2580000)
  from space 19456K, 0% used [0x00000000e3880000,0x00000000e3880000,0x00000000e4b80000)
  to   space 19456K, 0% used [0x00000000e2580000,0x00000000e2580000,0x00000000e3880000)
 ParOldGen       total 110080K, used 29476K [0x0000000080000000, 0x0000000086b80000, 0x00000000d5580000)
  object space 110080K, 26% used [0x0000000080000000,0x0000000081cc9018,0x0000000086b80000)
 Metaspace       used 64706K, capacity 67698K, committed 67928K, reserved 1107968K
  class space    used 8914K, capacity 9490K, committed 9600K, reserved 1048576K
Event: 24.034 GC heap after
Heap after GC invocations=16 (full 3):
 PSYoungGen      total 232448K, used 19428K [0x00000000d5580000, 0x00000000e8400000, 0x0000000100000000)
  eden space 212992K, 0% used [0x00000000d5580000,0x00000000d5580000,0x00000000e2580000)
  from space 19456K, 99% used [0x00000000e2580000,0x00000000e3879368,0x00000000e3880000)
  to   space 25600K, 0% used [0x00000000e6b00000,0x00000000e6b00000,0x00000000e8400000)
 ParOldGen       total 110080K, used 37310K [0x0000000080000000, 0x0000000086b80000, 0x00000000d5580000)
  object space 110080K, 33% used [0x0000000080000000,0x000000008246f878,0x0000000086b80000)
 Metaspace       used 64706K, capacity 67698K, committed 67928K, reserved 1107968K
  class space    used 8914K, capacity 9490K, committed 9600K, reserved 1048576K
}

Deoptimization events (10 events):
Event: 24.937 Thread 0x0000000020f88000 Uncommon trap: reason=unstable_if action=reinterpret pc=0x0000000004274f04 method=com.android.utils.PositionXmlParser$DomBuilder.getCurrentPosition()Lcom/android/utils/PositionXmlParser$Position; @ 65
Event: 24.937 Thread 0x0000000020f88000 Uncommon trap: reason=unstable_if action=reinterpret pc=0x0000000004290f80 method=com.android.utils.PositionXmlParser$DomBuilder.getCurrentPosition()Lcom/android/utils/PositionXmlParser$Position; @ 65
Event: 24.992 Thread 0x0000000020f7e000 Uncommon trap: reason=bimorphic action=maybe_recompile pc=0x00000000040fb940 method=com.sun.org.apache.xerces.internal.dom.CoreDocumentImpl.isKidOK(Lorg/w3c/dom/Node;Lorg/w3c/dom/Node;)Z @ 39
Event: 25.004 Thread 0x0000000020f7e000 Uncommon trap: reason=bimorphic action=maybe_recompile pc=0x00000000040fb940 method=com.sun.org.apache.xerces.internal.dom.CoreDocumentImpl.isKidOK(Lorg/w3c/dom/Node;Lorg/w3c/dom/Node;)Z @ 39
Event: 25.004 Thread 0x0000000020f7e000 Uncommon trap: reason=bimorphic action=maybe_recompile pc=0x00000000040fb940 method=com.sun.org.apache.xerces.internal.dom.CoreDocumentImpl.isKidOK(Lorg/w3c/dom/Node;Lorg/w3c/dom/Node;)Z @ 39
Event: 25.005 Thread 0x0000000020f7e000 Uncommon trap: reason=bimorphic action=maybe_recompile pc=0x00000000040fb940 method=com.sun.org.apache.xerces.internal.dom.CoreDocumentImpl.isKidOK(Lorg/w3c/dom/Node;Lorg/w3c/dom/Node;)Z @ 39
Event: 25.023 Thread 0x0000000020f7e000 Uncommon trap: reason=bimorphic action=maybe_recompile pc=0x0000000004190fcc method=com.sun.org.apache.xerces.internal.dom.AttributeMap.setNamedItem(Lorg/w3c/dom/Node;)Lorg/w3c/dom/Node; @ 4
Event: 25.023 Thread 0x0000000020f7e000 Uncommon trap: reason=bimorphic action=maybe_recompile pc=0x0000000004190fcc method=com.sun.org.apache.xerces.internal.dom.AttributeMap.setNamedItem(Lorg/w3c/dom/Node;)Lorg/w3c/dom/Node; @ 4
Event: 25.030 Thread 0x0000000020f7e000 Uncommon trap: reason=unstable_if action=reinterpret pc=0x0000000004303da4 method=com.sun.org.apache.xerces.internal.dom.ParentNode.nodeListItem(I)Lorg/w3c/dom/Node; @ 76
Event: 25.030 Thread 0x0000000020f7e000 Uncommon trap: reason=unstable_if action=reinterpret pc=0x00000000041643a8 method=com.sun.org.apache.xerces.internal.dom.ParentNode.nodeListItem(I)Lorg/w3c/dom/Node; @ 139

Classes redefined (0 events):
No events

Internal exceptions (10 events):
Event: 24.874 Thread 0x0000000020f7e000 Exception <a 'java/lang/NoSuchMethodError': <clinit>> (0x00000000d76f2f78) thrown at [C:\src\AOSP-openjdk-git\hotspot\src\share\vm\prims\jni.cpp, line 1615]
Event: 24.877 Thread 0x0000000020f7e000 Exception <a 'java/lang/NoSuchMethodError': <clinit>> (0x00000000d771a570) thrown at [C:\src\AOSP-openjdk-git\hotspot\src\share\vm\prims\jni.cpp, line 1615]
Event: 24.877 Thread 0x0000000020f7e000 Exception <a 'java/lang/NoSuchMethodError': <clinit>> (0x00000000d771f370) thrown at [C:\src\AOSP-openjdk-git\hotspot\src\share\vm\prims\jni.cpp, line 1615]
Event: 24.877 Thread 0x0000000020f7e000 Exception <a 'java/lang/NoSuchMethodError': <clinit>> (0x00000000d77229f0) thrown at [C:\src\AOSP-openjdk-git\hotspot\src\share\vm\prims\jni.cpp, line 1615]
Event: 24.878 Thread 0x0000000020f7e000 Exception <a 'java/lang/NoSuchMethodError': <clinit>> (0x00000000d773a288) thrown at [C:\src\AOSP-openjdk-git\hotspot\src\share\vm\prims\jni.cpp, line 1615]
Event: 24.880 Thread 0x0000000020f7e000 Exception <a 'java/lang/NoSuchMethodError': <clinit>> (0x00000000d774fc98) thrown at [C:\src\AOSP-openjdk-git\hotspot\src\share\vm\prims\jni.cpp, line 1615]
Event: 24.882 Thread 0x0000000020f7e000 Exception <a 'java/lang/NoSuchMethodError': <clinit>> (0x00000000d776d128) thrown at [C:\src\AOSP-openjdk-git\hotspot\src\share\vm\prims\jni.cpp, line 1615]
Event: 24.896 Thread 0x0000000020f7e000 Exception <a 'java/lang/NoSuchMethodError': <clinit>> (0x00000000d77803a0) thrown at [C:\src\AOSP-openjdk-git\hotspot\src\share\vm\prims\jni.cpp, line 1615]
Event: 24.930 Thread 0x0000000020f7e000 Exception <a 'java/lang/NoSuchMethodError': <clinit>> (0x00000000d79480c0) thrown at [C:\src\AOSP-openjdk-git\hotspot\src\share\vm\prims\jni.cpp, line 1615]
Event: 25.010 Thread 0x0000000020f87000 Exception <a 'java/io/FileNotFoundException'> (0x00000000d8314ab0) thrown at [C:\src\AOSP-openjdk-git\hotspot\src\share\vm\prims\jni.cpp, line 710]

Events (10 events):
Event: 25.039 loading class sun/java2d/pipe/PixelFillPipe
Event: 25.039 loading class sun/java2d/pipe/PixelFillPipe done
Event: 25.040 loading class sun/java2d/pipe/ShapeDrawPipe
Event: 25.040 loading class sun/java2d/pipe/ShapeDrawPipe done
Event: 25.040 loading class sun/java2d/pipe/TextPipe
Event: 25.040 loading class sun/java2d/pipe/TextPipe done
Event: 25.040 loading class sun/java2d/pipe/DrawImagePipe
Event: 25.040 loading class sun/java2d/pipe/DrawImagePipe done
Event: 25.040 loading class sun/java2d/pipe/NullPipe done
Event: 25.041 loading class java/awt/image/IndexColorModel


Dynamic libraries:
0x00007ff7479c0000 - 0x00007ff7479f1000 	C:\Program Files\Android\Android Studio\jre\bin\java.exe
0x00007ffb53750000 - 0x00007ffb53945000 	C:\WINDOWS\SYSTEM32\ntdll.dll
0x00007ffb53650000 - 0x00007ffb5370d000 	C:\WINDOWS\System32\KERNEL32.DLL
0x00007ffb51450000 - 0x00007ffb51718000 	C:\WINDOWS\System32\KERNELBASE.dll
0x00007ffb520f0000 - 0x00007ffb5219c000 	C:\WINDOWS\System32\ADVAPI32.dll
0x00007ffb53360000 - 0x00007ffb533fe000 	C:\WINDOWS\System32\msvcrt.dll
0x00007ffb51f30000 - 0x00007ffb51fcb000 	C:\WINDOWS\System32\sechost.dll
0x00007ffb51bd0000 - 0x00007ffb51cfb000 	C:\WINDOWS\System32\RPCRT4.dll
0x00007ffb53190000 - 0x00007ffb53330000 	C:\WINDOWS\System32\USER32.dll
0x00007ffb50f60000 - 0x00007ffb50f82000 	C:\WINDOWS\System32\win32u.dll
0x00007ffb53330000 - 0x00007ffb5335a000 	C:\WINDOWS\System32\GDI32.dll
0x00007ffb51340000 - 0x00007ffb5144b000 	C:\WINDOWS\System32\gdi32full.dll
0x00007ffb512a0000 - 0x00007ffb5133d000 	C:\WINDOWS\System32\msvcp_win.dll
0x00007ffb51040000 - 0x00007ffb51140000 	C:\WINDOWS\System32\ucrtbase.dll
0x00007ffb3ef30000 - 0x00007ffb3f1ca000 	C:\WINDOWS\WinSxS\amd64_microsoft.windows.common-controls_6595b64144ccf1df_6.0.19041.844_none_ca00b6081b84eb1d\COMCTL32.dll
0x00007ffb534e0000 - 0x00007ffb53510000 	C:\WINDOWS\System32\IMM32.DLL
0x000000005f930000 - 0x000000005fa02000 	C:\Program Files\Android\Android Studio\jre\jre\bin\msvcr100.dll
0x000000005faf0000 - 0x000000006033b000 	C:\Program Files\Android\Android Studio\jre\jre\bin\server\jvm.dll
0x00007ffb51f20000 - 0x00007ffb51f28000 	C:\WINDOWS\System32\PSAPI.DLL
0x00007ffb3e920000 - 0x00007ffb3e929000 	C:\WINDOWS\SYSTEM32\WSOCK32.dll
0x00007ffb53510000 - 0x00007ffb5357b000 	C:\WINDOWS\System32\WS2_32.dll
0x00007ffb448e0000 - 0x00007ffb448ea000 	C:\WINDOWS\SYSTEM32\VERSION.dll
0x00007ffb41f80000 - 0x00007ffb41fa7000 	C:\WINDOWS\SYSTEM32\WINMM.dll
0x00007ffb4bda0000 - 0x00007ffb4bdaf000 	C:\Program Files\Android\Android Studio\jre\jre\bin\verify.dll
0x00007ffb489b0000 - 0x00007ffb489d9000 	C:\Program Files\Android\Android Studio\jre\jre\bin\java.dll
0x00007ffb49030000 - 0x00007ffb49046000 	C:\Program Files\Android\Android Studio\jre\jre\bin\zip.dll
0x00007ffb52430000 - 0x00007ffb52b72000 	C:\WINDOWS\System32\SHELL32.dll
0x00007ffb4eeb0000 - 0x00007ffb4f641000 	C:\WINDOWS\SYSTEM32\windows.storage.dll
0x00007ffb51870000 - 0x00007ffb51bc5000 	C:\WINDOWS\System32\combase.dll
0x00007ffb50830000 - 0x00007ffb5085c000 	C:\WINDOWS\SYSTEM32\Wldp.dll
0x00007ffb51d00000 - 0x00007ffb51dae000 	C:\WINDOWS\System32\SHCORE.dll
0x00007ffb53480000 - 0x00007ffb534d5000 	C:\WINDOWS\System32\shlwapi.dll
0x00007ffb50dd0000 - 0x00007ffb50def000 	C:\WINDOWS\SYSTEM32\profapi.dll
0x00007ffb48990000 - 0x00007ffb489aa000 	C:\Program Files\Android\Android Studio\jre\jre\bin\net.dll
0x00007ffb505a0000 - 0x00007ffb5060a000 	C:\WINDOWS\system32\mswsock.dll
0x00007ffb48970000 - 0x00007ffb48983000 	C:\Program Files\Android\Android Studio\jre\jre\bin\nio.dll
0x00007ffb49080000 - 0x00007ffb490a7000 	C:\Users\Ryrie\.gradle\native\f6784746aeab05261644944871eae4fe03e0ef1612fff0a4a95f87b438bc6780\windows-amd64\native-platform.dll
0x00007ffb4b200000 - 0x00007ffb4b20d000 	C:\Program Files\Android\Android Studio\jre\jre\bin\management.dll
0x00007ffb50770000 - 0x00007ffb50788000 	C:\WINDOWS\SYSTEM32\CRYPTSP.dll
0x00007ffb4ff40000 - 0x00007ffb4ff74000 	C:\WINDOWS\system32\rsaenh.dll
0x00007ffb51780000 - 0x00007ffb517a7000 	C:\WINDOWS\System32\bcrypt.dll
0x00007ffb50d50000 - 0x00007ffb50d7e000 	C:\WINDOWS\SYSTEM32\USERENV.dll
0x00007ffb50e90000 - 0x00007ffb50f10000 	C:\WINDOWS\System32\bcryptprimitives.dll
0x00007ffb50790000 - 0x00007ffb5079c000 	C:\WINDOWS\SYSTEM32\CRYPTBASE.dll
0x00007ffb50290000 - 0x00007ffb502cb000 	C:\WINDOWS\SYSTEM32\IPHLPAPI.DLL
0x00007ffb53120000 - 0x00007ffb53128000 	C:\WINDOWS\System32\NSI.dll
0x00007ffb48180000 - 0x00007ffb48197000 	C:\WINDOWS\SYSTEM32\dhcpcsvc6.DLL
0x00007ffb48040000 - 0x00007ffb4805d000 	C:\WINDOWS\SYSTEM32\dhcpcsvc.DLL
0x00007ffb502d0000 - 0x00007ffb5039c000 	C:\WINDOWS\SYSTEM32\DNSAPI.dll
0x00007ffb4bae0000 - 0x00007ffb4baeb000 	C:\WINDOWS\SYSTEM32\WINNSI.DLL
0x00007ffb28560000 - 0x00007ffb286fc000 	C:\Program Files\Android\Android Studio\jre\jre\bin\awt.dll
0x00007ffb53580000 - 0x00007ffb5364d000 	C:\WINDOWS\System32\OLEAUT32.dll
0x00007ffb4e600000 - 0x00007ffb4e62f000 	C:\WINDOWS\SYSTEM32\dwmapi.dll
0x00007ffb4caa0000 - 0x00007ffb4d060000 	C:\WINDOWS\SYSTEM32\d2d1.dll
0x00007ffb4dcc0000 - 0x00007ffb4dd50000 	C:\WINDOWS\SYSTEM32\apphelp.dll
0x00007ffb4e440000 - 0x00007ffb4e4de000 	C:\WINDOWS\system32\uxtheme.dll

VM Arguments:
jvm_args: -Xmx2048m -Dfile.encoding=UTF-8 -Duser.country=KR -Duser.language=ko -Duser.variant 
java_command: org.gradle.launcher.daemon.bootstrap.GradleDaemon 6.5
java_class_path (initial): C:\Users\Ryrie\.gradle\wrapper\dists\gradle-6.5-bin\6nifqtx7604sqp1q6g8wikw7p\gradle-6.5\lib\gradle-launcher-6.5.jar
Launcher Type: SUN_STANDARD

Environment Variables:
JAVA_HOME=C:\Program Files\Java\jdk-11.0.6
PATH=C:\app\Ryrie\product\11.2.0\dbhome_1\bin;C:\Utill\Python\Python37-32\Scripts\;C:\Utill\Python\Python37-32\;C:\Program Files (x86)\Intel\iCLS Client\;C:\Program Files\Intel\iCLS Client\;C:\WINDOWS\system32;C:\WINDOWS;C:\WINDOWS\System32\Wbem;C:\WINDOWS\System32\WindowsPowerShell\v1.0\;C:\Program Files\Intel\WiFi\bin\;C:\Program Files\Common Files\Intel\WirelessCommon\;C:\Program Files (x86)\Intel\Intel(R) Management Engine Components\DAL;C:\Program Files\Intel\Intel(R) Management Engine Components\DAL;C:\Program Files (x86)\Intel\Intel(R) Management Engine Components\IPT;C:\Program Files\Intel\Intel(R) Management Engine Components\IPT;C:\Program Files\dotnet\;C:\WINDOWS\System32\OpenSSH\;C:\Program Files\MySQL\MySQL Server 8.0\bin;C:\Program Files\Java\jdk-11.0.6\bin;C:\Program Files\Git\cmd;C:\Users\Ryrie\AppData\Local\Android\Sdk\platform-tools;C:\Utill\Python\Python37\Scripts\;C:\Utill\Python\Python37\;C:\Program Files\MySQL\MySQL Shell 8.0\bin\;C:\Users\Ryrie\AppData\Local\Microsoft\WindowsApps;C:\Users\Ryrie\AppData\Local\atom\bin;C:\Users\Ryrie\AppData\Local\GitHubDesktop\bin
USERNAME=Ryrie
OS=Windows_NT
PROCESSOR_IDENTIFIER=Intel64 Family 6 Model 142 Stepping 10, GenuineIntel



---------------  S Y S T E M  ---------------

OS: Windows 10.0 , 64 bit Build 19041 (10.0.19041.928)

CPU:total 8 (initial active 8) (4 cores per cpu, 2 threads per core) family 6 model 142 stepping 10, cmov, cx8, fxsr, mmx, sse, sse2, sse3, ssse3, sse4.1, sse4.2, popcnt, avx, avx2, aes, clmul, erms, 3dnowpref, lzcnt, ht, tsc, tscinvbit, bmi1, bmi2, adx

Memory: 4k page, physical 8217872k(1619452k free), swap 11289872k(2532k free)

vm_info: OpenJDK 64-Bit Server VM (25.242-b01) for windows-amd64 JRE (1.8.0_242-release-1644-b01), built by "builder" with MS VC++ 10.0 (VS2010)

time: Sun Apr 25 01:34:51 2021
timezone: 대한민국 표준시
elapsed time: 25 seconds (0d 0h 0m 25s)

