#
# There is insufficient memory for the Java Runtime Environment to continue.
# Native memory allocation (malloc) failed to allocate 435696 bytes for Chunk::new
# Possible reasons:
#   The system is out of physical RAM or swap space
#   The process is running with CompressedOops enabled, and the Java Heap may be blocking the growth of the native heap
# Possible solutions:
#   Reduce memory load on the system
#   Increase physical memory or swap space
#   Check if swap backing store is full
#   Decrease Java heap size (-Xmx/-Xms)
#   Decrease number of Java threads
#   Decrease Java thread stack sizes (-Xss)
#   Set larger code cache with -XX:ReservedCodeCacheSize=
#   JVM is running with Unscaled Compressed Oops mode in which the Java heap is
#     placed in the first 4GB address space. The Java Heap base address is the
#     maximum limit for the native heap growth. Please use -XX:HeapBaseMinAddress
#     to set the Java Heap base and to place the Java Heap above 4GB virtual address.
# This output file may be truncated or incomplete.
#
#  Out of Memory Error (allocation.cpp:389), pid=17836, tid=0x00000000000039c0
#
# JRE version: OpenJDK Runtime Environment (8.0_242-b01) (build 1.8.0_242-release-1644-b01)
# Java VM: OpenJDK 64-Bit Server VM (25.242-b01 mixed mode windows-amd64 compressed oops)
# Failed to write core dump. Minidumps are not enabled by default on client versions of Windows
#

---------------  T H R E A D  ---------------

Current thread (0x0000000019b2b000):  JavaThread "C2 CompilerThread0" daemon [_thread_in_native, id=14784, stack(0x000000001a300000,0x000000001a400000)]

Stack: [0x000000001a300000,0x000000001a400000]
[error occurred during error reporting (printing stack bounds), id 0xc0000005]

Native frames: (J=compiled Java code, j=interpreted, Vv=VM code, C=native code)


Current CompileTask:
C2:   6510 1658       4       java.io.WinNTFileSystem::normalize (231 bytes)


---------------  P R O C E S S  ---------------

Java Threads: ( => current thread )
  0x000000001bc5c800 JavaThread "Cache worker for file hash cache (C:\Users\Ryrie\.gradle\caches\6.5\fileHashes)" [_thread_blocked, id=8292, stack(0x000000001e6a0000,0x000000001e7a0000)]
  0x000000001bc55800 JavaThread "File lock request listener" [_thread_in_native, id=15396, stack(0x000000001e5a0000,0x000000001e6a0000)]
  0x000000001bc8c000 JavaThread "Cache worker for journal cache (C:\Users\Ryrie\.gradle\caches\journal-1)" [_thread_blocked, id=4428, stack(0x000000001e4a0000,0x000000001e5a0000)]
  0x000000001b0d7000 JavaThread "Thread-9" [_thread_blocked, id=17040, stack(0x000000001e1a0000,0x000000001e2a0000)]
  0x000000001b88e000 JavaThread "Stdin handler" [_thread_blocked, id=18164, stack(0x000000001e0a0000,0x000000001e1a0000)]
  0x000000001af9e000 JavaThread "Asynchronous log dispatcher for DefaultDaemonConnection: socket connection from /127.0.0.1:14017 to /127.0.0.1:14018" [_thread_blocked, id=13260, stack(0x000000001dfa0000,0x000000001e0a0000)]
  0x000000001acc4000 JavaThread "Daemon worker" [_thread_in_vm, id=764, stack(0x000000001dea0000,0x000000001dfa0000)]
  0x000000001aa1b000 JavaThread "Cancel handler" [_thread_blocked, id=14224, stack(0x000000001dca0000,0x000000001dda0000)]
  0x000000001b72e000 JavaThread "Handler for socket connection from /127.0.0.1:14017 to /127.0.0.1:14018" [_thread_in_native, id=14208, stack(0x000000001dba0000,0x000000001dca0000)]
  0x0000000019bf9800 JavaThread "Daemon" [_thread_blocked, id=10104, stack(0x000000001daa0000,0x000000001dba0000)]
  0x000000001afbc000 JavaThread "Daemon periodic checks" [_thread_blocked, id=9912, stack(0x000000001d7a0000,0x000000001d8a0000)]
  0x000000001c46b800 JavaThread "Incoming local TCP Connector on port 14017" [_thread_in_native, id=18076, stack(0x000000001d5c0000,0x000000001d6c0000)]
  0x000000001c3ce800 JavaThread "Daemon health stats" [_thread_blocked, id=17964, stack(0x000000001d2a0000,0x000000001d3a0000)]
  0x0000000019c1c800 JavaThread "Service Thread" daemon [_thread_blocked, id=11176, stack(0x000000001a700000,0x000000001a800000)]
  0x0000000019bb4000 JavaThread "C1 CompilerThread3" daemon [_thread_in_native, id=12592, stack(0x000000001a600000,0x000000001a700000)]
  0x0000000017d1e800 JavaThread "C2 CompilerThread2" daemon [_thread_in_native, id=17960, stack(0x000000001a500000,0x000000001a600000)]
  0x0000000019b2f000 JavaThread "C2 CompilerThread1" daemon [_thread_in_native, id=18296, stack(0x000000001a400000,0x000000001a500000)]
=>0x0000000019b2b000 JavaThread "C2 CompilerThread0" daemon [_thread_in_native, id=14784, stack(0x000000001a300000,0x000000001a400000)]
  0x0000000019b88000 JavaThread "Attach Listener" daemon [_thread_blocked, id=17956, stack(0x000000001a200000,0x000000001a300000)]
  0x0000000019b87000 JavaThread "Signal Dispatcher" daemon [_thread_blocked, id=17728, stack(0x000000001a100000,0x000000001a200000)]
  0x0000000019b10800 JavaThread "Finalizer" daemon [_thread_blocked, id=12448, stack(0x0000000019ff0000,0x000000001a0f0000)]
  0x0000000002c98000 JavaThread "Reference Handler" daemon [_thread_blocked, id=15660, stack(0x0000000019ef0000,0x0000000019ff0000)]
  0x0000000002ba2800 JavaThread "main" [_thread_blocked, id=16468, stack(0x0000000002aa0000,0x0000000002ba0000)]

Other Threads:
  0x0000000017d06800 VMThread [stack: 0x00000000199f0000,0x0000000019af0000] [id=9868]
  0x0000000019c1d800 WatcherThread [stack: 0x000000001a800000,0x000000001a900000] [id=17632]

VM state:not at safepoint (normal execution)

VM Mutex/Monitor currently owned by a thread:  ([mutex/lock_event])
[0x000000000274d950] SymbolTable_lock - owner thread: 0x0000000000000000

heap address: 0x0000000080000000, size: 2048 MB, Compressed Oops mode: 32-bit
Narrow klass base: 0x0000000000000000, Narrow klass shift: 3
Compressed class space size: 1073741824 Address: 0x0000000100000000

Heap:
 PSYoungGen      total 37888K, used 16582K [0x00000000d5580000, 0x00000000da980000, 0x0000000100000000)
  eden space 32768K, 35% used [0x00000000d5580000,0x00000000d60b7408,0x00000000d7580000)
  from space 5120K, 99% used [0x00000000d7580000,0x00000000d7a7a630,0x00000000d7a80000)
  to   space 10240K, 0% used [0x00000000d9f80000,0x00000000d9f80000,0x00000000da980000)
 ParOldGen       total 86016K, used 6704K [0x0000000080000000, 0x0000000085400000, 0x00000000d5580000)
  object space 86016K, 7% used [0x0000000080000000,0x000000008068c3a0,0x0000000085400000)
 Metaspace       used 18751K, capacity 19384K, committed 19456K, reserved 1067008K
  class space    used 2571K, capacity 2744K, committed 2816K, reserved 1048576K

Card table byte_map: [0x0000000012060000,0x0000000012470000] byte_map_base: 0x0000000011c60000

Marking Bits: (ParMarkBitMap*) 0x00000000602bf030
 Begin Bits: [0x0000000012f20000, 0x0000000014f20000)
 End Bits:   [0x0000000014f20000, 0x0000000016f20000)

Polling page: 0x0000000002650000

CodeCache: size=245760Kb used=5652Kb max_used=5652Kb free=240107Kb
 bounds [0x0000000002ca0000, 0x0000000003230000, 0x0000000011ca0000]
 total_blobs=2042 nmethods=1629 adapters=326
 compilation: enabled

Compilation events (10 events):
Event: 6.497 Thread 0x0000000019bb4000 nmethod 1659 0x0000000002dac090 code [0x0000000002dac200, 0x0000000002dac5a8]
Event: 6.501 Thread 0x0000000019bb4000 1660       3       java.util.concurrent.locks.ReentrantLock$Sync::tryRelease (45 bytes)
Event: 6.502 Thread 0x0000000019bb4000 nmethod 1660 0x0000000002dab810 code [0x0000000002dab9a0, 0x0000000002dabf48]
Event: 6.502 Thread 0x0000000019bb4000 1661       3       java.lang.invoke.LambdaForm$Name::lastUseIndex (36 bytes)
Event: 6.503 Thread 0x0000000019bb4000 nmethod 1661 0x000000000321ecd0 code [0x000000000321ee40, 0x000000000321f0f0]
Event: 6.503 Thread 0x0000000019bb4000 1666       3       java.lang.invoke.InvokerBytecodeGenerator::isStaticallyInvocable (169 bytes)
Event: 6.507 Thread 0x0000000019bb4000 nmethod 1666 0x000000000321f210 code [0x000000000321f680, 0x0000000003222738]
Event: 6.507 Thread 0x0000000019bb4000 1664   !   3       java.lang.invoke.MemberName::getFieldType (177 bytes)
Event: 6.508 Thread 0x0000000019bb4000 nmethod 1664 0x0000000003223dd0 code [0x0000000003224080, 0x00000000032259b8]
Event: 6.508 Thread 0x0000000019bb4000 1662       3       jdk.internal.org.objectweb.asm.MethodWriter::visitMethodInsn (220 bytes)

GC Heap History (10 events):
Event: 1.298 GC heap before
{Heap before GC invocations=1 (full 0):
 PSYoungGen      total 37888K, used 32768K [0x00000000d5580000, 0x00000000d7f80000, 0x0000000100000000)
  eden space 32768K, 100% used [0x00000000d5580000,0x00000000d7580000,0x00000000d7580000)
  from space 5120K, 0% used [0x00000000d7a80000,0x00000000d7a80000,0x00000000d7f80000)
  to   space 5120K, 0% used [0x00000000d7580000,0x00000000d7580000,0x00000000d7a80000)
 ParOldGen       total 86016K, used 0K [0x0000000080000000, 0x0000000085400000, 0x00000000d5580000)
  object space 86016K, 0% used [0x0000000080000000,0x0000000080000000,0x0000000085400000)
 Metaspace       used 7606K, capacity 7914K, committed 8064K, reserved 1056768K
  class space    used 936K, capacity 1041K, committed 1152K, reserved 1048576K
Event: 1.305 GC heap after
Heap after GC invocations=1 (full 0):
 PSYoungGen      total 37888K, used 4776K [0x00000000d5580000, 0x00000000d7f80000, 0x0000000100000000)
  eden space 32768K, 0% used [0x00000000d5580000,0x00000000d5580000,0x00000000d7580000)
  from space 5120K, 93% used [0x00000000d7580000,0x00000000d7a2a2f8,0x00000000d7a80000)
  to   space 5120K, 0% used [0x00000000d7a80000,0x00000000d7a80000,0x00000000d7f80000)
 ParOldGen       total 86016K, used 16K [0x0000000080000000, 0x0000000085400000, 0x00000000d5580000)
  object space 86016K, 0% used [0x0000000080000000,0x0000000080004000,0x0000000085400000)
 Metaspace       used 7606K, capacity 7914K, committed 8064K, reserved 1056768K
  class space    used 936K, capacity 1041K, committed 1152K, reserved 1048576K
}
Event: 1.616 GC heap before
{Heap before GC invocations=2 (full 0):
 PSYoungGen      total 37888K, used 37544K [0x00000000d5580000, 0x00000000d7f80000, 0x0000000100000000)
  eden space 32768K, 100% used [0x00000000d5580000,0x00000000d7580000,0x00000000d7580000)
  from space 5120K, 93% used [0x00000000d7580000,0x00000000d7a2a2f8,0x00000000d7a80000)
  to   space 5120K, 0% used [0x00000000d7a80000,0x00000000d7a80000,0x00000000d7f80000)
 ParOldGen       total 86016K, used 16K [0x0000000080000000, 0x0000000085400000, 0x00000000d5580000)
  object space 86016K, 0% used [0x0000000080000000,0x0000000080004000,0x0000000085400000)
 Metaspace       used 7835K, capacity 8118K, committed 8320K, reserved 1056768K
  class space    used 954K, capacity 1045K, committed 1152K, reserved 1048576K
Event: 1.620 GC heap after
Heap after GC invocations=2 (full 0):
 PSYoungGen      total 37888K, used 3547K [0x00000000d5580000, 0x00000000d7f80000, 0x0000000100000000)
  eden space 32768K, 0% used [0x00000000d5580000,0x00000000d5580000,0x00000000d7580000)
  from space 5120K, 69% used [0x00000000d7a80000,0x00000000d7df6c28,0x00000000d7f80000)
  to   space 5120K, 0% used [0x00000000d7580000,0x00000000d7580000,0x00000000d7a80000)
 ParOldGen       total 86016K, used 24K [0x0000000080000000, 0x0000000085400000, 0x00000000d5580000)
  object space 86016K, 0% used [0x0000000080000000,0x0000000080006000,0x0000000085400000)
 Metaspace       used 7835K, capacity 8118K, committed 8320K, reserved 1056768K
  class space    used 954K, capacity 1045K, committed 1152K, reserved 1048576K
}
Event: 5.785 GC heap before
{Heap before GC invocations=3 (full 0):
 PSYoungGen      total 37888K, used 36315K [0x00000000d5580000, 0x00000000d7f80000, 0x0000000100000000)
  eden space 32768K, 100% used [0x00000000d5580000,0x00000000d7580000,0x00000000d7580000)
  from space 5120K, 69% used [0x00000000d7a80000,0x00000000d7df6c28,0x00000000d7f80000)
  to   space 5120K, 0% used [0x00000000d7580000,0x00000000d7580000,0x00000000d7a80000)
 ParOldGen       total 86016K, used 24K [0x0000000080000000, 0x0000000085400000, 0x00000000d5580000)
  object space 86016K, 0% used [0x0000000080000000,0x0000000080006000,0x0000000085400000)
 Metaspace       used 11937K, capacity 12282K, committed 12544K, reserved 1060864K
  class space    used 1581K, capacity 1685K, committed 1792K, reserved 1048576K
Event: 5.791 GC heap after
Heap after GC invocations=3 (full 0):
 PSYoungGen      total 37888K, used 5113K [0x00000000d5580000, 0x00000000d7f80000, 0x0000000100000000)
  eden space 32768K, 0% used [0x00000000d5580000,0x00000000d5580000,0x00000000d7580000)
  from space 5120K, 99% used [0x00000000d7580000,0x00000000d7a7e620,0x00000000d7a80000)
  to   space 5120K, 0% used [0x00000000d7a80000,0x00000000d7a80000,0x00000000d7f80000)
 ParOldGen       total 86016K, used 1100K [0x0000000080000000, 0x0000000085400000, 0x00000000d5580000)
  object space 86016K, 1% used [0x0000000080000000,0x0000000080113208,0x0000000085400000)
 Metaspace       used 11937K, capacity 12282K, committed 12544K, reserved 1060864K
  class space    used 1581K, capacity 1685K, committed 1792K, reserved 1048576K
}
Event: 6.086 GC heap before
{Heap before GC invocations=4 (full 0):
 PSYoungGen      total 37888K, used 37881K [0x00000000d5580000, 0x00000000d7f80000, 0x0000000100000000)
  eden space 32768K, 100% used [0x00000000d5580000,0x00000000d7580000,0x00000000d7580000)
  from space 5120K, 99% used [0x00000000d7580000,0x00000000d7a7e620,0x00000000d7a80000)
  to   space 5120K, 0% used [0x00000000d7a80000,0x00000000d7a80000,0x00000000d7f80000)
 ParOldGen       total 86016K, used 1100K [0x0000000080000000, 0x0000000085400000, 0x00000000d5580000)
  object space 86016K, 1% used [0x0000000080000000,0x0000000080113208,0x0000000085400000)
 Metaspace       used 14676K, capacity 15234K, committed 15488K, reserved 1062912K
  class space    used 1998K, capacity 2157K, committed 2176K, reserved 1048576K
Event: 6.094 GC heap after
Heap after GC invocations=4 (full 0):
 PSYoungGen      total 37888K, used 5092K [0x00000000d5580000, 0x00000000d9f80000, 0x0000000100000000)
  eden space 32768K, 0% used [0x00000000d5580000,0x00000000d5580000,0x00000000d7580000)
  from space 5120K, 99% used [0x00000000d7a80000,0x00000000d7f79070,0x00000000d7f80000)
  to   space 5120K, 0% used [0x00000000d7580000,0x00000000d7580000,0x00000000d7a80000)
 ParOldGen       total 86016K, used 3703K [0x0000000080000000, 0x0000000085400000, 0x00000000d5580000)
  object space 86016K, 4% used [0x0000000080000000,0x000000008039dd48,0x0000000085400000)
 Metaspace       used 14676K, capacity 15234K, committed 15488K, reserved 1062912K
  class space    used 1998K, capacity 2157K, committed 2176K, reserved 1048576K
}
Event: 6.370 GC heap before
{Heap before GC invocations=5 (full 0):
 PSYoungGen      total 37888K, used 37860K [0x00000000d5580000, 0x00000000d9f80000, 0x0000000100000000)
  eden space 32768K, 100% used [0x00000000d5580000,0x00000000d7580000,0x00000000d7580000)
  from space 5120K, 99% used [0x00000000d7a80000,0x00000000d7f79070,0x00000000d7f80000)
  to   space 5120K, 0% used [0x00000000d7580000,0x00000000d7580000,0x00000000d7a80000)
 ParOldGen       total 86016K, used 3703K [0x0000000080000000, 0x0000000085400000, 0x00000000d5580000)
  object space 86016K, 4% used [0x0000000080000000,0x000000008039dd48,0x0000000085400000)
 Metaspace       used 17522K, capacity 18192K, committed 18560K, reserved 1064960K
  class space    used 2394K, capacity 2568K, committed 2688K, reserved 1048576K
Event: 6.378 GC heap after
Heap after GC invocations=5 (full 0):
 PSYoungGen      total 37888K, used 5097K [0x00000000d5580000, 0x00000000da980000, 0x0000000100000000)
  eden space 32768K, 0% used [0x00000000d5580000,0x00000000d5580000,0x00000000d7580000)
  from space 5120K, 99% used [0x00000000d7580000,0x00000000d7a7a630,0x00000000d7a80000)
  to   space 10240K, 0% used [0x00000000d9f80000,0x00000000d9f80000,0x00000000da980000)
 ParOldGen       total 86016K, used 6704K [0x0000000080000000, 0x0000000085400000, 0x00000000d5580000)
  object space 86016K, 7% used [0x0000000080000000,0x000000008068c3a0,0x0000000085400000)
 Metaspace       used 17522K, capacity 18192K, committed 18560K, reserved 1064960K
  class space    used 2394K, capacity 2568K, committed 2688K, reserved 1048576K
}

Deoptimization events (10 events):
Event: 6.025 Thread 0x000000001acc4000 Uncommon trap: reason=class_check action=maybe_recompile pc=0x0000000002fd44d8 method=java.util.regex.Matcher.match(II)Z @ 86
Event: 6.025 Thread 0x000000001acc4000 Uncommon trap: reason=class_check action=maybe_recompile pc=0x0000000002e55d10 method=java.util.regex.Matcher.match(II)Z @ 86
Event: 6.131 Thread 0x000000001acc4000 Uncommon trap: reason=unstable_if action=reinterpret pc=0x0000000002fbec9c method=java.io.File.getName()Ljava/lang/String; @ 16
Event: 6.132 Thread 0x000000001acc4000 Uncommon trap: reason=unstable_if action=reinterpret pc=0x0000000002fc5394 method=java.lang.String.substring(I)Ljava/lang/String; @ 35
Event: 6.297 Thread 0x000000001acc4000 Uncommon trap: reason=unstable_if action=reinterpret pc=0x0000000002fbe570 method=java.util.LinkedHashMap.afterNodeInsertion(Z)V @ 1
Event: 6.298 Thread 0x000000001acc4000 Uncommon trap: reason=unstable_if action=reinterpret pc=0x0000000002f126c4 method=java.util.HashMap.getNode(ILjava/lang/Object;)Ljava/util/HashMap$Node; @ 129
Event: 6.298 Thread 0x000000001acc4000 Uncommon trap: reason=bimorphic action=maybe_recompile pc=0x000000000316fa24 method=java.util.HashMap.putVal(ILjava/lang/Object;Ljava/lang/Object;ZZ)Ljava/lang/Object; @ 203
Event: 6.300 Thread 0x000000001acc4000 Uncommon trap: reason=unstable_if action=reinterpret pc=0x0000000002f121c8 method=java.util.HashMap.getNode(ILjava/lang/Object;)Ljava/util/HashMap$Node; @ 129
Event: 6.300 Thread 0x000000001acc4000 Uncommon trap: reason=bimorphic action=maybe_recompile pc=0x000000000316fa24 method=java.util.HashMap.putVal(ILjava/lang/Object;Ljava/lang/Object;ZZ)Ljava/lang/Object; @ 203
Event: 6.418 Thread 0x000000001acc4000 Uncommon trap: reason=unstable_if action=reinterpret pc=0x00000000031ca64c method=java.util.jar.Attributes$Name.isDigit(C)Z @ 3

Classes redefined (0 events):
No events

Internal exceptions (10 events):
Event: 5.782 Thread 0x000000001b72e000 Exception <a 'java/lang/NoSuchMethodError': <clinit>> (0x00000000d7564b80) thrown at [C:\src\AOSP-openjdk-git\hotspot\src\share\vm\prims\jni.cpp, line 1615]
Event: 5.784 Thread 0x000000001b72e000 Exception <a 'java/lang/NoSuchMethodError': <clinit>> (0x00000000d7579168) thrown at [C:\src\AOSP-openjdk-git\hotspot\src\share\vm\prims\jni.cpp, line 1615]
Event: 5.800 Thread 0x000000001b72e000 Exception <a 'java/lang/NoSuchMethodError': <clinit>> (0x00000000d5631b20) thrown at [C:\src\AOSP-openjdk-git\hotspot\src\share\vm\prims\jni.cpp, line 1615]
Event: 5.807 Thread 0x000000001b72e000 Exception <a 'java/lang/NoSuchMethodError': <clinit>> (0x00000000d566c050) thrown at [C:\src\AOSP-openjdk-git\hotspot\src\share\vm\prims\jni.cpp, line 1615]
Event: 5.812 Thread 0x000000001b72e000 Exception <a 'java/lang/NoSuchMethodError': <clinit>> (0x00000000d56a1a48) thrown at [C:\src\AOSP-openjdk-git\hotspot\src\share\vm\prims\jni.cpp, line 1615]
Event: 5.814 Thread 0x000000001b72e000 Exception <a 'java/lang/NoSuchMethodError': <clinit>> (0x00000000d56adfa8) thrown at [C:\src\AOSP-openjdk-git\hotspot\src\share\vm\prims\jni.cpp, line 1615]
Event: 6.163 Thread 0x000000001acc4000 Exception <a 'java/lang/NoSuchMethodError': java.lang.Object.lambda$and$0(Ljava/util/function/Predicate;Ljava/lang/Object;)Z> (0x00000000d5aafb08) thrown at [C:\src\AOSP-openjdk-git\hotspot\src\share\vm\interpreter\linkResolver.cpp, line 620]
Event: 6.166 Thread 0x000000001acc4000 Exception <a 'java/lang/IncompatibleClassChangeError': Found class java.lang.Object, but interface was expected> (0x00000000d5abfe00) thrown at [C:\src\AOSP-openjdk-git\hotspot\src\share\vm\interpreter\linkResolver.cpp, line 653]
Event: 6.168 Thread 0x000000001acc4000 Exception <a 'java/lang/NoSuchMethodError': java.lang.Object.lambda$or$2(Ljava/util/function/Predicate;Ljava/lang/Object;)Z> (0x00000000d5ac4950) thrown at [C:\src\AOSP-openjdk-git\hotspot\src\share\vm\interpreter\linkResolver.cpp, line 620]
Event: 6.334 Thread 0x000000001acc4000 Exception <a 'java/lang/NoSuchMethodError': java.lang.Object.lambda$static$0(Lorg/gradle/internal/state/ModelObject;)Ljava/lang/String;> (0x00000000d72aceb8) thrown at [C:\src\AOSP-openjdk-git\hotspot\src\share\vm\interpreter\linkResolver.cpp, line 620]

Events (10 events):
Event: 6.506 loading class org/gradle/initialization/BuildOperatingFiringSettingsPreparer$1
Event: 6.506 loading class org/gradle/initialization/BuildOperatingFiringSettingsPreparer$1 done
Event: 6.506 loading class org/gradle/initialization/DefaultSettingsPreparer
Event: 6.506 loading class org/gradle/initialization/DefaultSettingsPreparer done
Event: 6.507 loading class org/gradle/invocation/DefaultGradle
Event: 6.507 loading class org/gradle/invocation/DefaultGradle done
Event: 6.508 loading class org/gradle/api/internal/GradleInternal
Event: 6.508 loading class org/gradle/api/internal/GradleInternal done
Event: 6.508 loading class org/gradle/api/invocation/Gradle
Event: 6.508 loading class org/gradle/api/invocation/Gradle done


Dynamic libraries:
0x00007ff7dc370000 - 0x00007ff7dc3a1000 	C:\Program Files\Android\Android Studio\jre\bin\java.exe
0x00007ffb53750000 - 0x00007ffb53945000 	C:\WINDOWS\SYSTEM32\ntdll.dll
0x00007ffb53650000 - 0x00007ffb5370d000 	C:\WINDOWS\System32\KERNEL32.DLL
0x00007ffb51450000 - 0x00007ffb51718000 	C:\WINDOWS\System32\KERNELBASE.dll
0x00007ffb520f0000 - 0x00007ffb5219c000 	C:\WINDOWS\System32\ADVAPI32.dll
0x00007ffb53360000 - 0x00007ffb533fe000 	C:\WINDOWS\System32\msvcrt.dll
0x00007ffb51f30000 - 0x00007ffb51fcb000 	C:\WINDOWS\System32\sechost.dll
0x00007ffb51bd0000 - 0x00007ffb51cfb000 	C:\WINDOWS\System32\RPCRT4.dll
0x00007ffb53190000 - 0x00007ffb53330000 	C:\WINDOWS\System32\USER32.dll
0x00007ffb50f60000 - 0x00007ffb50f82000 	C:\WINDOWS\System32\win32u.dll
0x00007ffb53330000 - 0x00007ffb5335a000 	C:\WINDOWS\System32\GDI32.dll
0x00007ffb51340000 - 0x00007ffb5144b000 	C:\WINDOWS\System32\gdi32full.dll
0x00007ffb512a0000 - 0x00007ffb5133d000 	C:\WINDOWS\System32\msvcp_win.dll
0x00007ffb51040000 - 0x00007ffb51140000 	C:\WINDOWS\System32\ucrtbase.dll
0x00007ffb3ef30000 - 0x00007ffb3f1ca000 	C:\WINDOWS\WinSxS\amd64_microsoft.windows.common-controls_6595b64144ccf1df_6.0.19041.844_none_ca00b6081b84eb1d\COMCTL32.dll
0x00007ffb534e0000 - 0x00007ffb53510000 	C:\WINDOWS\System32\IMM32.DLL
0x000000005f930000 - 0x000000005fa02000 	C:\Program Files\Android\Android Studio\jre\jre\bin\msvcr100.dll
0x000000005faf0000 - 0x000000006033b000 	C:\Program Files\Android\Android Studio\jre\jre\bin\server\jvm.dll
0x00007ffb51f20000 - 0x00007ffb51f28000 	C:\WINDOWS\System32\PSAPI.DLL
0x00007ffb3e920000 - 0x00007ffb3e929000 	C:\WINDOWS\SYSTEM32\WSOCK32.dll
0x00007ffb41f80000 - 0x00007ffb41fa7000 	C:\WINDOWS\SYSTEM32\WINMM.dll
0x00007ffb53510000 - 0x00007ffb5357b000 	C:\WINDOWS\System32\WS2_32.dll
0x00007ffb448e0000 - 0x00007ffb448ea000 	C:\WINDOWS\SYSTEM32\VERSION.dll
0x00007ffb4dc70000 - 0x00007ffb4dc7f000 	C:\Program Files\Android\Android Studio\jre\jre\bin\verify.dll
0x00007ffb498b0000 - 0x00007ffb498d9000 	C:\Program Files\Android\Android Studio\jre\jre\bin\java.dll
0x00007ffb49040000 - 0x00007ffb49056000 	C:\Program Files\Android\Android Studio\jre\jre\bin\zip.dll
0x00007ffb52430000 - 0x00007ffb52b72000 	C:\WINDOWS\System32\SHELL32.dll
0x00007ffb4eeb0000 - 0x00007ffb4f641000 	C:\WINDOWS\SYSTEM32\windows.storage.dll
0x00007ffb51870000 - 0x00007ffb51bc5000 	C:\WINDOWS\System32\combase.dll
0x00007ffb50830000 - 0x00007ffb5085c000 	C:\WINDOWS\SYSTEM32\Wldp.dll
0x00007ffb51d00000 - 0x00007ffb51dae000 	C:\WINDOWS\System32\SHCORE.dll
0x00007ffb53480000 - 0x00007ffb534d5000 	C:\WINDOWS\System32\shlwapi.dll
0x00007ffb50dd0000 - 0x00007ffb50def000 	C:\WINDOWS\SYSTEM32\profapi.dll
0x00007ffb49020000 - 0x00007ffb4903a000 	C:\Program Files\Android\Android Studio\jre\jre\bin\net.dll
0x00007ffb505a0000 - 0x00007ffb5060a000 	C:\WINDOWS\system32\mswsock.dll
0x00007ffb347e0000 - 0x00007ffb347f3000 	C:\Program Files\Android\Android Studio\jre\jre\bin\nio.dll
0x00007ffb336b0000 - 0x00007ffb336d7000 	C:\Users\Ryrie\.gradle\native\f6784746aeab05261644944871eae4fe03e0ef1612fff0a4a95f87b438bc6780\windows-amd64\native-platform.dll
0x00007ffb4c100000 - 0x00007ffb4c10d000 	C:\Program Files\Android\Android Studio\jre\jre\bin\management.dll
0x00007ffb50770000 - 0x00007ffb50788000 	C:\WINDOWS\SYSTEM32\CRYPTSP.dll
0x00007ffb4ff40000 - 0x00007ffb4ff74000 	C:\WINDOWS\system32\rsaenh.dll
0x00007ffb51780000 - 0x00007ffb517a7000 	C:\WINDOWS\System32\bcrypt.dll
0x00007ffb50d50000 - 0x00007ffb50d7e000 	C:\WINDOWS\SYSTEM32\USERENV.dll
0x00007ffb50e90000 - 0x00007ffb50f10000 	C:\WINDOWS\System32\bcryptprimitives.dll
0x00007ffb50790000 - 0x00007ffb5079c000 	C:\WINDOWS\SYSTEM32\CRYPTBASE.dll
0x00007ffb50290000 - 0x00007ffb502cb000 	C:\WINDOWS\SYSTEM32\IPHLPAPI.DLL
0x00007ffb53120000 - 0x00007ffb53128000 	C:\WINDOWS\System32\NSI.dll
0x00007ffb48180000 - 0x00007ffb48197000 	C:\WINDOWS\SYSTEM32\dhcpcsvc6.DLL
0x00007ffb48040000 - 0x00007ffb4805d000 	C:\WINDOWS\SYSTEM32\dhcpcsvc.DLL
0x00007ffb502d0000 - 0x00007ffb5039c000 	C:\WINDOWS\SYSTEM32\DNSAPI.dll
0x00007ffb4bae0000 - 0x00007ffb4baeb000 	C:\WINDOWS\SYSTEM32\WINNSI.DLL

VM Arguments:
jvm_args: -Xmx2048m -Dfile.encoding=UTF-8 -Duser.country=KR -Duser.language=ko -Duser.variant 
java_command: org.gradle.launcher.daemon.bootstrap.GradleDaemon 6.5
java_class_path (initial): C:\Users\Ryrie\.gradle\wrapper\dists\gradle-6.5-bin\6nifqtx7604sqp1q6g8wikw7p\gradle-6.5\lib\gradle-launcher-6.5.jar
Launcher Type: SUN_STANDARD

Environment Variables:
JAVA_HOME=C:\Program Files\Java\jdk-11.0.6
PATH=C:\app\Ryrie\product\11.2.0\dbhome_1\bin;C:\Utill\Python\Python37-32\Scripts\;C:\Utill\Python\Python37-32\;C:\Program Files (x86)\Intel\iCLS Client\;C:\Program Files\Intel\iCLS Client\;C:\WINDOWS\system32;C:\WINDOWS;C:\WINDOWS\System32\Wbem;C:\WINDOWS\System32\WindowsPowerShell\v1.0\;C:\Program Files\Intel\WiFi\bin\;C:\Program Files\Common Files\Intel\WirelessCommon\;C:\Program Files (x86)\Intel\Intel(R) Management Engine Components\DAL;C:\Program Files\Intel\Intel(R) Management Engine Components\DAL;C:\Program Files (x86)\Intel\Intel(R) Management Engine Components\IPT;C:\Program Files\Intel\Intel(R) Management Engine Components\IPT;C:\Program Files\dotnet\;C:\WINDOWS\System32\OpenSSH\;C:\Program Files\MySQL\MySQL Server 8.0\bin;C:\Program Files\Java\jdk-11.0.6\bin;C:\Program Files\Git\cmd;C:\Users\Ryrie\AppData\Local\Android\Sdk\platform-tools;C:\Utill\Python\Python37\Scripts\;C:\Utill\Python\Python37\;C:\Program Files\MySQL\MySQL Shell 8.0\bin\;C:\Users\Ryrie\AppData\Local\Microsoft\WindowsApps;C:\Users\Ryrie\AppData\Local\atom\bin;C:\Users\Ryrie\AppData\Local\GitHubDesktop\bin
USERNAME=Ryrie
OS=Windows_NT
PROCESSOR_IDENTIFIER=Intel64 Family 6 Model 142 Stepping 10, GenuineIntel



---------------  S Y S T E M  ---------------

OS: Windows 10.0 , 64 bit Build 19041 (10.0.19041.928)

CPU:total 8 (initial active 8) (4 cores per cpu, 2 threads per core) family 6 model 142 stepping 10, cmov, cx8, fxsr, mmx, sse, sse2, sse3, ssse3, sse4.1, sse4.2, popcnt, avx, avx2, aes, clmul, erms, 3dnowpref, lzcnt, ht, tsc, tscinvbit, bmi1, bmi2, adx

Memory: 4k page, physical 8217872k(859316k free), swap 11289872k(5124k free)

vm_info: OpenJDK 64-Bit Server VM (25.242-b01) for windows-amd64 JRE (1.8.0_242-release-1644-b01), built by "builder" with MS VC++ 10.0 (VS2010)

time: Sun Apr 25 13:54:50 2021
timezone: 대한민국 표준시
elapsed time: 6 seconds (0d 0h 0m 6s)

