#
# There is insufficient memory for the Java Runtime Environment to continue.
# Native memory allocation (malloc) failed to allocate 131088 bytes for Chunk::new
# Possible reasons:
#   The system is out of physical RAM or swap space
#   The process is running with CompressedOops enabled, and the Java Heap may be blocking the growth of the native heap
# Possible solutions:
#   Reduce memory load on the system
#   Increase physical memory or swap space
#   Check if swap backing store is full
#   Decrease Java heap size (-Xmx/-Xms)
#   Decrease number of Java threads
#   Decrease Java thread stack sizes (-Xss)
#   Set larger code cache with -XX:ReservedCodeCacheSize=
#   JVM is running with Unscaled Compressed Oops mode in which the Java heap is
#     placed in the first 4GB address space. The Java Heap base address is the
#     maximum limit for the native heap growth. Please use -XX:HeapBaseMinAddress
#     to set the Java Heap base and to place the Java Heap above 4GB virtual address.
# This output file may be truncated or incomplete.
#
#  Out of Memory Error (allocation.cpp:389), pid=16020, tid=0x00000000000023d8
#
# JRE version: OpenJDK Runtime Environment (8.0_242-b01) (build 1.8.0_242-release-1644-b01)
# Java VM: OpenJDK 64-Bit Server VM (25.242-b01 mixed mode windows-amd64 compressed oops)
# Failed to write core dump. Minidumps are not enabled by default on client versions of Windows
#

---------------  T H R E A D  ---------------

Current thread (0x000000001a64b800):  JavaThread "C2 CompilerThread2" daemon [_thread_in_native, id=9176, stack(0x000000001b040000,0x000000001b140000)]

Stack: [0x000000001b040000,0x000000001b140000]
[error occurred during error reporting (printing stack bounds), id 0xc0000005]

Native frames: (J=compiled Java code, j=interpreted, Vv=VM code, C=native code)


Current CompileTask:
C2:7265274 12325 %     4       org.objectweb.asm.ClassReader::readCode @ 2165 (5089 bytes)


---------------  P R O C E S S  ---------------

Java Threads: ( => current thread )
  0x00000000208a6800 JavaThread "ForkJoinPool.commonPool-worker-7" daemon [_thread_blocked, id=12596, stack(0x0000000030000000,0x0000000030100000)]
  0x00000000208a6000 JavaThread "ForkJoinPool.commonPool-worker-6" daemon [_thread_in_Java, id=2832, stack(0x000000002ff00000,0x0000000030000000)]
  0x00000000208a2000 JavaThread "ForkJoinPool.commonPool-worker-5" daemon [_thread_blocked, id=13184, stack(0x000000002fe00000,0x000000002ff00000)]
  0x00000000208a7800 JavaThread "ForkJoinPool.commonPool-worker-4" daemon [_thread_blocked, id=10356, stack(0x000000002fd00000,0x000000002fe00000)]
  0x00000000208a4800 JavaThread "ForkJoinPool.commonPool-worker-3" daemon [_thread_in_Java, id=10688, stack(0x000000002fc00000,0x000000002fd00000)]
  0x00000000208a3800 JavaThread "ForkJoinPool.commonPool-worker-2" daemon [_thread_in_native, id=5000, stack(0x000000002fb00000,0x000000002fc00000)]
  0x0000000020899000 JavaThread "ForkJoinPool.commonPool-worker-1" daemon [_thread_in_native_trans, id=272, stack(0x000000002fa00000,0x000000002fb00000)]
  0x00000000208a0000 JavaThread "Cache worker for Java compile cache (C:\Users\Ryrie\PLA\.gradle\6.5\javaCompile)" [_thread_blocked, id=4884, stack(0x000000002f1e0000,0x000000002f2e0000)]
  0x000000002089e800 JavaThread "Cache worker for Java compile cache (C:\Users\Ryrie\.gradle\caches\6.5\javaCompile)" [_thread_blocked, id=8328, stack(0x000000002f0e0000,0x000000002f1e0000)]
  0x000000002089a800 JavaThread "WorkerExecutor Queue Thread 2" [_thread_blocked, id=15400, stack(0x000000002d9b0000,0x000000002dab0000)]
  0x000000002089d800 JavaThread "stdout" [_thread_in_native, id=544, stack(0x000000002ebe0000,0x000000002ece0000)]
  0x000000002089d000 JavaThread "stderr" [_thread_in_native, id=6212, stack(0x000000002db10000,0x000000002dc10000)]
  0x000000002089c000 JavaThread "pool-3-thread-1" [_thread_blocked, id=6032, stack(0x000000002d8b0000,0x000000002d9b0000)]
  0x0000000020898000 JavaThread "WorkerExecutor Queue" [_thread_blocked, id=11476, stack(0x000000002c1e0000,0x000000002c2e0000)]
  0x000000001d690800 JavaThread "Cache worker for execution history cache (C:\Users\Ryrie\PLA\.gradle\6.5\executionHistory)" [_thread_blocked, id=15812, stack(0x000000002d7b0000,0x000000002d8b0000)]
  0x000000001d68f800 JavaThread "Execution worker for ':' Thread 7" [_thread_blocked, id=1380, stack(0x000000002d6b0000,0x000000002d7b0000)]
  0x000000001d68f000 JavaThread "Execution worker for ':' Thread 6" [_thread_blocked, id=9672, stack(0x000000002d1b0000,0x000000002d2b0000)]
  0x000000001d68e000 JavaThread "Execution worker for ':' Thread 5" [_thread_blocked, id=7652, stack(0x000000002d0b0000,0x000000002d1b0000)]
  0x000000001d68d800 JavaThread "Execution worker for ':' Thread 4" [_thread_blocked, id=1004, stack(0x000000002cfb0000,0x000000002d0b0000)]
  0x000000001d686000 JavaThread "Execution worker for ':' Thread 3" [_thread_blocked, id=3200, stack(0x000000002ceb0000,0x000000002cfb0000)]
  0x000000001d68c800 JavaThread "Execution worker for ':' Thread 2" [_thread_blocked, id=8356, stack(0x000000002c980000,0x000000002ca80000)]
  0x000000001d68c000 JavaThread "Execution worker for ':'" [_thread_blocked, id=11632, stack(0x000000002c570000,0x000000002c670000)]
  0x000000001d68b000 JavaThread "Cache worker for file content cache (C:\Users\Ryrie\PLA\.gradle\6.5\fileContent)" [_thread_blocked, id=10216, stack(0x000000002b2e0000,0x000000002b3e0000)]
  0x000000001d689800 JavaThread "Cache worker for Build Output Cleanup Cache (C:\Users\Ryrie\PLA\.gradle\buildOutputCleanup)" [_thread_blocked, id=9696, stack(0x000000002afe0000,0x000000002b0e0000)]
  0x000000001d689000 JavaThread "jar transforms Thread 184" [_thread_blocked, id=1704, stack(0x000000002aee0000,0x000000002afe0000)]
  0x000000001d685000 JavaThread "jar transforms Thread 183" [_thread_blocked, id=16256, stack(0x000000002ade0000,0x000000002aee0000)]
  0x000000001d687800 JavaThread "jar transforms Thread 182" [_thread_blocked, id=10588, stack(0x000000002ace0000,0x000000002ade0000)]
  0x000000001d682000 JavaThread "jar transforms Thread 181" [_thread_blocked, id=5688, stack(0x000000002aae0000,0x000000002abe0000)]
  0x000000001d683800 JavaThread "jar transforms Thread 180" [_thread_blocked, id=13836, stack(0x000000002a9e0000,0x000000002aae0000)]
  0x000000001d684800 JavaThread "jar transforms Thread 179" [_thread_blocked, id=14128, stack(0x000000002a8e0000,0x000000002a9e0000)]
  0x000000001d688000 JavaThread "jar transforms Thread 178" [_thread_blocked, id=3556, stack(0x000000002a7e0000,0x000000002a8e0000)]
  0x000000001d686800 JavaThread "jar transforms Thread 177" [_thread_blocked, id=2992, stack(0x000000002a6e0000,0x000000002a7e0000)]
  0x000000001d683000 JavaThread "jar transforms Thread 176" [_thread_blocked, id=280, stack(0x000000002a5e0000,0x000000002a6e0000)]
  0x000000001c48d000 JavaThread "jar transforms Thread 175" [_thread_blocked, id=9836, stack(0x000000002a4e0000,0x000000002a5e0000)]
  0x000000001c493800 JavaThread "jar transforms Thread 174" [_thread_blocked, id=13040, stack(0x000000002a3e0000,0x000000002a4e0000)]
  0x000000001c493000 JavaThread "jar transforms Thread 173" [_thread_blocked, id=9324, stack(0x000000002a2e0000,0x000000002a3e0000)]
  0x000000001c48b800 JavaThread "jar transforms Thread 172" [_thread_blocked, id=9896, stack(0x000000002a1e0000,0x000000002a2e0000)]
  0x000000001c491800 JavaThread "jar transforms Thread 171" [_thread_blocked, id=15628, stack(0x000000002a0e0000,0x000000002a1e0000)]
  0x000000001c490800 JavaThread "jar transforms Thread 170" [_thread_blocked, id=15836, stack(0x0000000029fe0000,0x000000002a0e0000)]
  0x000000001c48d800 JavaThread "jar transforms Thread 169" [_thread_blocked, id=13228, stack(0x0000000029ee0000,0x0000000029fe0000)]
  0x000000001c492000 JavaThread "jar transforms Thread 168" [_thread_blocked, id=9248, stack(0x0000000029de0000,0x0000000029ee0000)]
  0x000000001c48e800 JavaThread "jar transforms Thread 167" [_thread_blocked, id=15820, stack(0x0000000029ce0000,0x0000000029de0000)]
  0x000000001c48c000 JavaThread "jar transforms Thread 166" [_thread_blocked, id=12492, stack(0x0000000029be0000,0x0000000029ce0000)]
  0x000000001c490000 JavaThread "jar transforms Thread 165" [_thread_blocked, id=12660, stack(0x0000000029ae0000,0x0000000029be0000)]
  0x000000001c48f000 JavaThread "jar transforms Thread 164" [_thread_blocked, id=11524, stack(0x00000000299e0000,0x0000000029ae0000)]
  0x000000001c484800 JavaThread "jar transforms Thread 163" [_thread_blocked, id=2008, stack(0x00000000298e0000,0x00000000299e0000)]
  0x000000001c486000 JavaThread "jar transforms Thread 162" [_thread_blocked, id=15380, stack(0x00000000297e0000,0x00000000298e0000)]
  0x000000001c48a800 JavaThread "jar transforms Thread 161" [_thread_blocked, id=15516, stack(0x00000000296e0000,0x00000000297e0000)]
  0x000000001c485800 JavaThread "jar transforms Thread 160" [_thread_blocked, id=14092, stack(0x00000000295e0000,0x00000000296e0000)]
  0x000000001c489000 JavaThread "jar transforms Thread 159" [_thread_blocked, id=2032, stack(0x00000000294e0000,0x00000000295e0000)]
  0x000000001c488800 JavaThread "jar transforms Thread 158" [_thread_blocked, id=3760, stack(0x00000000293e0000,0x00000000294e0000)]
  0x000000001c48a000 JavaThread "jar transforms Thread 157" [_thread_blocked, id=12036, stack(0x00000000292e0000,0x00000000293e0000)]
  0x000000001c487800 JavaThread "jar transforms Thread 156" [_thread_blocked, id=10364, stack(0x00000000291e0000,0x00000000292e0000)]
  0x000000001c487000 JavaThread "jar transforms Thread 155" [_thread_blocked, id=2120, stack(0x00000000290e0000,0x00000000291e0000)]
  0x000000001a92c000 JavaThread "jar transforms Thread 154" [_thread_blocked, id=13728, stack(0x0000000028fe0000,0x00000000290e0000)]
  0x000000001a92a800 JavaThread "jar transforms Thread 153" [_thread_blocked, id=11608, stack(0x0000000028ee0000,0x0000000028fe0000)]
  0x000000001a931000 JavaThread "jar transforms Thread 152" [_thread_blocked, id=10532, stack(0x0000000028de0000,0x0000000028ee0000)]
  0x000000001a929800 JavaThread "jar transforms Thread 151" [_thread_blocked, id=13376, stack(0x0000000028ce0000,0x0000000028de0000)]
  0x000000001a930800 JavaThread "jar transforms Thread 150" [_thread_blocked, id=5436, stack(0x0000000028be0000,0x0000000028ce0000)]
  0x000000001a92f800 JavaThread "jar transforms Thread 149" [_thread_blocked, id=12980, stack(0x0000000028ae0000,0x0000000028be0000)]
  0x000000001a92d800 JavaThread "jar transforms Thread 148" [_thread_blocked, id=7212, stack(0x00000000289e0000,0x0000000028ae0000)]
  0x000000001a92b000 JavaThread "jar transforms Thread 147" [_thread_blocked, id=7448, stack(0x00000000288e0000,0x00000000289e0000)]
  0x000000001a92f000 JavaThread "jar transforms Thread 146" [_thread_blocked, id=15300, stack(0x00000000287e0000,0x00000000288e0000)]
  0x000000001a92c800 JavaThread "jar transforms Thread 145" [_thread_blocked, id=920, stack(0x00000000286e0000,0x00000000287e0000)]
  0x000000001a92e000 JavaThread "jar transforms Thread 144" [_thread_blocked, id=11908, stack(0x00000000285e0000,0x00000000286e0000)]
  0x000000001a922000 JavaThread "jar transforms Thread 143" [_thread_blocked, id=13612, stack(0x00000000284e0000,0x00000000285e0000)]
  0x000000001a929000 JavaThread "jar transforms Thread 142" [_thread_blocked, id=7844, stack(0x00000000283e0000,0x00000000284e0000)]
  0x000000001a928000 JavaThread "jar transforms Thread 141" [_thread_blocked, id=7924, stack(0x00000000282e0000,0x00000000283e0000)]
  0x000000001a927800 JavaThread "jar transforms Thread 140" [_thread_blocked, id=12356, stack(0x00000000281e0000,0x00000000282e0000)]
  0x000000001a924800 JavaThread "jar transforms Thread 139" [_thread_blocked, id=14312, stack(0x00000000280e0000,0x00000000281e0000)]
  0x000000001a923800 JavaThread "jar transforms Thread 138" [_thread_blocked, id=7040, stack(0x0000000027fe0000,0x00000000280e0000)]
  0x000000001a926800 JavaThread "jar transforms Thread 137" [_thread_blocked, id=12812, stack(0x0000000027ee0000,0x0000000027fe0000)]
  0x000000001a923000 JavaThread "jar transforms Thread 136" [_thread_blocked, id=13028, stack(0x0000000027de0000,0x0000000027ee0000)]
  0x000000001a926000 JavaThread "jar transforms Thread 135" [_thread_blocked, id=15228, stack(0x0000000027ce0000,0x0000000027de0000)]
  0x000000001a925000 JavaThread "jar transforms Thread 134" [_thread_blocked, id=3212, stack(0x0000000027be0000,0x0000000027ce0000)]
  0x000000001cfb4800 JavaThread "jar transforms Thread 133" [_thread_blocked, id=11728, stack(0x0000000027ae0000,0x0000000027be0000)]
  0x000000001cfb3800 JavaThread "jar transforms Thread 132" [_thread_blocked, id=7776, stack(0x00000000279e0000,0x0000000027ae0000)]
  0x000000001cfb3000 JavaThread "jar transforms Thread 131" [_thread_blocked, id=6132, stack(0x00000000278e0000,0x00000000279e0000)]
  0x000000001cfb1800 JavaThread "jar transforms Thread 130" [_thread_blocked, id=4968, stack(0x00000000277e0000,0x00000000278e0000)]
  0x000000001cfb0800 JavaThread "jar transforms Thread 129" [_thread_blocked, id=6432, stack(0x00000000276e0000,0x00000000277e0000)]
  0x000000001fb1f000 JavaThread "jar transforms Thread 128" [_thread_blocked, id=2240, stack(0x00000000275e0000,0x00000000276e0000)]
  0x000000001fb1d000 JavaThread "jar transforms Thread 127" [_thread_blocked, id=11392, stack(0x00000000274e0000,0x00000000275e0000)]
  0x000000001fb1c000 JavaThread "jar transforms Thread 126" [_thread_blocked, id=3488, stack(0x00000000273e0000,0x00000000274e0000)]
  0x000000001fb1b800 JavaThread "jar transforms Thread 125" [_thread_blocked, id=12880, stack(0x00000000272e0000,0x00000000273e0000)]
  0x000000001fb1e800 JavaThread "jar transforms Thread 124" [_thread_blocked, id=10196, stack(0x00000000271e0000,0x00000000272e0000)]
  0x000000001fb1d800 JavaThread "jar transforms Thread 123" [_thread_blocked, id=3576, stack(0x00000000270e0000,0x00000000271e0000)]
  0x000000001fb20800 JavaThread "jar transforms Thread 122" [_thread_blocked, id=11284, stack(0x0000000026fe0000,0x00000000270e0000)]
  0x000000001fb20000 JavaThread "jar transforms Thread 121" [_thread_blocked, id=10716, stack(0x0000000026ee0000,0x0000000026fe0000)]
  0x000000001fb15800 JavaThread "jar transforms Thread 120" [_thread_blocked, id=5780, stack(0x0000000026de0000,0x0000000026ee0000)]
  0x000000001fb14000 JavaThread "jar transforms Thread 119" [_thread_blocked, id=15448, stack(0x0000000026ce0000,0x0000000026de0000)]
  0x000000001fb19000 JavaThread "jar transforms Thread 118" [_thread_blocked, id=13608, stack(0x0000000026be0000,0x0000000026ce0000)]
  0x000000001fb18800 JavaThread "jar transforms Thread 117" [_thread_blocked, id=14268, stack(0x0000000026ae0000,0x0000000026be0000)]
  0x000000001fb17000 JavaThread "jar transforms Thread 116" [_thread_blocked, id=10536, stack(0x00000000269e0000,0x0000000026ae0000)]
  0x000000001fb1a800 JavaThread "jar transforms Thread 115" [_thread_blocked, id=15040, stack(0x00000000268e0000,0x00000000269e0000)]
  0x000000001fb14800 JavaThread "jar transforms Thread 114" [_thread_blocked, id=8636, stack(0x00000000267e0000,0x00000000268e0000)]
  0x000000001fb17800 JavaThread "jar transforms Thread 113" [_thread_blocked, id=13368, stack(0x00000000266e0000,0x00000000267e0000)]
  0x000000001fb1a000 JavaThread "jar transforms Thread 112" [_thread_blocked, id=15668, stack(0x00000000265e0000,0x00000000266e0000)]
  0x000000001fb12800 JavaThread "jar transforms Thread 111" [_thread_blocked, id=1364, stack(0x00000000264e0000,0x00000000265e0000)]
  0x000000001cc50000 JavaThread "jar transforms Thread 110" [_thread_blocked, id=12628, stack(0x00000000263e0000,0x00000000264e0000)]
  0x000000001cc4e800 JavaThread "jar transforms Thread 109" [_thread_blocked, id=6964, stack(0x00000000262e0000,0x00000000263e0000)]
  0x000000001cc4d800 JavaThread "jar transforms Thread 108" [_thread_blocked, id=13948, stack(0x00000000261e0000,0x00000000262e0000)]
  0x000000001cc51800 JavaThread "jar transforms Thread 107" [_thread_blocked, id=3100, stack(0x00000000260e0000,0x00000000261e0000)]
  0x000000001cc4f000 JavaThread "jar transforms Thread 106" [_thread_blocked, id=10764, stack(0x0000000025fe0000,0x00000000260e0000)]
  0x000000001cc4d000 JavaThread "jar transforms Thread 105" [_thread_blocked, id=13644, stack(0x0000000025ee0000,0x0000000025fe0000)]
  0x000000001cc4c000 JavaThread "jar transforms Thread 104" [_thread_blocked, id=15444, stack(0x0000000025de0000,0x0000000025ee0000)]
  0x000000001cc44800 JavaThread "jar transforms Thread 103" [_thread_blocked, id=4848, stack(0x0000000025ce0000,0x0000000025de0000)]
  0x000000001cc4b800 JavaThread "jar transforms Thread 102" [_thread_blocked, id=8764, stack(0x0000000025be0000,0x0000000025ce0000)]
  0x000000001cc44000 JavaThread "jar transforms Thread 101" [_thread_blocked, id=11360, stack(0x0000000025ae0000,0x0000000025be0000)]
  0x000000001cc4a800 JavaThread "jar transforms Thread 100" [_thread_blocked, id=232, stack(0x00000000259e0000,0x0000000025ae0000)]
  0x000000001cc43000 JavaThread "jar transforms Thread 99" [_thread_blocked, id=6544, stack(0x00000000258e0000,0x00000000259e0000)]
  0x000000001cc4a000 JavaThread "jar transforms Thread 98" [_thread_blocked, id=15452, stack(0x00000000257e0000,0x00000000258e0000)]
  0x000000001cc46000 JavaThread "jar transforms Thread 97" [_thread_blocked, id=6528, stack(0x00000000256e0000,0x00000000257e0000)]
  0x000000001cc47800 JavaThread "jar transforms Thread 96" [_thread_blocked, id=8556, stack(0x00000000255e0000,0x00000000256e0000)]
  0x000000001cc45800 JavaThread "jar transforms Thread 95" [_thread_blocked, id=12164, stack(0x00000000254e0000,0x00000000255e0000)]
  0x000000001cc49000 JavaThread "jar transforms Thread 94" [_thread_blocked, id=14220, stack(0x00000000253e0000,0x00000000254e0000)]
  0x000000001cc47000 JavaThread "jar transforms Thread 93" [_thread_blocked, id=15988, stack(0x00000000252e0000,0x00000000253e0000)]
  0x000000001a958800 JavaThread "Build operations Thread 8" [_thread_blocked, id=15508, stack(0x00000000251e0000,0x00000000252e0000)]
  0x000000001a957800 JavaThread "Build operations Thread 7" [_thread_blocked, id=6796, stack(0x00000000250e0000,0x00000000251e0000)]
  0x000000001a956000 JavaThread "Build operations Thread 6" [_thread_blocked, id=2152, stack(0x0000000024fe0000,0x00000000250e0000)]
  0x000000001a959000 JavaThread "Build operations Thread 5" [_thread_blocked, id=7064, stack(0x0000000024ee0000,0x0000000024fe0000)]
  0x000000001a955800 JavaThread "Build operations Thread 4" [_thread_blocked, id=12496, stack(0x0000000024de0000,0x0000000024ee0000)]
  0x000000001a954800 JavaThread "Build operations Thread 3" [_thread_blocked, id=3660, stack(0x0000000024a90000,0x0000000024b90000)]
  0x000000001a957000 JavaThread "Build operations Thread 2" [_thread_blocked, id=6516, stack(0x0000000024490000,0x0000000024590000)]
  0x000000001a94d000 JavaThread "Build operations" [_thread_blocked, id=13772, stack(0x0000000022ca0000,0x0000000022da0000)]
  0x000000001a954000 JavaThread "Cache worker for cache directory md-rule (C:\Users\Ryrie\.gradle\caches\6.5\md-rule)" [_thread_blocked, id=7732, stack(0x0000000021af0000,0x0000000021bf0000)]
  0x000000001a952800 JavaThread "Cache worker for cache directory md-supplier (C:\Users\Ryrie\.gradle\caches\6.5\md-supplier)" [_thread_blocked, id=696, stack(0x0000000021760000,0x0000000021860000)]
  0x000000001a951800 JavaThread "Cache worker for checksums cache (C:\Users\Ryrie\PLA\.gradle\checksums)" [_thread_blocked, id=5448, stack(0x0000000021460000,0x0000000021560000)]
  0x000000001a953000 JavaThread "Cache worker for file hash cache (C:\Users\Ryrie\PLA\.gradle\6.5\fileHashes)" [_thread_blocked, id=10752, stack(0x000000001ecc0000,0x000000001edc0000)]
  0x000000001a951000 JavaThread "Thread-135" [_thread_blocked, id=14060, stack(0x000000001ebc0000,0x000000001ecc0000)]
  0x000000001a950000 JavaThread "Stdin handler" [_thread_blocked, id=6628, stack(0x000000001eac0000,0x000000001ebc0000)]
  0x000000001a94b000 JavaThread "Asynchronous log dispatcher for DefaultDaemonConnection: socket connection from /127.0.0.1:1973 to /127.0.0.1:3860" [_thread_blocked, id=9240, stack(0x000000001e9c0000,0x000000001eac0000)]
  0x000000001a94f800 JavaThread "Daemon worker Thread 2" [_thread_blocked, id=5032, stack(0x000000001e5c0000,0x000000001e6c0000)]
  0x000000001a94e000 JavaThread "Cancel handler" [_thread_blocked, id=1860, stack(0x000000001dfe0000,0x000000001e0e0000)]
  0x000000001a94c800 JavaThread "Handler for socket connection from /127.0.0.1:1973 to /127.0.0.1:3860" [_thread_in_native, id=12736, stack(0x000000001dee0000,0x000000001dfe0000)]
  0x000000001a94b800 JavaThread "Daemon Thread 2" [_thread_blocked, id=6688, stack(0x0000000001770000,0x0000000001870000)]
  0x000000001cc50800 JavaThread "Memory manager" [_thread_blocked, id=15900, stack(0x000000002c680000,0x000000002c780000)]
  0x000000001cfb5000 JavaThread "Cache worker for file content cache (C:\Users\Ryrie\.gradle\caches\6.5\fileContent)" [_thread_blocked, id=4940, stack(0x0000000024590000,0x0000000024690000)]
  0x000000001cfb6000 JavaThread "Cache worker for execution history cache (C:\Users\Ryrie\.gradle\caches\6.5\executionHistory)" [_thread_blocked, id=884, stack(0x0000000022da0000,0x0000000022ea0000)]
  0x000000001cfb2000 JavaThread "Cache worker for file hash cache (C:\Users\Ryrie\.gradle\caches\6.5\fileHashes)" [_thread_blocked, id=1028, stack(0x000000001f1c0000,0x000000001f2c0000)]
  0x000000001cfb7800 JavaThread "File lock request listener" [_thread_in_native, id=568, stack(0x000000001f0c0000,0x000000001f1c0000)]
  0x000000001c77b000 JavaThread "Cache worker for journal cache (C:\Users\Ryrie\.gradle\caches\journal-1)" [_thread_blocked, id=14732, stack(0x000000001efc0000,0x000000001f0c0000)]
  0x000000001bae2800 JavaThread "Daemon periodic checks" [_thread_blocked, id=4192, stack(0x000000001e2c0000,0x000000001e3c0000)]
  0x000000001babe000 JavaThread "Incoming local TCP Connector on port 1973" [_thread_in_native, id=4936, stack(0x000000001e0e0000,0x000000001e1e0000)]
  0x000000001cfd4000 JavaThread "Daemon health stats" [_thread_blocked, id=1676, stack(0x000000001dde0000,0x000000001dee0000)]
  0x000000001a6df000 JavaThread "Service Thread" daemon [_thread_blocked, id=4228, stack(0x000000001b240000,0x000000001b340000)]
  0x000000001a64f800 JavaThread "C1 CompilerThread3" daemon [_thread_blocked, id=16372, stack(0x000000001b140000,0x000000001b240000)]
=>0x000000001a64b800 JavaThread "C2 CompilerThread2" daemon [_thread_in_native, id=9176, stack(0x000000001b040000,0x000000001b140000)]
  0x000000001a648000 JavaThread "C2 CompilerThread1" daemon [_thread_in_native, id=2424, stack(0x000000001af40000,0x000000001b040000)]
  0x000000001a643800 JavaThread "C2 CompilerThread0" daemon [_thread_in_native, id=8680, stack(0x000000001ae40000,0x000000001af40000)]
  0x000000001a5ee800 JavaThread "Attach Listener" daemon [_thread_blocked, id=2856, stack(0x000000001ad40000,0x000000001ae40000)]
  0x000000001a5ed800 JavaThread "Signal Dispatcher" daemon [_thread_blocked, id=4404, stack(0x000000001ac40000,0x000000001ad40000)]
  0x000000000376e000 JavaThread "Finalizer" daemon [_thread_blocked, id=15408, stack(0x000000001aab0000,0x000000001abb0000)]
  0x0000000003767000 JavaThread "Reference Handler" daemon [_thread_blocked, id=15404, stack(0x000000001a9b0000,0x000000001aab0000)]
  0x0000000003672800 JavaThread "main" [_thread_blocked, id=12740, stack(0x0000000003520000,0x0000000003620000)]

Other Threads:
  0x00000000187d6800 VMThread [stack: 0x000000001a4b0000,0x000000001a5b0000] [id=10204]
  0x000000001a6df800 WatcherThread [stack: 0x000000001b340000,0x000000001b440000] [id=4032]

VM state:not at safepoint (normal execution)

VM Mutex/Monitor currently owned by a thread: None

heap address: 0x0000000080000000, size: 2048 MB, Compressed Oops mode: 32-bit
Narrow klass base: 0x0000000000000000, Narrow klass shift: 3
Compressed class space size: 1073741824 Address: 0x0000000100000000

Heap:
 PSYoungGen      total 286208K, used 153727K [0x00000000d5580000, 0x00000000eb480000, 0x0000000100000000)
  eden space 254976K, 53% used [0x00000000d5580000,0x00000000dd9ef728,0x00000000e4e80000)
  from space 31232K, 58% used [0x00000000e4e80000,0x00000000e604e0d0,0x00000000e6d00000)
  to   space 31744K, 0% used [0x00000000e9580000,0x00000000e9580000,0x00000000eb480000)
 ParOldGen       total 107008K, used 61798K [0x0000000080000000, 0x0000000086880000, 0x00000000d5580000)
  object space 107008K, 57% used [0x0000000080000000,0x0000000083c598b0,0x0000000086880000)
 Metaspace       used 80194K, capacity 83700K, committed 83928K, reserved 1122304K
  class space    used 10530K, capacity 11202K, committed 11264K, reserved 1048576K

Card table byte_map: [0x0000000012b30000,0x0000000012f40000] byte_map_base: 0x0000000012730000

Marking Bits: (ParMarkBitMap*) 0x00000000602bf030
 Begin Bits: [0x00000000139f0000, 0x00000000159f0000)
 End Bits:   [0x00000000159f0000, 0x00000000179f0000)

Polling page: 0x0000000001930000

CodeCache: size=245760Kb used=33962Kb max_used=33962Kb free=211797Kb
 bounds [0x0000000003770000, 0x00000000058d0000, 0x0000000012770000]
 total_blobs=11485 nmethods=10643 adapters=754
 compilation: enabled

Compilation events (10 events):
Event: 7265.241 Thread 0x000000001a64f800 12389       3       org.objectweb.asm.ClassReader::readConst (276 bytes)
Event: 7265.245 Thread 0x000000001a64f800 nmethod 12389 0x00000000058bcf10 code [0x00000000058bd380, 0x00000000058bfaf8]
Event: 7265.245 Thread 0x000000001a64f800 12390       3       java.lang.Float::<init> (10 bytes)
Event: 7265.245 Thread 0x000000001a64f800 nmethod 12390 0x00000000058ac8d0 code [0x00000000058aca40, 0x00000000058acc50]
Event: 7265.245 Thread 0x000000001a64f800 12391       3       java.lang.Float::valueOf (9 bytes)
Event: 7265.245 Thread 0x000000001a64f800 nmethod 12391 0x00000000058ba990 code [0x00000000058bab00, 0x00000000058bad90]
Event: 7265.256 Thread 0x000000001a64f800 12392       3       org.objectweb.asm.ClassVisitor::visitAnnotation (19 bytes)
Event: 7265.257 Thread 0x000000001a64f800 nmethod 12392 0x00000000058ba110 code [0x00000000058ba280, 0x00000000058ba4e8]
Event: 7265.259 Thread 0x000000001a64f800 12393       3       org.objectweb.asm.ClassReader::readUtf (44 bytes)
Event: 7265.260 Thread 0x000000001a64f800 nmethod 12393 0x00000000058b97d0 code [0x00000000058b9960, 0x00000000058b9da8]

GC Heap History (10 events):
Event: 18.526 GC heap before
{Heap before GC invocations=14 (full 2):
 PSYoungGen      total 203264K, used 32732K [0x00000000d5580000, 0x00000000e5000000, 0x0000000100000000)
  eden space 190464K, 10% used [0x00000000d5580000,0x00000000d68fb6b0,0x00000000e0f80000)
  from space 12800K, 99% used [0x00000000e0f80000,0x00000000e1bfbb18,0x00000000e1c00000)
  to   space 19456K, 0% used [0x00000000e3d00000,0x00000000e3d00000,0x00000000e5000000)
 ParOldGen       total 70656K, used 31204K [0x0000000080000000, 0x0000000084500000, 0x00000000d5580000)
  object space 70656K, 44% used [0x0000000080000000,0x0000000081e79148,0x0000000084500000)
 Metaspace       used 56390K, capacity 58836K, committed 59028K, reserved 1099776K
  class space    used 7714K, capacity 8185K, committed 8192K, reserved 1048576K
Event: 18.545 GC heap after
Heap after GC invocations=14 (full 2):
 PSYoungGen      total 236544K, used 1696K [0x00000000d5580000, 0x00000000e6c00000, 0x0000000100000000)
  eden space 217088K, 0% used [0x00000000d5580000,0x00000000d5580000,0x00000000e2980000)
  from space 19456K, 8% used [0x00000000e3d00000,0x00000000e3ea8000,0x00000000e5000000)
  to   space 19968K, 0% used [0x00000000e2980000,0x00000000e2980000,0x00000000e3d00000)
 ParOldGen       total 70656K, used 41725K [0x0000000080000000, 0x0000000084500000, 0x00000000d5580000)
  object space 70656K, 59% used [0x0000000080000000,0x00000000828bf6d0,0x0000000084500000)
 Metaspace       used 56390K, capacity 58836K, committed 59028K, reserved 1099776K
  class space    used 7714K, capacity 8185K, committed 8192K, reserved 1048576K
}
Event: 18.545 GC heap before
{Heap before GC invocations=15 (full 3):
 PSYoungGen      total 236544K, used 1696K [0x00000000d5580000, 0x00000000e6c00000, 0x0000000100000000)
  eden space 217088K, 0% used [0x00000000d5580000,0x00000000d5580000,0x00000000e2980000)
  from space 19456K, 8% used [0x00000000e3d00000,0x00000000e3ea8000,0x00000000e5000000)
  to   space 19968K, 0% used [0x00000000e2980000,0x00000000e2980000,0x00000000e3d00000)
 ParOldGen       total 70656K, used 41725K [0x0000000080000000, 0x0000000084500000, 0x00000000d5580000)
  object space 70656K, 59% used [0x0000000080000000,0x00000000828bf6d0,0x0000000084500000)
 Metaspace       used 56390K, capacity 58836K, committed 59028K, reserved 1099776K
  class space    used 7714K, capacity 8185K, committed 8192K, reserved 1048576K
Event: 19.017 GC heap after
Heap after GC invocations=15 (full 3):
 PSYoungGen      total 236544K, used 0K [0x00000000d5580000, 0x00000000e6c00000, 0x0000000100000000)
  eden space 217088K, 0% used [0x00000000d5580000,0x00000000d5580000,0x00000000e2980000)
  from space 19456K, 0% used [0x00000000e3d00000,0x00000000e3d00000,0x00000000e5000000)
  to   space 19968K, 0% used [0x00000000e2980000,0x00000000e2980000,0x00000000e3d00000)
 ParOldGen       total 107008K, used 29256K [0x0000000080000000, 0x0000000086880000, 0x00000000d5580000)
  object space 107008K, 27% used [0x0000000080000000,0x0000000081c92068,0x0000000086880000)
 Metaspace       used 56344K, capacity 58680K, committed 59028K, reserved 1099776K
  class space    used 7700K, capacity 8159K, committed 8192K, reserved 1048576K
}
Event: 27.159 GC heap before
{Heap before GC invocations=16 (full 3):
 PSYoungGen      total 236544K, used 217088K [0x00000000d5580000, 0x00000000e6c00000, 0x0000000100000000)
  eden space 217088K, 100% used [0x00000000d5580000,0x00000000e2980000,0x00000000e2980000)
  from space 19456K, 0% used [0x00000000e3d00000,0x00000000e3d00000,0x00000000e5000000)
  to   space 19968K, 0% used [0x00000000e2980000,0x00000000e2980000,0x00000000e3d00000)
 ParOldGen       total 107008K, used 29256K [0x0000000080000000, 0x0000000086880000, 0x00000000d5580000)
  object space 107008K, 27% used [0x0000000080000000,0x0000000081c92068,0x0000000086880000)
 Metaspace       used 64021K, capacity 67126K, committed 67288K, reserved 1107968K
  class space    used 8805K, capacity 9398K, committed 9472K, reserved 1048576K
Event: 27.193 GC heap after
Heap after GC invocations=16 (full 3):
 PSYoungGen      total 237056K, used 18602K [0x00000000d5580000, 0x00000000e8300000, 0x0000000100000000)
  eden space 217088K, 0% used [0x00000000d5580000,0x00000000d5580000,0x00000000e2980000)
  from space 19968K, 93% used [0x00000000e2980000,0x00000000e3baabb8,0x00000000e3d00000)
  to   space 22528K, 0% used [0x00000000e6d00000,0x00000000e6d00000,0x00000000e8300000)
 ParOldGen       total 107008K, used 29264K [0x0000000080000000, 0x0000000086880000, 0x00000000d5580000)
  object space 107008K, 27% used [0x0000000080000000,0x0000000081c94068,0x0000000086880000)
 Metaspace       used 64021K, capacity 67126K, committed 67288K, reserved 1107968K
  class space    used 8805K, capacity 9398K, committed 9472K, reserved 1048576K
}
Event: 7258.395 GC heap before
{Heap before GC invocations=17 (full 3):
 PSYoungGen      total 237056K, used 235690K [0x00000000d5580000, 0x00000000e8300000, 0x0000000100000000)
  eden space 217088K, 100% used [0x00000000d5580000,0x00000000e2980000,0x00000000e2980000)
  from space 19968K, 93% used [0x00000000e2980000,0x00000000e3baabb8,0x00000000e3d00000)
  to   space 22528K, 0% used [0x00000000e6d00000,0x00000000e6d00000,0x00000000e8300000)
 ParOldGen       total 107008K, used 29264K [0x0000000080000000, 0x0000000086880000, 0x00000000d5580000)
  object space 107008K, 27% used [0x0000000080000000,0x0000000081c94068,0x0000000086880000)
 Metaspace       used 69428K, capacity 72674K, committed 72792K, reserved 1112064K
  class space    used 9214K, capacity 9810K, committed 9856K, reserved 1048576K
Event: 7258.486 GC heap after
Heap after GC invocations=17 (full 3):
 PSYoungGen      total 277504K, used 22521K [0x00000000d5580000, 0x00000000e8c00000, 0x0000000100000000)
  eden space 254976K, 0% used [0x00000000d5580000,0x00000000d5580000,0x00000000e4e80000)
  from space 22528K, 99% used [0x00000000e6d00000,0x00000000e82fe4e0,0x00000000e8300000)
  to   space 31232K, 0% used [0x00000000e4e80000,0x00000000e4e80000,0x00000000e6d00000)
 ParOldGen       total 107008K, used 42860K [0x0000000080000000, 0x0000000086880000, 0x00000000d5580000)
  object space 107008K, 40% used [0x0000000080000000,0x00000000829db110,0x0000000086880000)
 Metaspace       used 69428K, capacity 72674K, committed 72792K, reserved 1112064K
  class space    used 9214K, capacity 9810K, committed 9856K, reserved 1048576K
}
Event: 7264.047 GC heap before
{Heap before GC invocations=18 (full 3):
 PSYoungGen      total 277504K, used 276550K [0x00000000d5580000, 0x00000000e8c00000, 0x0000000100000000)
  eden space 254976K, 99% used [0x00000000d5580000,0x00000000e4d935c8,0x00000000e4e80000)
  from space 22528K, 99% used [0x00000000e6d00000,0x00000000e82fe4e0,0x00000000e8300000)
  to   space 31232K, 0% used [0x00000000e4e80000,0x00000000e4e80000,0x00000000e6d00000)
 ParOldGen       total 107008K, used 42860K [0x0000000080000000, 0x0000000086880000, 0x00000000d5580000)
  object space 107008K, 40% used [0x0000000080000000,0x00000000829db110,0x0000000086880000)
 Metaspace       used 78602K, capacity 82108K, committed 82264K, reserved 1120256K
  class space    used 10364K, capacity 11024K, committed 11136K, reserved 1048576K
Event: 7264.093 GC heap after
Heap after GC invocations=18 (full 3):
 PSYoungGen      total 286208K, used 18232K [0x00000000d5580000, 0x00000000eb480000, 0x0000000100000000)
  eden space 254976K, 0% used [0x00000000d5580000,0x00000000d5580000,0x00000000e4e80000)
  from space 31232K, 58% used [0x00000000e4e80000,0x00000000e604e0d0,0x00000000e6d00000)
  to   space 31744K, 0% used [0x00000000e9580000,0x00000000e9580000,0x00000000eb480000)
 ParOldGen       total 107008K, used 61798K [0x0000000080000000, 0x0000000086880000, 0x00000000d5580000)
  object space 107008K, 57% used [0x0000000080000000,0x0000000083c598b0,0x0000000086880000)
 Metaspace       used 78602K, capacity 82108K, committed 82264K, reserved 1120256K
  class space    used 10364K, capacity 11024K, committed 11136K, reserved 1048576K
}

Deoptimization events (10 events):
Event: 7264.983 Thread 0x000000001a94f800 Uncommon trap: reason=bimorphic action=maybe_recompile pc=0x0000000005526574 method=java.io.ObjectOutputStream$BlockDataOutputStream.drain()V @ 36
Event: 7264.983 Thread 0x000000001a94f800 Uncommon trap: reason=bimorphic action=maybe_recompile pc=0x0000000005526574 method=java.io.ObjectOutputStream$BlockDataOutputStream.drain()V @ 36
Event: 7264.983 Thread 0x000000001a94f800 Uncommon trap: reason=bimorphic action=maybe_recompile pc=0x0000000005526574 method=java.io.ObjectOutputStream$BlockDataOutputStream.drain()V @ 36
Event: 7265.057 Thread 0x000000001a94f800 Uncommon trap: reason=bimorphic action=maybe_recompile pc=0x000000000530e59c method=com.google.common.collect.TransformedIterator.next()Ljava/lang/Object; @ 5
Event: 7265.072 Thread 0x000000001a94f800 Uncommon trap: reason=bimorphic action=maybe_recompile pc=0x000000000530e59c method=com.google.common.collect.TransformedIterator.next()Ljava/lang/Object; @ 5
Event: 7265.073 Thread 0x000000001a94f800 Uncommon trap: reason=bimorphic action=maybe_recompile pc=0x000000000530e59c method=com.google.common.collect.TransformedIterator.next()Ljava/lang/Object; @ 5
Event: 7265.073 Thread 0x000000001a94f800 Uncommon trap: reason=bimorphic action=maybe_recompile pc=0x000000000530e59c method=com.google.common.collect.TransformedIterator.next()Ljava/lang/Object; @ 5
Event: 7265.127 Thread 0x00000000208a3800 Uncommon trap: reason=unstable_if action=reinterpret pc=0x0000000005841098 method=org.objectweb.asm.ClassReader.readUTF8(I[C)Ljava/lang/String; @ 11
Event: 7265.239 Thread 0x00000000208a4800 Uncommon trap: reason=unstable_if action=reinterpret pc=0x000000000589a8e8 method=org.objectweb.asm.ClassReader.readUtf(II[C)Ljava/lang/String; @ 41
Event: 7265.259 Thread 0x00000000208a6000 Uncommon trap: reason=unstable_if action=reinterpret pc=0x000000000583f3a4 method=org.objectweb.asm.ClassReader.readUtf(II[C)Ljava/lang/String; @ 41

Classes redefined (0 events):
No events

Internal exceptions (10 events):
Event: 7262.882 Thread 0x000000001a94f800 Exception <a 'sun/nio/fs/WindowsException'> (0x00000000e1d9e0b8) thrown at [C:\src\AOSP-openjdk-git\hotspot\src\share\vm\prims\jni.cpp, line 710]
Event: 7262.882 Thread 0x000000001a94f800 Exception <a 'sun/nio/fs/WindowsException'> (0x00000000e1d9f8e8) thrown at [C:\src\AOSP-openjdk-git\hotspot\src\share\vm\prims\jni.cpp, line 710]
Event: 7262.884 Thread 0x000000001a94f800 Exception <a 'sun/nio/fs/WindowsException'> (0x00000000e1da6ab8) thrown at [C:\src\AOSP-openjdk-git\hotspot\src\share\vm\prims\jni.cpp, line 710]
Event: 7262.884 Thread 0x000000001a94f800 Exception <a 'sun/nio/fs/WindowsException'> (0x00000000e1da8328) thrown at [C:\src\AOSP-openjdk-git\hotspot\src\share\vm\prims\jni.cpp, line 710]
Event: 7262.885 Thread 0x000000001a94f800 Exception <a 'sun/nio/fs/WindowsException'> (0x00000000e1daac98) thrown at [C:\src\AOSP-openjdk-git\hotspot\src\share\vm\prims\jni.cpp, line 710]
Event: 7262.885 Thread 0x000000001a94f800 Exception <a 'sun/nio/fs/WindowsException'> (0x00000000e1dac518) thrown at [C:\src\AOSP-openjdk-git\hotspot\src\share\vm\prims\jni.cpp, line 710]
Event: 7264.041 Thread 0x000000001a94f800 Implicit null exception at 0x0000000003c60a32 to 0x0000000003c61219
Event: 7264.731 Thread 0x000000001a951000 Exception <a 'java/lang/NoSuchMethodError': <clinit>> (0x00000000d56a5258) thrown at [C:\src\AOSP-openjdk-git\hotspot\src\share\vm\prims\jni.cpp, line 1615]
Event: 7265.073 Thread 0x00000000208a3800 Exception <a 'sun/nio/fs/WindowsException'> (0x00000000d74bb8e8) thrown at [C:\src\AOSP-openjdk-git\hotspot\src\share\vm\prims\jni.cpp, line 710]
Event: 7265.084 Thread 0x00000000208a3800 Exception <a 'java/lang/NoSuchMethodError': java.lang.Object.lambda$static$0(Ljava/lang/String;)Z> (0x00000000d74c5960) thrown at [C:\src\AOSP-openjdk-git\hotspot\src\share\vm\interpreter\linkResolver.cpp, line 620]

Events (10 events):
Event: 7265.127 Thread 0x00000000208a3800 DEOPT PACKING pc=0x0000000005841098 sp=0x000000002fbfea70
Event: 7265.127 Thread 0x00000000208a3800 DEOPT UNPACKING pc=0x00000000037b557b sp=0x000000002fbfea60 mode 2
Event: 7265.164 Executing VM operation: ForceSafepoint
Event: 7265.165 Executing VM operation: ForceSafepoint done
Event: 7265.239 Thread 0x00000000208a4800 Uncommon trap: trap_request=0xffffff65 fr.pc=0x000000000589a8e8
Event: 7265.239 Thread 0x00000000208a4800 DEOPT PACKING pc=0x000000000589a8e8 sp=0x000000002fcfe980
Event: 7265.239 Thread 0x00000000208a4800 DEOPT UNPACKING pc=0x00000000037b557b sp=0x000000002fcfe7a0 mode 2
Event: 7265.259 Thread 0x00000000208a6000 Uncommon trap: trap_request=0xffffff65 fr.pc=0x000000000583f3a4
Event: 7265.259 Thread 0x00000000208a6000 DEOPT PACKING pc=0x000000000583f3a4 sp=0x000000002fffe340
Event: 7265.259 Thread 0x00000000208a6000 DEOPT UNPACKING pc=0x00000000037b557b sp=0x000000002fffe278 mode 2


Dynamic libraries:
0x00007ff694490000 - 0x00007ff6944c1000 	C:\Program Files\Android\Android Studio\jre\bin\java.exe
0x00007ffb53750000 - 0x00007ffb53945000 	C:\WINDOWS\SYSTEM32\ntdll.dll
0x00007ffb53650000 - 0x00007ffb5370d000 	C:\WINDOWS\System32\KERNEL32.DLL
0x00007ffb51450000 - 0x00007ffb51718000 	C:\WINDOWS\System32\KERNELBASE.dll
0x00007ffb520f0000 - 0x00007ffb5219c000 	C:\WINDOWS\System32\ADVAPI32.dll
0x00007ffb53360000 - 0x00007ffb533fe000 	C:\WINDOWS\System32\msvcrt.dll
0x00007ffb51f30000 - 0x00007ffb51fcb000 	C:\WINDOWS\System32\sechost.dll
0x00007ffb51bd0000 - 0x00007ffb51cfb000 	C:\WINDOWS\System32\RPCRT4.dll
0x00007ffb53190000 - 0x00007ffb53330000 	C:\WINDOWS\System32\USER32.dll
0x00007ffb50f60000 - 0x00007ffb50f82000 	C:\WINDOWS\System32\win32u.dll
0x00007ffb53330000 - 0x00007ffb5335a000 	C:\WINDOWS\System32\GDI32.dll
0x00007ffb51340000 - 0x00007ffb5144b000 	C:\WINDOWS\System32\gdi32full.dll
0x00007ffb512a0000 - 0x00007ffb5133d000 	C:\WINDOWS\System32\msvcp_win.dll
0x00007ffb51040000 - 0x00007ffb51140000 	C:\WINDOWS\System32\ucrtbase.dll
0x00007ffb3ef30000 - 0x00007ffb3f1ca000 	C:\WINDOWS\WinSxS\amd64_microsoft.windows.common-controls_6595b64144ccf1df_6.0.19041.844_none_ca00b6081b84eb1d\COMCTL32.dll
0x00007ffb534e0000 - 0x00007ffb53510000 	C:\WINDOWS\System32\IMM32.DLL
0x000000005f930000 - 0x000000005fa02000 	C:\Program Files\Android\Android Studio\jre\jre\bin\msvcr100.dll
0x000000005faf0000 - 0x000000006033b000 	C:\Program Files\Android\Android Studio\jre\jre\bin\server\jvm.dll
0x00007ffb51f20000 - 0x00007ffb51f28000 	C:\WINDOWS\System32\PSAPI.DLL
0x00007ffb448e0000 - 0x00007ffb448ea000 	C:\WINDOWS\SYSTEM32\VERSION.dll
0x00007ffb3e920000 - 0x00007ffb3e929000 	C:\WINDOWS\SYSTEM32\WSOCK32.dll
0x00007ffb41f80000 - 0x00007ffb41fa7000 	C:\WINDOWS\SYSTEM32\WINMM.dll
0x00007ffb53510000 - 0x00007ffb5357b000 	C:\WINDOWS\System32\WS2_32.dll
0x00007ffb3ee30000 - 0x00007ffb3ee3f000 	C:\Program Files\Android\Android Studio\jre\jre\bin\verify.dll
0x00007ffb3ee00000 - 0x00007ffb3ee29000 	C:\Program Files\Android\Android Studio\jre\jre\bin\java.dll
0x00007ffb3ede0000 - 0x00007ffb3edf6000 	C:\Program Files\Android\Android Studio\jre\jre\bin\zip.dll
0x00007ffb52430000 - 0x00007ffb52b72000 	C:\WINDOWS\System32\SHELL32.dll
0x00007ffb4eeb0000 - 0x00007ffb4f641000 	C:\WINDOWS\SYSTEM32\windows.storage.dll
0x00007ffb51870000 - 0x00007ffb51bc5000 	C:\WINDOWS\System32\combase.dll
0x00007ffb50830000 - 0x00007ffb5085c000 	C:\WINDOWS\SYSTEM32\Wldp.dll
0x00007ffb51d00000 - 0x00007ffb51dae000 	C:\WINDOWS\System32\SHCORE.dll
0x00007ffb53480000 - 0x00007ffb534d5000 	C:\WINDOWS\System32\shlwapi.dll
0x00007ffb50dd0000 - 0x00007ffb50def000 	C:\WINDOWS\SYSTEM32\profapi.dll
0x00007ffb3edc0000 - 0x00007ffb3edda000 	C:\Program Files\Android\Android Studio\jre\jre\bin\net.dll
0x00007ffb505a0000 - 0x00007ffb5060a000 	C:\WINDOWS\system32\mswsock.dll
0x00007ffb3eda0000 - 0x00007ffb3edb3000 	C:\Program Files\Android\Android Studio\jre\jre\bin\nio.dll
0x00007ffb18e50000 - 0x00007ffb18e77000 	C:\Users\Ryrie\.gradle\native\f6784746aeab05261644944871eae4fe03e0ef1612fff0a4a95f87b438bc6780\windows-amd64\native-platform.dll
0x00007ffb3ed90000 - 0x00007ffb3ed9d000 	C:\Program Files\Android\Android Studio\jre\jre\bin\management.dll
0x00007ffb50770000 - 0x00007ffb50788000 	C:\WINDOWS\SYSTEM32\CRYPTSP.dll
0x00007ffb4ff40000 - 0x00007ffb4ff74000 	C:\WINDOWS\system32\rsaenh.dll
0x00007ffb51780000 - 0x00007ffb517a7000 	C:\WINDOWS\System32\bcrypt.dll
0x00007ffb50d50000 - 0x00007ffb50d7e000 	C:\WINDOWS\SYSTEM32\USERENV.dll
0x00007ffb50e90000 - 0x00007ffb50f10000 	C:\WINDOWS\System32\bcryptprimitives.dll
0x00007ffb50790000 - 0x00007ffb5079c000 	C:\WINDOWS\SYSTEM32\CRYPTBASE.dll
0x00007ffb50290000 - 0x00007ffb502cb000 	C:\WINDOWS\SYSTEM32\IPHLPAPI.DLL
0x00007ffb53120000 - 0x00007ffb53128000 	C:\WINDOWS\System32\NSI.dll
0x00007ffb48180000 - 0x00007ffb48197000 	C:\WINDOWS\SYSTEM32\dhcpcsvc6.DLL
0x00007ffb48040000 - 0x00007ffb4805d000 	C:\WINDOWS\SYSTEM32\dhcpcsvc.DLL
0x00007ffb502d0000 - 0x00007ffb5039c000 	C:\WINDOWS\SYSTEM32\DNSAPI.dll
0x00007ffb4bae0000 - 0x00007ffb4baeb000 	C:\WINDOWS\SYSTEM32\WINNSI.DLL

VM Arguments:
jvm_args: -Xmx2048m -Dfile.encoding=UTF-8 -Duser.country=KR -Duser.language=ko -Duser.variant 
java_command: org.gradle.launcher.daemon.bootstrap.GradleDaemon 6.5
java_class_path (initial): C:\Users\Ryrie\.gradle\wrapper\dists\gradle-6.5-bin\6nifqtx7604sqp1q6g8wikw7p\gradle-6.5\lib\gradle-launcher-6.5.jar
Launcher Type: SUN_STANDARD

Environment Variables:
JAVA_HOME=C:\Program Files\Java\jdk-11.0.6
PATH=C:\app\Ryrie\product\11.2.0\dbhome_1\bin;C:\Utill\Python\Python37-32\Scripts\;C:\Utill\Python\Python37-32\;C:\Program Files (x86)\Intel\iCLS Client\;C:\Program Files\Intel\iCLS Client\;C:\WINDOWS\system32;C:\WINDOWS;C:\WINDOWS\System32\Wbem;C:\WINDOWS\System32\WindowsPowerShell\v1.0\;C:\Program Files\Intel\WiFi\bin\;C:\Program Files\Common Files\Intel\WirelessCommon\;C:\Program Files (x86)\Intel\Intel(R) Management Engine Components\DAL;C:\Program Files\Intel\Intel(R) Management Engine Components\DAL;C:\Program Files (x86)\Intel\Intel(R) Management Engine Components\IPT;C:\Program Files\Intel\Intel(R) Management Engine Components\IPT;C:\Program Files\dotnet\;C:\WINDOWS\System32\OpenSSH\;C:\Program Files\MySQL\MySQL Server 8.0\bin;C:\Program Files\Java\jdk-11.0.6\bin;C:\Program Files\Git\cmd;C:\Users\Ryrie\AppData\Local\Android\Sdk\platform-tools;C:\Utill\Python\Python37\Scripts\;C:\Utill\Python\Python37\;C:\Program Files\MySQL\MySQL Shell 8.0\bin\;C:\Users\Ryrie\AppData\Local\Microsoft\WindowsApps;C:\Users\Ryrie\AppData\Local\atom\bin;C:\Users\Ryrie\AppData\Local\GitHubDesktop\bin
USERNAME=Ryrie
OS=Windows_NT
PROCESSOR_IDENTIFIER=Intel64 Family 6 Model 142 Stepping 10, GenuineIntel



---------------  S Y S T E M  ---------------

OS: Windows 10.0 , 64 bit Build 19041 (10.0.19041.928)

CPU:total 8 (initial active 8) (4 cores per cpu, 2 threads per core) family 6 model 142 stepping 10, cmov, cx8, fxsr, mmx, sse, sse2, sse3, ssse3, sse4.1, sse4.2, popcnt, avx, avx2, aes, clmul, erms, 3dnowpref, lzcnt, ht, tsc, tscinvbit, bmi1, bmi2, adx

Memory: 4k page, physical 8217872k(860804k free), swap 11289872k(0k free)

vm_info: OpenJDK 64-Bit Server VM (25.242-b01) for windows-amd64 JRE (1.8.0_242-release-1644-b01), built by "builder" with MS VC++ 10.0 (VS2010)

time: Fri Apr 23 21:54:03 2021
timezone: 대한민국 표준시
elapsed time: 7265 seconds (0d 2h 1m 5s)

