#
# There is insufficient memory for the Java Runtime Environment to continue.
# Native memory allocation (malloc) failed to allocate 1271104 bytes for Chunk::new
# Possible reasons:
#   The system is out of physical RAM or swap space
#   The process is running with CompressedOops enabled, and the Java Heap may be blocking the growth of the native heap
# Possible solutions:
#   Reduce memory load on the system
#   Increase physical memory or swap space
#   Check if swap backing store is full
#   Decrease Java heap size (-Xmx/-Xms)
#   Decrease number of Java threads
#   Decrease Java thread stack sizes (-Xss)
#   Set larger code cache with -XX:ReservedCodeCacheSize=
#   JVM is running with Unscaled Compressed Oops mode in which the Java heap is
#     placed in the first 4GB address space. The Java Heap base address is the
#     maximum limit for the native heap growth. Please use -XX:HeapBaseMinAddress
#     to set the Java Heap base and to place the Java Heap above 4GB virtual address.
# This output file may be truncated or incomplete.
#
#  Out of Memory Error (allocation.cpp:389), pid=12872, tid=0x0000000000003698
#
# JRE version: OpenJDK Runtime Environment (8.0_242-b01) (build 1.8.0_242-release-1644-b01)
# Java VM: OpenJDK 64-Bit Server VM (25.242-b01 mixed mode windows-amd64 compressed oops)
# Failed to write core dump. Minidumps are not enabled by default on client versions of Windows
#

---------------  T H R E A D  ---------------

Current thread (0x000000001991e000):  JavaThread "C2 CompilerThread2" daemon [_thread_in_native, id=13976, stack(0x000000001a310000,0x000000001a410000)]

Stack: [0x000000001a310000,0x000000001a410000]
[error occurred during error reporting (printing stack bounds), id 0xc0000005]

Native frames: (J=compiled Java code, j=interpreted, Vv=VM code, C=native code)


Current CompileTask:
C2:  69070 16099 %     4       com.android.tools.r8.ir.regalloc.a::a @ 2118 (3992 bytes)


---------------  P R O C E S S  ---------------

Java Threads: ( => current thread )
  0x000000001f9ea000 JavaThread "stdout" [_thread_in_native, id=15800, stack(0x000000002e920000,0x000000002ea20000)]
  0x000000001f9e3800 JavaThread "stderr" [_thread_in_native, id=12428, stack(0x000000002e820000,0x000000002e920000)]
  0x000000001f9e9800 JavaThread "stdout" [_thread_in_native, id=13644, stack(0x000000002e720000,0x000000002e820000)]
  0x000000001f9e7000 JavaThread "stderr" [_thread_in_native, id=13868, stack(0x000000002e620000,0x000000002e720000)]
  0x000000001c46e000 JavaThread "stdout" [_thread_in_native, id=3460, stack(0x000000002e520000,0x000000002e620000)]
  0x000000001c472800 JavaThread "stderr" [_thread_in_native, id=15628, stack(0x000000002e420000,0x000000002e520000)]
  0x000000001c46d000 JavaThread "stdout" [_thread_in_native, id=17020, stack(0x000000002e320000,0x000000002e420000)]
  0x000000001c471800 JavaThread "stderr" [_thread_in_native, id=12524, stack(0x000000002e220000,0x000000002e320000)]
  0x000000001c471000 JavaThread "stdout" [_thread_in_native, id=9344, stack(0x000000002e120000,0x000000002e220000)]
  0x000000001c46e800 JavaThread "stderr" [_thread_in_native, id=13116, stack(0x000000002e020000,0x000000002e120000)]
  0x000000001c473000 JavaThread "stdout" [_thread_in_native, id=4128, stack(0x000000002df20000,0x000000002e020000)]
  0x000000001c470000 JavaThread "stderr" [_thread_in_native, id=9496, stack(0x000000002de20000,0x000000002df20000)]
  0x000000001c46f800 JavaThread "stdout" [_thread_in_native, id=11320, stack(0x000000002dd20000,0x000000002de20000)]
  0x000000001c466800 JavaThread "stderr" [_thread_in_native, id=8136, stack(0x000000002dc20000,0x000000002dd20000)]
  0x000000001c465800 JavaThread "stdout" [_thread_in_native, id=7624, stack(0x000000002db20000,0x000000002dc20000)]
  0x000000001c46c800 JavaThread "stderr" [_thread_in_native, id=13524, stack(0x000000002da20000,0x000000002db20000)]
  0x000000001c46b800 JavaThread "pool-2-thread-1" [_thread_blocked, id=15016, stack(0x000000002d920000,0x000000002da20000)]
  0x000000001c468000 JavaThread "MarlinRenderer Disposer" daemon [_thread_blocked, id=11808, stack(0x000000002d620000,0x000000002d720000)]
  0x000000001c464800 JavaThread "Java2D Disposer" daemon [_thread_blocked, id=13128, stack(0x000000002d160000,0x000000002d260000)]
  0x000000001c467000 JavaThread "WorkerExecutor Queue Thread 8" [_thread_blocked, id=12724, stack(0x000000002d320000,0x000000002d420000)]
  0x000000001c46b000 JavaThread "WorkerExecutor Queue Thread 6" [_thread_blocked, id=9000, stack(0x000000002cf80000,0x000000002d080000)]
  0x000000001e71a800 JavaThread "Cache worker for execution history cache (C:\Users\Ryrie\PLA\.gradle\6.5\executionHistory)" [_thread_blocked, id=14496, stack(0x000000002c400000,0x000000002c500000)]
  0x000000001e711000 JavaThread "Execution worker for ':' Thread 7" [_thread_blocked, id=13588, stack(0x000000002c300000,0x000000002c400000)]
  0x000000001e711800 JavaThread "Execution worker for ':' Thread 6" [_thread_blocked, id=1816, stack(0x000000002c200000,0x000000002c300000)]
  0x000000001e717800 JavaThread "Execution worker for ':' Thread 5" [_thread_blocked, id=14872, stack(0x000000002c100000,0x000000002c200000)]
  0x000000001e710000 JavaThread "Execution worker for ':' Thread 4" [_thread_blocked, id=5092, stack(0x000000002c000000,0x000000002c100000)]
  0x000000001e717000 JavaThread "Execution worker for ':' Thread 3" [_thread_blocked, id=908, stack(0x000000002bf00000,0x000000002c000000)]
  0x000000001e70f800 JavaThread "Execution worker for ':' Thread 2" [_thread_blocked, id=12184, stack(0x000000002be00000,0x000000002bf00000)]
  0x000000001e715800 JavaThread "Execution worker for ':'" [_thread_blocked, id=11576, stack(0x000000002bc00000,0x000000002bd00000)]
  0x000000001e714000 JavaThread "Cache worker for file content cache (C:\Users\Ryrie\PLA\.gradle\6.5\fileContent)" [_thread_blocked, id=16128, stack(0x000000002b4b0000,0x000000002b5b0000)]
  0x000000001e713000 JavaThread "Memory manager" [_thread_blocked, id=10872, stack(0x000000002ab90000,0x000000002ac90000)]
  0x000000001e712800 JavaThread "Cache worker for Build Output Cleanup Cache (C:\Users\Ryrie\PLA\.gradle\buildOutputCleanup)" [_thread_blocked, id=12440, stack(0x000000002a490000,0x000000002a590000)]
  0x000000001c0f3800 JavaThread "jar transforms Thread 92" [_thread_blocked, id=6980, stack(0x000000002a190000,0x000000002a290000)]
  0x000000001c0f4800 JavaThread "jar transforms Thread 91" [_thread_blocked, id=16100, stack(0x000000002a090000,0x000000002a190000)]
  0x000000001c0f1800 JavaThread "jar transforms Thread 90" [_thread_blocked, id=16588, stack(0x0000000029f90000,0x000000002a090000)]
  0x000000001c0f3000 JavaThread "jar transforms Thread 89" [_thread_blocked, id=4772, stack(0x0000000029e90000,0x0000000029f90000)]
  0x000000001c0eb800 JavaThread "jar transforms Thread 88" [_thread_blocked, id=16592, stack(0x0000000029d90000,0x0000000029e90000)]
  0x000000001c0f0800 JavaThread "jar transforms Thread 87" [_thread_blocked, id=15544, stack(0x0000000029c90000,0x0000000029d90000)]
  0x000000001c0ec000 JavaThread "jar transforms Thread 86" [_thread_blocked, id=16436, stack(0x0000000029b90000,0x0000000029c90000)]
  0x000000001c0f2000 JavaThread "jar transforms Thread 85" [_thread_blocked, id=16400, stack(0x0000000029a90000,0x0000000029b90000)]
  0x000000001c0f0000 JavaThread "jar transforms Thread 84" [_thread_blocked, id=16960, stack(0x0000000029990000,0x0000000029a90000)]
  0x000000001c0ef000 JavaThread "jar transforms Thread 83" [_thread_blocked, id=16612, stack(0x0000000029890000,0x0000000029990000)]
  0x000000001c0ed000 JavaThread "jar transforms Thread 82" [_thread_blocked, id=3668, stack(0x0000000029790000,0x0000000029890000)]
  0x000000001c0ee800 JavaThread "jar transforms Thread 81" [_thread_blocked, id=7488, stack(0x0000000029690000,0x0000000029790000)]
  0x000000001c0ed800 JavaThread "jar transforms Thread 80" [_thread_blocked, id=14188, stack(0x0000000029590000,0x0000000029690000)]
  0x000000001c0e7000 JavaThread "jar transforms Thread 79" [_thread_blocked, id=16640, stack(0x0000000029490000,0x0000000029590000)]
  0x000000001c0e6000 JavaThread "jar transforms Thread 78" [_thread_blocked, id=3624, stack(0x0000000029390000,0x0000000029490000)]
  0x000000001c0ea800 JavaThread "jar transforms Thread 77" [_thread_blocked, id=16644, stack(0x0000000029290000,0x0000000029390000)]
  0x000000001c0ea000 JavaThread "jar transforms Thread 76" [_thread_blocked, id=15692, stack(0x0000000029190000,0x0000000029290000)]
  0x000000001c0e9000 JavaThread "jar transforms Thread 75" [_thread_blocked, id=17268, stack(0x0000000029090000,0x0000000029190000)]
  0x000000001c0e8800 JavaThread "jar transforms Thread 74" [_thread_blocked, id=10580, stack(0x0000000028f90000,0x0000000029090000)]
  0x000000001c0e7800 JavaThread "jar transforms Thread 73" [_thread_blocked, id=17116, stack(0x0000000028e90000,0x0000000028f90000)]
  0x000000001c0e5800 JavaThread "jar transforms Thread 72" [_thread_blocked, id=16512, stack(0x0000000028d90000,0x0000000028e90000)]
  0x000000001ea54000 JavaThread "jar transforms Thread 71" [_thread_blocked, id=9380, stack(0x0000000028c90000,0x0000000028d90000)]
  0x000000001ea58800 JavaThread "jar transforms Thread 70" [_thread_blocked, id=10360, stack(0x0000000028b90000,0x0000000028c90000)]
  0x000000001ea57800 JavaThread "jar transforms Thread 69" [_thread_blocked, id=840, stack(0x0000000028a90000,0x0000000028b90000)]
  0x000000001ea5a000 JavaThread "jar transforms Thread 68" [_thread_blocked, id=13704, stack(0x0000000028990000,0x0000000028a90000)]
  0x000000001ea55800 JavaThread "jar transforms Thread 67" [_thread_blocked, id=5712, stack(0x0000000028890000,0x0000000028990000)]
  0x000000001ea57000 JavaThread "jar transforms Thread 66" [_thread_blocked, id=11732, stack(0x0000000028790000,0x0000000028890000)]
  0x000000001ea59000 JavaThread "jar transforms Thread 65" [_thread_blocked, id=13376, stack(0x0000000028690000,0x0000000028790000)]
  0x000000001ea53000 JavaThread "jar transforms Thread 64" [_thread_blocked, id=16088, stack(0x0000000028590000,0x0000000028690000)]
  0x000000001ea52800 JavaThread "jar transforms Thread 63" [_thread_blocked, id=8928, stack(0x0000000028490000,0x0000000028590000)]
  0x000000001ea56000 JavaThread "jar transforms Thread 62" [_thread_blocked, id=8620, stack(0x0000000028390000,0x0000000028490000)]
  0x000000001ea54800 JavaThread "jar transforms Thread 61" [_thread_blocked, id=13476, stack(0x0000000028290000,0x0000000028390000)]
  0x000000001ea4b000 JavaThread "jar transforms Thread 60" [_thread_blocked, id=7668, stack(0x0000000028190000,0x0000000028290000)]
  0x000000001ea51800 JavaThread "jar transforms Thread 59" [_thread_blocked, id=16804, stack(0x0000000028090000,0x0000000028190000)]
  0x000000001ea51000 JavaThread "jar transforms Thread 58" [_thread_blocked, id=17148, stack(0x0000000027f90000,0x0000000028090000)]
  0x000000001ea4b800 JavaThread "jar transforms Thread 57" [_thread_blocked, id=15620, stack(0x0000000027e90000,0x0000000027f90000)]
  0x000000001ea50000 JavaThread "jar transforms Thread 56" [_thread_blocked, id=2740, stack(0x0000000027d90000,0x0000000027e90000)]
  0x000000001ea4c800 JavaThread "jar transforms Thread 55" [_thread_blocked, id=4444, stack(0x0000000027c90000,0x0000000027d90000)]
  0x000000001ea4e000 JavaThread "jar transforms Thread 54" [_thread_blocked, id=14700, stack(0x0000000027b90000,0x0000000027c90000)]
  0x000000001ea4f800 JavaThread "jar transforms Thread 53" [_thread_blocked, id=12920, stack(0x0000000027a90000,0x0000000027b90000)]
  0x000000001ea4e800 JavaThread "jar transforms Thread 52" [_thread_blocked, id=12412, stack(0x0000000027990000,0x0000000027a90000)]
  0x000000001ea4d000 JavaThread "jar transforms Thread 51" [_thread_blocked, id=1832, stack(0x0000000027890000,0x0000000027990000)]
  0x000000001c8f3000 JavaThread "jar transforms Thread 50" [_thread_blocked, id=3944, stack(0x0000000027790000,0x0000000027890000)]
  0x000000001c8f3800 JavaThread "jar transforms Thread 49" [_thread_blocked, id=8860, stack(0x0000000027690000,0x0000000027790000)]
  0x000000001c8f1800 JavaThread "jar transforms Thread 48" [_thread_blocked, id=7188, stack(0x0000000027590000,0x0000000027690000)]
  0x000000001c8f6000 JavaThread "jar transforms Thread 47" [_thread_blocked, id=1972, stack(0x0000000027490000,0x0000000027590000)]
  0x000000001c8f2000 JavaThread "jar transforms Thread 46" [_thread_blocked, id=12332, stack(0x0000000027390000,0x0000000027490000)]
  0x000000001c8f0800 JavaThread "jar transforms Thread 45" [_thread_blocked, id=16480, stack(0x0000000027290000,0x0000000027390000)]
  0x000000001c8f4800 JavaThread "jar transforms Thread 44" [_thread_blocked, id=16828, stack(0x0000000027190000,0x0000000027290000)]
  0x000000001c8f5000 JavaThread "jar transforms Thread 43" [_thread_blocked, id=11636, stack(0x0000000027090000,0x0000000027190000)]
  0x000000001c8e9000 JavaThread "jar transforms Thread 42" [_thread_blocked, id=7404, stack(0x0000000026f90000,0x0000000027090000)]
  0x000000001c8ef000 JavaThread "jar transforms Thread 41" [_thread_blocked, id=15244, stack(0x0000000026e90000,0x0000000026f90000)]
  0x000000001c8f0000 JavaThread "jar transforms Thread 40" [_thread_blocked, id=11496, stack(0x0000000026d90000,0x0000000026e90000)]
  0x000000001c8e7800 JavaThread "jar transforms Thread 39" [_thread_blocked, id=15912, stack(0x0000000026c90000,0x0000000026d90000)]
  0x000000001c8ee800 JavaThread "jar transforms Thread 38" [_thread_blocked, id=16296, stack(0x0000000026b90000,0x0000000026c90000)]
  0x000000001c8ed000 JavaThread "jar transforms Thread 37" [_thread_blocked, id=1572, stack(0x0000000026a90000,0x0000000026b90000)]
  0x000000001c8ed800 JavaThread "jar transforms Thread 36" [_thread_blocked, id=12268, stack(0x0000000026990000,0x0000000026a90000)]
  0x000000001c8ec000 JavaThread "jar transforms Thread 35" [_thread_blocked, id=2456, stack(0x0000000026890000,0x0000000026990000)]
  0x000000001c8e7000 JavaThread "jar transforms Thread 34" [_thread_blocked, id=15400, stack(0x0000000026790000,0x0000000026890000)]
  0x000000001c8ea800 JavaThread "jar transforms Thread 33" [_thread_blocked, id=15008, stack(0x0000000026690000,0x0000000026790000)]
  0x000000001c8eb800 JavaThread "jar transforms Thread 32" [_thread_blocked, id=10096, stack(0x0000000026590000,0x0000000026690000)]
  0x000000001c8e8800 JavaThread "jar transforms Thread 31" [_thread_blocked, id=3040, stack(0x0000000026490000,0x0000000026590000)]
  0x000000001c8ea000 JavaThread "jar transforms Thread 30" [_thread_blocked, id=9756, stack(0x0000000026390000,0x0000000026490000)]
  0x000000001c918000 JavaThread "jar transforms Thread 29" [_thread_blocked, id=14504, stack(0x0000000026290000,0x0000000026390000)]
  0x000000001c917000 JavaThread "jar transforms Thread 28" [_thread_blocked, id=11904, stack(0x0000000026190000,0x0000000026290000)]
  0x000000001c913800 JavaThread "jar transforms Thread 27" [_thread_blocked, id=16692, stack(0x0000000026090000,0x0000000026190000)]
  0x000000001c916800 JavaThread "jar transforms Thread 26" [_thread_blocked, id=1828, stack(0x0000000025f90000,0x0000000026090000)]
  0x000000001c915000 JavaThread "jar transforms Thread 25" [_thread_blocked, id=3632, stack(0x0000000025e90000,0x0000000025f90000)]
  0x000000001c914000 JavaThread "jar transforms Thread 24" [_thread_blocked, id=10504, stack(0x0000000025d90000,0x0000000025e90000)]
  0x000000001c915800 JavaThread "jar transforms Thread 23" [_thread_blocked, id=13276, stack(0x0000000025c90000,0x0000000025d90000)]
  0x000000001c912800 JavaThread "jar transforms Thread 22" [_thread_blocked, id=16812, stack(0x0000000025b90000,0x0000000025c90000)]
  0x000000001c90b000 JavaThread "jar transforms Thread 21" [_thread_blocked, id=11240, stack(0x0000000025a90000,0x0000000025b90000)]
  0x000000001c912000 JavaThread "jar transforms Thread 20" [_thread_blocked, id=14464, stack(0x00000000240d0000,0x00000000241d0000)]
  0x000000001c90a000 JavaThread "jar transforms Thread 19" [_thread_blocked, id=6760, stack(0x0000000023fd0000,0x00000000240d0000)]
  0x000000001c911000 JavaThread "jar transforms Thread 18" [_thread_blocked, id=9880, stack(0x0000000023ed0000,0x0000000023fd0000)]
  0x000000001c910000 JavaThread "jar transforms Thread 17" [_thread_blocked, id=15732, stack(0x0000000025990000,0x0000000025a90000)]
  0x000000001c909800 JavaThread "jar transforms Thread 16" [_thread_blocked, id=12492, stack(0x0000000025890000,0x0000000025990000)]
  0x000000001c908800 JavaThread "jar transforms Thread 15" [_thread_blocked, id=16756, stack(0x0000000025790000,0x0000000025890000)]
  0x000000001c90f800 JavaThread "jar transforms Thread 14" [_thread_blocked, id=848, stack(0x0000000025690000,0x0000000025790000)]
  0x000000001c90e800 JavaThread "jar transforms Thread 13" [_thread_blocked, id=7920, stack(0x0000000025590000,0x0000000025690000)]
  0x000000001c90d000 JavaThread "jar transforms Thread 12" [_thread_blocked, id=11556, stack(0x0000000025490000,0x0000000025590000)]
  0x000000001c90e000 JavaThread "jar transforms Thread 11" [_thread_blocked, id=1632, stack(0x0000000025390000,0x0000000025490000)]
  0x000000001c90c800 JavaThread "jar transforms Thread 10" [_thread_blocked, id=10540, stack(0x0000000025290000,0x0000000025390000)]
  0x000000001c90b800 JavaThread "jar transforms Thread 9" [_thread_blocked, id=10812, stack(0x0000000025190000,0x0000000025290000)]
  0x0000000019a87800 JavaThread "jar transforms Thread 8" [_thread_blocked, id=14440, stack(0x0000000025090000,0x0000000025190000)]
  0x0000000019a84800 JavaThread "jar transforms Thread 7" [_thread_blocked, id=4544, stack(0x0000000024f90000,0x0000000025090000)]
  0x0000000019a85000 JavaThread "jar transforms Thread 6" [_thread_blocked, id=12616, stack(0x0000000024e90000,0x0000000024f90000)]
  0x0000000019a8a800 JavaThread "jar transforms Thread 5" [_thread_blocked, id=10808, stack(0x0000000024d90000,0x0000000024e90000)]
  0x0000000019a89800 JavaThread "jar transforms Thread 4" [_thread_blocked, id=2448, stack(0x0000000024c90000,0x0000000024d90000)]
  0x0000000019a83800 JavaThread "jar transforms Thread 3" [_thread_blocked, id=7308, stack(0x0000000024b90000,0x0000000024c90000)]
  0x0000000019a86800 JavaThread "jar transforms Thread 2" [_thread_blocked, id=1356, stack(0x0000000024a90000,0x0000000024b90000)]
  0x0000000019a89000 JavaThread "Build operations Thread 8" [_thread_in_Java, id=15028, stack(0x0000000024990000,0x0000000024a90000)]
  0x0000000019a88000 JavaThread "Build operations Thread 7" [_thread_blocked, id=12084, stack(0x0000000024890000,0x0000000024990000)]
  0x0000000019a86000 JavaThread "Build operations Thread 6" [_thread_blocked, id=7108, stack(0x0000000024790000,0x0000000024890000)]
  0x0000000019a7c000 JavaThread "Build operations Thread 5" [_thread_in_Java, id=12424, stack(0x0000000024690000,0x0000000024790000)]
  0x0000000019a82000 JavaThread "Build operations Thread 4" [_thread_blocked, id=9744, stack(0x0000000024590000,0x0000000024690000)]
  0x0000000019a80000 JavaThread "Build operations Thread 3" [_thread_blocked, id=15288, stack(0x0000000024490000,0x0000000024590000)]
  0x0000000019a83000 JavaThread "Build operations Thread 2" [_thread_blocked, id=17132, stack(0x0000000024390000,0x0000000024490000)]
  0x0000000019a80800 JavaThread "Build operations" [_thread_blocked, id=8876, stack(0x0000000024290000,0x0000000024390000)]
  0x0000000019a7d800 JavaThread "Cache worker for file content cache (C:\Users\Ryrie\.gradle\caches\6.5\fileContent)" [_thread_blocked, id=11992, stack(0x00000000237d0000,0x00000000238d0000)]
  0x000000001992d000 JavaThread "jar transforms" [_thread_blocked, id=6448, stack(0x00000000236d0000,0x00000000237d0000)]
  0x0000000019928000 JavaThread "Cache worker for execution history cache (C:\Users\Ryrie\.gradle\caches\6.5\executionHistory)" [_thread_blocked, id=8720, stack(0x0000000020d30000,0x0000000020e30000)]
  0x000000001992c000 JavaThread "Cache worker for cache directory md-rule (C:\Users\Ryrie\.gradle\caches\6.5\md-rule)" [_thread_blocked, id=9356, stack(0x0000000020c30000,0x0000000020d30000)]
  0x000000001992a000 JavaThread "Cache worker for cache directory md-supplier (C:\Users\Ryrie\.gradle\caches\6.5\md-supplier)" [_thread_blocked, id=3908, stack(0x0000000020b30000,0x0000000020c30000)]
  0x000000001992b800 JavaThread "Cache worker for checksums cache (C:\Users\Ryrie\PLA\.gradle\checksums)" [_thread_blocked, id=15296, stack(0x0000000020a30000,0x0000000020b30000)]
  0x0000000019927800 JavaThread "Cache worker for file hash cache (C:\Users\Ryrie\PLA\.gradle\6.5\fileHashes)" [_thread_blocked, id=8076, stack(0x0000000020730000,0x0000000020830000)]
  0x000000001992a800 JavaThread "Cache worker for file hash cache (C:\Users\Ryrie\.gradle\caches\6.5\fileHashes)" [_thread_blocked, id=14364, stack(0x000000001e490000,0x000000001e590000)]
  0x0000000019926000 JavaThread "File lock request listener" [_thread_in_native, id=8244, stack(0x000000001e390000,0x000000001e490000)]
  0x000000001af78000 JavaThread "Cache worker for journal cache (C:\Users\Ryrie\.gradle\caches\journal-1)" [_thread_blocked, id=16144, stack(0x000000001e290000,0x000000001e390000)]
  0x0000000019c78800 JavaThread "Thread-9" [_thread_blocked, id=5472, stack(0x000000001df90000,0x000000001e090000)]
  0x0000000019c77800 JavaThread "Asynchronous log dispatcher for DefaultDaemonConnection: socket connection from /127.0.0.1:12007 to /127.0.0.1:12008" [_thread_blocked, id=8152, stack(0x000000001dd90000,0x000000001de90000)]
  0x000000001a9ea000 JavaThread "Daemon worker" [_thread_blocked, id=8140, stack(0x000000001dc90000,0x000000001dd90000)]
  0x000000001a9e9800 JavaThread "Cancel handler" [_thread_blocked, id=1868, stack(0x000000001da90000,0x000000001db90000)]
  0x000000001ae9e800 JavaThread "Handler for socket connection from /127.0.0.1:12007 to /127.0.0.1:12008" [_thread_in_native, id=17168, stack(0x000000001d990000,0x000000001da90000)]
  0x000000001ae94000 JavaThread "Daemon" [_thread_blocked, id=7412, stack(0x000000001d890000,0x000000001d990000)]
  0x0000000019b93000 JavaThread "Daemon periodic checks" [_thread_blocked, id=8264, stack(0x000000001d590000,0x000000001d690000)]
  0x0000000019b90800 JavaThread "Incoming local TCP Connector on port 12007" [_thread_in_native, id=15764, stack(0x000000001d3b0000,0x000000001d4b0000)]
  0x000000001a844800 JavaThread "Daemon health stats" [_thread_blocked, id=11160, stack(0x000000001d0b0000,0x000000001d1b0000)]
  0x00000000199ae800 JavaThread "Service Thread" daemon [_thread_blocked, id=4728, stack(0x000000001a510000,0x000000001a610000)]
  0x0000000019926800 JavaThread "C1 CompilerThread3" daemon [_thread_blocked, id=12764, stack(0x000000001a410000,0x000000001a510000)]
=>0x000000001991e000 JavaThread "C2 CompilerThread2" daemon [_thread_in_native, id=13976, stack(0x000000001a310000,0x000000001a410000)]
  0x0000000017aac000 JavaThread "C2 CompilerThread1" daemon [_thread_in_native, id=11812, stack(0x000000001a210000,0x000000001a310000)]
  0x0000000019912800 JavaThread "C2 CompilerThread0" daemon [_thread_in_native, id=2416, stack(0x000000001a110000,0x000000001a210000)]
  0x0000000019911000 JavaThread "Attach Listener" daemon [_thread_blocked, id=11032, stack(0x000000001a010000,0x000000001a110000)]
  0x00000000198be800 JavaThread "Signal Dispatcher" daemon [_thread_blocked, id=15308, stack(0x0000000019f10000,0x000000001a010000)]
  0x00000000198a0800 JavaThread "Finalizer" daemon [_thread_blocked, id=3024, stack(0x0000000019d80000,0x0000000019e80000)]
  0x0000000002a28000 JavaThread "Reference Handler" daemon [_thread_blocked, id=10372, stack(0x0000000019c80000,0x0000000019d80000)]
  0x0000000002932800 JavaThread "main" [_thread_blocked, id=13920, stack(0x00000000027c0000,0x00000000028c0000)]

Other Threads:
  0x0000000017a96000 VMThread [stack: 0x0000000019780000,0x0000000019880000] [id=9672]
  0x000000001997a800 WatcherThread [stack: 0x000000001a610000,0x000000001a710000] [id=14540]

VM state:not at safepoint (normal execution)

VM Mutex/Monitor currently owned by a thread: None

heap address: 0x0000000080000000, size: 2048 MB, Compressed Oops mode: 32-bit
Narrow klass base: 0x0000000000000000, Narrow klass shift: 3
Compressed class space size: 1073741824 Address: 0x0000000100000000

Heap:
 PSYoungGen      total 652800K, used 176391K [0x00000000d5580000, 0x00000000ffe00000, 0x0000000100000000)
  eden space 609792K, 26% used [0x00000000d5580000,0x00000000df368598,0x00000000fa900000)
  from space 43008K, 34% used [0x00000000fa900000,0x00000000fb759820,0x00000000fd300000)
  to   space 41472K, 0% used [0x00000000fd580000,0x00000000fd580000,0x00000000ffe00000)
 ParOldGen       total 210944K, used 158552K [0x0000000080000000, 0x000000008ce00000, 0x00000000d5580000)
  object space 210944K, 75% used [0x0000000080000000,0x0000000089ad63b8,0x000000008ce00000)
 Metaspace       used 85263K, capacity 89770K, committed 90968K, reserved 1128448K
  class space    used 11415K, capacity 12244K, committed 12672K, reserved 1048576K

Card table byte_map: [0x0000000011df0000,0x0000000012200000] byte_map_base: 0x00000000119f0000

Marking Bits: (ParMarkBitMap*) 0x0000000075b8f030
 Begin Bits: [0x0000000012cb0000, 0x0000000014cb0000)
 End Bits:   [0x0000000014cb0000, 0x0000000016cb0000)

Polling page: 0x00000000023b0000

CodeCache: size=245760Kb used=46897Kb max_used=46897Kb free=198862Kb
 bounds [0x0000000002a30000, 0x0000000005840000, 0x0000000011a30000]
 total_blobs=14590 nmethods=13641 adapters=858
 compilation: enabled

Compilation events (10 events):
Event: 68.821 Thread 0x0000000019926800 16432       2       com.android.tools.r8.p.n.g::a (29 bytes)
Event: 68.822 Thread 0x0000000019926800 nmethod 16432 0x00000000058177d0 code [0x0000000005817960, 0x0000000005817c78]
Event: 68.954 Thread 0x0000000019926800 16433 %     3       com.android.tools.r8.q.a.a.b.d1::a @ 27 (96 bytes)
Event: 68.956 Thread 0x0000000019926800 nmethod 16433% 0x000000000581a610 code [0x000000000581a860, 0x000000000581bc18]
Event: 68.971 Thread 0x0000000019926800 16434 %     3       com.android.tools.r8.ir.regalloc.f::a @ 7 (114 bytes)
Event: 68.974 Thread 0x0000000019926800 nmethod 16434% 0x0000000005832110 code [0x00000000058323c0, 0x0000000005833718]
Event: 69.011 Thread 0x0000000019926800 16435       2       com.android.tools.r8.s.b.t0::<init> (12 bytes)
Event: 69.011 Thread 0x0000000019926800 nmethod 16435 0x000000000581a250 code [0x000000000581a3c0, 0x000000000581a568]
Event: 69.011 Thread 0x0000000019926800 16436       2       com.android.tools.r8.s.b.p0::<init> (7 bytes)
Event: 69.011 Thread 0x0000000019926800 nmethod 16436 0x0000000005819ed0 code [0x000000000581a040, 0x000000000581a1a8]

GC Heap History (10 events):
Event: 58.794 GC heap before
{Heap before GC invocations=23 (full 4):
 PSYoungGen      total 484352K, used 465192K [0x00000000d5580000, 0x00000000f5980000, 0x0000000100000000)
  eden space 441344K, 100% used [0x00000000d5580000,0x00000000f0480000,0x00000000f0480000)
  from space 43008K, 55% used [0x00000000f2e80000,0x00000000f45ca2f8,0x00000000f5880000)
  to   space 43008K, 0% used [0x00000000f0480000,0x00000000f0480000,0x00000000f2e80000)
 ParOldGen       total 210944K, used 103052K [0x0000000080000000, 0x000000008ce00000, 0x00000000d5580000)
  object space 210944K, 48% used [0x0000000080000000,0x00000000864a3288,0x000000008ce00000)
 Metaspace       used 84923K, capacity 89456K, committed 90712K, reserved 1128448K
  class space    used 11405K, capacity 12235K, committed 12672K, reserved 1048576K
Event: 59.292 GC heap after
Heap after GC invocations=23 (full 4):
 PSYoungGen      total 484352K, used 32348K [0x00000000d5580000, 0x00000000fd400000, 0x0000000100000000)
  eden space 441344K, 0% used [0x00000000d5580000,0x00000000d5580000,0x00000000f0480000)
  from space 43008K, 75% used [0x00000000f0480000,0x00000000f24170b8,0x00000000f2e80000)
  to   space 45568K, 0% used [0x00000000fa780000,0x00000000fa780000,0x00000000fd400000)
 ParOldGen       total 210944K, used 103060K [0x0000000080000000, 0x000000008ce00000, 0x00000000d5580000)
  object space 210944K, 48% used [0x0000000080000000,0x00000000864a5288,0x000000008ce00000)
 Metaspace       used 84923K, capacity 89456K, committed 90712K, reserved 1128448K
  class space    used 11405K, capacity 12235K, committed 12672K, reserved 1048576K
}
Event: 60.567 GC heap before
{Heap before GC invocations=24 (full 4):
 PSYoungGen      total 484352K, used 473692K [0x00000000d5580000, 0x00000000fd400000, 0x0000000100000000)
  eden space 441344K, 100% used [0x00000000d5580000,0x00000000f0480000,0x00000000f0480000)
  from space 43008K, 75% used [0x00000000f0480000,0x00000000f24170b8,0x00000000f2e80000)
  to   space 45568K, 0% used [0x00000000fa780000,0x00000000fa780000,0x00000000fd400000)
 ParOldGen       total 210944K, used 103060K [0x0000000080000000, 0x000000008ce00000, 0x00000000d5580000)
  object space 210944K, 48% used [0x0000000080000000,0x00000000864a5288,0x000000008ce00000)
 Metaspace       used 85052K, capacity 89594K, committed 90712K, reserved 1128448K
  class space    used 11409K, capacity 12236K, committed 12672K, reserved 1048576K
Event: 60.644 GC heap after
Heap after GC invocations=24 (full 4):
 PSYoungGen      total 603136K, used 26301K [0x00000000d5580000, 0x00000000fd180000, 0x0000000100000000)
  eden space 560128K, 0% used [0x00000000d5580000,0x00000000d5580000,0x00000000f7880000)
  from space 43008K, 61% used [0x00000000fa780000,0x00000000fc12f630,0x00000000fd180000)
  to   space 45568K, 0% used [0x00000000f7880000,0x00000000f7880000,0x00000000fa500000)
 ParOldGen       total 210944K, used 115531K [0x0000000080000000, 0x000000008ce00000, 0x00000000d5580000)
  object space 210944K, 54% used [0x0000000080000000,0x00000000870d2d40,0x000000008ce00000)
 Metaspace       used 85052K, capacity 89594K, committed 90712K, reserved 1128448K
  class space    used 11409K, capacity 12236K, committed 12672K, reserved 1048576K
}
Event: 62.400 GC heap before
{Heap before GC invocations=25 (full 4):
 PSYoungGen      total 603136K, used 586429K [0x00000000d5580000, 0x00000000fd180000, 0x0000000100000000)
  eden space 560128K, 100% used [0x00000000d5580000,0x00000000f7880000,0x00000000f7880000)
  from space 43008K, 61% used [0x00000000fa780000,0x00000000fc12f630,0x00000000fd180000)
  to   space 45568K, 0% used [0x00000000f7880000,0x00000000f7880000,0x00000000fa500000)
 ParOldGen       total 210944K, used 115531K [0x0000000080000000, 0x000000008ce00000, 0x00000000d5580000)
  object space 210944K, 54% used [0x0000000080000000,0x00000000870d2d40,0x000000008ce00000)
 Metaspace       used 85148K, capacity 89664K, committed 90968K, reserved 1128448K
  class space    used 11409K, capacity 12237K, committed 12672K, reserved 1048576K
Event: 62.788 GC heap after
Heap after GC invocations=25 (full 4):
 PSYoungGen      total 605696K, used 21157K [0x00000000d5580000, 0x00000000ffe80000, 0x0000000100000000)
  eden space 560128K, 0% used [0x00000000d5580000,0x00000000d5580000,0x00000000f7880000)
  from space 45568K, 46% used [0x00000000f7880000,0x00000000f8d294c0,0x00000000fa500000)
  to   space 43520K, 0% used [0x00000000fd400000,0x00000000fd400000,0x00000000ffe80000)
 ParOldGen       total 210944K, used 131432K [0x0000000080000000, 0x000000008ce00000, 0x00000000d5580000)
  object space 210944K, 62% used [0x0000000080000000,0x000000008805a068,0x000000008ce00000)
 Metaspace       used 85148K, capacity 89664K, committed 90968K, reserved 1128448K
  class space    used 11409K, capacity 12237K, committed 12672K, reserved 1048576K
}
Event: 65.311 GC heap before
{Heap before GC invocations=26 (full 4):
 PSYoungGen      total 605696K, used 581285K [0x00000000d5580000, 0x00000000ffe80000, 0x0000000100000000)
  eden space 560128K, 100% used [0x00000000d5580000,0x00000000f7880000,0x00000000f7880000)
  from space 45568K, 46% used [0x00000000f7880000,0x00000000f8d294c0,0x00000000fa500000)
  to   space 43520K, 0% used [0x00000000fd400000,0x00000000fd400000,0x00000000ffe80000)
 ParOldGen       total 210944K, used 131432K [0x0000000080000000, 0x000000008ce00000, 0x00000000d5580000)
  object space 210944K, 62% used [0x0000000080000000,0x000000008805a068,0x000000008ce00000)
 Metaspace       used 85197K, capacity 89762K, committed 90968K, reserved 1128448K
  class space    used 11415K, capacity 12244K, committed 12672K, reserved 1048576K
Event: 65.424 GC heap after
Heap after GC invocations=26 (full 4):
 PSYoungGen      total 651776K, used 10654K [0x00000000d5580000, 0x00000000ffd00000, 0x0000000100000000)
  eden space 609792K, 0% used [0x00000000d5580000,0x00000000d5580000,0x00000000fa900000)
  from space 41984K, 25% used [0x00000000fd400000,0x00000000fde67800,0x00000000ffd00000)
  to   space 43008K, 0% used [0x00000000fa900000,0x00000000fa900000,0x00000000fd300000)
 ParOldGen       total 210944K, used 149411K [0x0000000080000000, 0x000000008ce00000, 0x00000000d5580000)
  object space 210944K, 70% used [0x0000000080000000,0x00000000891e8c30,0x000000008ce00000)
 Metaspace       used 85197K, capacity 89762K, committed 90968K, reserved 1128448K
  class space    used 11415K, capacity 12244K, committed 12672K, reserved 1048576K
}
Event: 67.855 GC heap before
{Heap before GC invocations=27 (full 4):
 PSYoungGen      total 651776K, used 620446K [0x00000000d5580000, 0x00000000ffd00000, 0x0000000100000000)
  eden space 609792K, 100% used [0x00000000d5580000,0x00000000fa900000,0x00000000fa900000)
  from space 41984K, 25% used [0x00000000fd400000,0x00000000fde67800,0x00000000ffd00000)
  to   space 43008K, 0% used [0x00000000fa900000,0x00000000fa900000,0x00000000fd300000)
 ParOldGen       total 210944K, used 149411K [0x0000000080000000, 0x000000008ce00000, 0x00000000d5580000)
  object space 210944K, 70% used [0x0000000080000000,0x00000000891e8c30,0x000000008ce00000)
 Metaspace       used 85228K, capacity 89770K, committed 90968K, reserved 1128448K
  class space    used 11415K, capacity 12244K, committed 12672K, reserved 1048576K
Event: 67.902 GC heap after
Heap after GC invocations=27 (full 4):
 PSYoungGen      total 652800K, used 14694K [0x00000000d5580000, 0x00000000ffe00000, 0x0000000100000000)
  eden space 609792K, 0% used [0x00000000d5580000,0x00000000d5580000,0x00000000fa900000)
  from space 43008K, 34% used [0x00000000fa900000,0x00000000fb759820,0x00000000fd300000)
  to   space 41472K, 0% used [0x00000000fd580000,0x00000000fd580000,0x00000000ffe00000)
 ParOldGen       total 210944K, used 158552K [0x0000000080000000, 0x000000008ce00000, 0x00000000d5580000)
  object space 210944K, 75% used [0x0000000080000000,0x0000000089ad63b8,0x000000008ce00000)
 Metaspace       used 85228K, capacity 89770K, committed 90968K, reserved 1128448K
  class space    used 11415K, capacity 12244K, committed 12672K, reserved 1048576K
}

Deoptimization events (10 events):
Event: 65.021 Thread 0x0000000019a80800 Uncommon trap: reason=bimorphic action=maybe_recompile pc=0x0000000004b1a078 method=java.util.Collections$UnmodifiableList.get(I)Ljava/lang/Object; @ 5
Event: 65.022 Thread 0x0000000019a80800 Uncommon trap: reason=bimorphic action=maybe_recompile pc=0x0000000004b1a078 method=java.util.Collections$UnmodifiableList.get(I)Ljava/lang/Object; @ 5
Event: 65.030 Thread 0x0000000019a83000 Uncommon trap: reason=predicate action=maybe_recompile pc=0x00000000056eab18 method=com.android.tools.r8.ir.optimize.a0.a(Lcom/android/tools/r8/s/b/X;Lcom/android/tools/r8/ir/regalloc/e;I)V @ 330
Event: 65.091 Thread 0x0000000019a80800 Uncommon trap: reason=predicate action=maybe_recompile pc=0x0000000004a60cf8 method=java.util.TimSort.binarySort([Ljava/lang/Object;IIILjava/util/Comparator;)V @ 37
Event: 67.671 Thread 0x0000000019a83000 Uncommon trap: reason=array_check action=maybe_recompile pc=0x000000000578831c method=java.util.TimSort.binarySort([Ljava/lang/Object;IIILjava/util/Comparator;)V @ 193
Event: 67.672 Thread 0x0000000019a83000 Uncommon trap: reason=array_check action=maybe_recompile pc=0x000000000578831c method=java.util.TimSort.binarySort([Ljava/lang/Object;IIILjava/util/Comparator;)V @ 193
Event: 67.672 Thread 0x0000000019a83000 Uncommon trap: reason=array_check action=maybe_recompile pc=0x0000000005788258 method=java.util.TimSort.binarySort([Ljava/lang/Object;IIILjava/util/Comparator;)V @ 215
Event: 67.672 Thread 0x0000000019a83000 Uncommon trap: reason=array_check action=maybe_recompile pc=0x000000000578831c method=java.util.TimSort.binarySort([Ljava/lang/Object;IIILjava/util/Comparator;)V @ 193
Event: 68.199 Thread 0x0000000019a7c000 Uncommon trap: reason=unstable_if action=reinterpret pc=0x000000000578319c method=com.android.tools.r8.ir.regalloc.b.compareTo(Ljava/lang/Object;)I @ 87
Event: 68.682 Thread 0x0000000019a7c000 Uncommon trap: reason=unstable_if action=reinterpret pc=0x00000000057f1680 method=com.android.tools.r8.s.b.q.g()V @ 18

Classes redefined (0 events):
No events

Internal exceptions (10 events):
Event: 59.998 Thread 0x0000000019a82000 Implicit null exception at 0x000000000489510f to 0x000000000489527d
Event: 60.048 Thread 0x0000000019a82000 Exception <a 'sun/nio/fs/WindowsException'> (0x00000000e4333938) thrown at [C:\src\AOSP-openjdk-git\hotspot\src\share\vm\prims\jni.cpp, line 710]
Event: 60.057 Thread 0x0000000019a86000 Exception <a 'sun/nio/fs/WindowsException'> (0x00000000e4a3c5e8) thrown at [C:\src\AOSP-openjdk-git\hotspot\src\share\vm\prims\jni.cpp, line 710]
Event: 60.177 Thread 0x0000000019a88000 Exception <a 'sun/nio/fs/WindowsException'> (0x00000000e7b9f9e8) thrown at [C:\src\AOSP-openjdk-git\hotspot\src\share\vm\prims\jni.cpp, line 710]
Event: 60.210 Thread 0x0000000019a86000 Exception <a 'sun/nio/fs/WindowsException'> (0x00000000e860fcf0) thrown at [C:\src\AOSP-openjdk-git\hotspot\src\share\vm\prims\jni.cpp, line 710]
Event: 60.957 Thread 0x0000000019a86000 Exception <a 'sun/nio/fs/WindowsException'> (0x00000000dca1c8c0) thrown at [C:\src\AOSP-openjdk-git\hotspot\src\share\vm\prims\jni.cpp, line 710]
Event: 61.394 Thread 0x0000000019a7c000 Exception <a 'sun/nio/fs/WindowsException'> (0x00000000e3d45a08) thrown at [C:\src\AOSP-openjdk-git\hotspot\src\share\vm\prims\jni.cpp, line 710]
Event: 65.254 Thread 0x0000000019a80800 Exception <a 'sun/nio/fs/WindowsException'> (0x00000000f4f21f38) thrown at [C:\src\AOSP-openjdk-git\hotspot\src\share\vm\prims\jni.cpp, line 710]
Event: 67.997 Thread 0x0000000019a80000 Exception <a 'sun/nio/fs/WindowsException'> (0x00000000d60dc5c0) thrown at [C:\src\AOSP-openjdk-git\hotspot\src\share\vm\prims\jni.cpp, line 710]
Event: 68.125 Thread 0x0000000019a83000 Exception <a 'sun/nio/fs/WindowsException'> (0x00000000d652a8a0) thrown at [C:\src\AOSP-openjdk-git\hotspot\src\share\vm\prims\jni.cpp, line 710]

Events (10 events):
Event: 68.804 Thread 0x0000000019a89000 DEOPT PACKING pc=0x0000000004e53de9 sp=0x0000000024a89b50
Event: 68.804 Thread 0x0000000019a89000 DEOPT UNPACKING pc=0x0000000002a775d0 sp=0x0000000024a89cb0 mode 0
Event: 68.813 Thread 0x0000000019a89000 DEOPT PACKING pc=0x0000000004ed4a65 sp=0x0000000024a896c0
Event: 68.813 Thread 0x0000000019a89000 DEOPT UNPACKING pc=0x0000000002a775d0 sp=0x0000000024a89700 mode 0
Event: 68.961 Thread 0x0000000019a7c000 DEOPT PACKING pc=0x0000000004d0ac1a sp=0x0000000024789a10
Event: 68.961 Thread 0x0000000019a7c000 DEOPT UNPACKING pc=0x0000000002a775d0 sp=0x0000000024789a68 mode 0
Event: 68.966 Thread 0x0000000019a7c000 DEOPT PACKING pc=0x0000000004c9692e sp=0x0000000024789990
Event: 68.966 Thread 0x0000000019a7c000 DEOPT UNPACKING pc=0x0000000002a775d0 sp=0x0000000024789a60 mode 0
Event: 69.034 Thread 0x0000000019a7c000 DEOPT PACKING pc=0x0000000004d0ac1a sp=0x0000000024789a10
Event: 69.034 Thread 0x0000000019a7c000 DEOPT UNPACKING pc=0x0000000002a775d0 sp=0x0000000024789a68 mode 0


Dynamic libraries:
0x00007ff7c7d00000 - 0x00007ff7c7d31000 	C:\Program Files\Android\Android Studio\jre\bin\java.exe
0x00007ffd2d7b0000 - 0x00007ffd2d9a5000 	C:\WINDOWS\SYSTEM32\ntdll.dll
0x00007ffd2d3b0000 - 0x00007ffd2d46d000 	C:\WINDOWS\System32\KERNEL32.DLL
0x00007ffd2b200000 - 0x00007ffd2b4c8000 	C:\WINDOWS\System32\KERNELBASE.dll
0x00007ffd2b830000 - 0x00007ffd2b8dc000 	C:\WINDOWS\System32\ADVAPI32.dll
0x00007ffd2c760000 - 0x00007ffd2c7fe000 	C:\WINDOWS\System32\msvcrt.dll
0x00007ffd2d520000 - 0x00007ffd2d5bb000 	C:\WINDOWS\System32\sechost.dll
0x00007ffd2ce10000 - 0x00007ffd2cf3b000 	C:\WINDOWS\System32\RPCRT4.dll
0x00007ffd2cb80000 - 0x00007ffd2cd20000 	C:\WINDOWS\System32\USER32.dll
0x00007ffd2b5d0000 - 0x00007ffd2b5f2000 	C:\WINDOWS\System32\win32u.dll
0x00007ffd2cdd0000 - 0x00007ffd2cdfa000 	C:\WINDOWS\System32\GDI32.dll
0x00007ffd2b700000 - 0x00007ffd2b80b000 	C:\WINDOWS\System32\gdi32full.dll
0x00007ffd2b600000 - 0x00007ffd2b69d000 	C:\WINDOWS\System32\msvcp_win.dll
0x00007ffd2b4d0000 - 0x00007ffd2b5d0000 	C:\WINDOWS\System32\ucrtbase.dll
0x00007ffd19ca0000 - 0x00007ffd19f3a000 	C:\WINDOWS\WinSxS\amd64_microsoft.windows.common-controls_6595b64144ccf1df_6.0.19041.844_none_ca00b6081b84eb1d\COMCTL32.dll
0x00007ffd2cd20000 - 0x00007ffd2cd50000 	C:\WINDOWS\System32\IMM32.DLL
0x0000000075200000 - 0x00000000752d2000 	C:\Program Files\Android\Android Studio\jre\jre\bin\msvcr100.dll
0x00000000753c0000 - 0x0000000075c0b000 	C:\Program Files\Android\Android Studio\jre\jre\bin\server\jvm.dll
0x00007ffd2b810000 - 0x00007ffd2b818000 	C:\WINDOWS\System32\PSAPI.DLL
0x00007ffd20c60000 - 0x00007ffd20c6a000 	C:\WINDOWS\SYSTEM32\VERSION.dll
0x00007ffd203d0000 - 0x00007ffd203f7000 	C:\WINDOWS\SYSTEM32\WINMM.dll
0x00007ffd1d9d0000 - 0x00007ffd1d9d9000 	C:\WINDOWS\SYSTEM32\WSOCK32.dll
0x00007ffd2c360000 - 0x00007ffd2c3cb000 	C:\WINDOWS\System32\WS2_32.dll
0x00007ffd26210000 - 0x00007ffd2621f000 	C:\Program Files\Android\Android Studio\jre\jre\bin\verify.dll
0x00007ffd13bd0000 - 0x00007ffd13bf9000 	C:\Program Files\Android\Android Studio\jre\jre\bin\java.dll
0x00007ffd13bb0000 - 0x00007ffd13bc6000 	C:\Program Files\Android\Android Studio\jre\jre\bin\zip.dll
0x00007ffd2bb30000 - 0x00007ffd2c272000 	C:\WINDOWS\System32\SHELL32.dll
0x00007ffd28f30000 - 0x00007ffd296c1000 	C:\WINDOWS\SYSTEM32\windows.storage.dll
0x00007ffd2c820000 - 0x00007ffd2cb75000 	C:\WINDOWS\System32\combase.dll
0x00007ffd2a880000 - 0x00007ffd2a8ac000 	C:\WINDOWS\SYSTEM32\Wldp.dll
0x00007ffd2c5e0000 - 0x00007ffd2c68e000 	C:\WINDOWS\System32\SHCORE.dll
0x00007ffd2b8e0000 - 0x00007ffd2b935000 	C:\WINDOWS\System32\shlwapi.dll
0x00007ffd2ae30000 - 0x00007ffd2ae4f000 	C:\WINDOWS\SYSTEM32\profapi.dll
0x00007ffd13b90000 - 0x00007ffd13baa000 	C:\Program Files\Android\Android Studio\jre\jre\bin\net.dll
0x00007ffd2a600000 - 0x00007ffd2a66a000 	C:\WINDOWS\system32\mswsock.dll
0x00007ffd13b70000 - 0x00007ffd13b83000 	C:\Program Files\Android\Android Studio\jre\jre\bin\nio.dll
0x00007ffd10fe0000 - 0x00007ffd11007000 	C:\Users\Ryrie\.gradle\native\f6784746aeab05261644944871eae4fe03e0ef1612fff0a4a95f87b438bc6780\windows-amd64\native-platform.dll
0x00007ffd24ef0000 - 0x00007ffd24efd000 	C:\Program Files\Android\Android Studio\jre\jre\bin\management.dll
0x00007ffd2a7d0000 - 0x00007ffd2a7e8000 	C:\WINDOWS\SYSTEM32\CRYPTSP.dll
0x00007ffd29fa0000 - 0x00007ffd29fd4000 	C:\WINDOWS\system32\rsaenh.dll
0x00007ffd2afa0000 - 0x00007ffd2afc7000 	C:\WINDOWS\System32\bcrypt.dll
0x00007ffd2adb0000 - 0x00007ffd2adde000 	C:\WINDOWS\SYSTEM32\USERENV.dll
0x00007ffd2b130000 - 0x00007ffd2b1b0000 	C:\WINDOWS\System32\bcryptprimitives.dll
0x00007ffd2ad20000 - 0x00007ffd2ad2c000 	C:\WINDOWS\SYSTEM32\CRYPTBASE.dll
0x00007ffd2a2f0000 - 0x00007ffd2a32b000 	C:\WINDOWS\SYSTEM32\IPHLPAPI.DLL
0x00007ffd2b820000 - 0x00007ffd2b828000 	C:\WINDOWS\System32\NSI.dll
0x00007ffd246c0000 - 0x00007ffd246d7000 	C:\WINDOWS\SYSTEM32\dhcpcsvc6.DLL
0x00007ffd246a0000 - 0x00007ffd246bd000 	C:\WINDOWS\SYSTEM32\dhcpcsvc.DLL
0x00007ffd2a330000 - 0x00007ffd2a3fc000 	C:\WINDOWS\SYSTEM32\DNSAPI.dll
0x00007ffd25860000 - 0x00007ffd2586b000 	C:\WINDOWS\SYSTEM32\WINNSI.DLL
0x00007ffcfc1a0000 - 0x00007ffcfc33c000 	C:\Program Files\Android\Android Studio\jre\jre\bin\awt.dll
0x00007ffd2c690000 - 0x00007ffd2c75d000 	C:\WINDOWS\System32\OLEAUT32.dll
0x00007ffd28780000 - 0x00007ffd287af000 	C:\WINDOWS\SYSTEM32\dwmapi.dll
0x00007ffd26be0000 - 0x00007ffd271a0000 	C:\WINDOWS\SYSTEM32\d2d1.dll
0x00007ffd27d90000 - 0x00007ffd27e20000 	C:\WINDOWS\SYSTEM32\apphelp.dll
0x00007ffd284a0000 - 0x00007ffd2853e000 	C:\WINDOWS\system32\uxtheme.dll

VM Arguments:
jvm_args: -Xmx2048m -Dfile.encoding=UTF-8 -Duser.country=KR -Duser.language=ko -Duser.variant 
java_command: org.gradle.launcher.daemon.bootstrap.GradleDaemon 6.5
java_class_path (initial): C:\Users\Ryrie\.gradle\wrapper\dists\gradle-6.5-bin\6nifqtx7604sqp1q6g8wikw7p\gradle-6.5\lib\gradle-launcher-6.5.jar
Launcher Type: SUN_STANDARD

Environment Variables:
JAVA_HOME=C:\Program Files\Java\jdk-11.0.6
PATH=C:\app\Ryrie\product\11.2.0\dbhome_1\bin;C:\Utill\Python\Python37-32\Scripts\;C:\Utill\Python\Python37-32\;C:\Program Files (x86)\Intel\iCLS Client\;C:\Program Files\Intel\iCLS Client\;C:\WINDOWS\system32;C:\WINDOWS;C:\WINDOWS\System32\Wbem;C:\WINDOWS\System32\WindowsPowerShell\v1.0\;C:\Program Files\Intel\WiFi\bin\;C:\Program Files\Common Files\Intel\WirelessCommon\;C:\Program Files (x86)\Intel\Intel(R) Management Engine Components\DAL;C:\Program Files\Intel\Intel(R) Management Engine Components\DAL;C:\Program Files (x86)\Intel\Intel(R) Management Engine Components\IPT;C:\Program Files\Intel\Intel(R) Management Engine Components\IPT;C:\Program Files\dotnet\;C:\WINDOWS\System32\OpenSSH\;C:\Program Files\MySQL\MySQL Server 8.0\bin;C:\Program Files\Java\jdk-11.0.6\bin;C:\Program Files\Git\cmd;C:\Users\Ryrie\AppData\Local\Android\Sdk\platform-tools;C:\Utill\Python\Python37\Scripts\;C:\Utill\Python\Python37\;C:\Program Files\MySQL\MySQL Shell 8.0\bin\;C:\Users\Ryrie\AppData\Local\Microsoft\WindowsApps;C:\Users\Ryrie\AppData\Local\atom\bin;C:\Users\Ryrie\AppData\Local\GitHubDesktop\bin
USERNAME=Ryrie
OS=Windows_NT
PROCESSOR_IDENTIFIER=Intel64 Family 6 Model 142 Stepping 10, GenuineIntel



---------------  S Y S T E M  ---------------

OS: Windows 10.0 , 64 bit Build 19041 (10.0.19041.928)

CPU:total 8 (initial active 8) (4 cores per cpu, 2 threads per core) family 6 model 142 stepping 10, cmov, cx8, fxsr, mmx, sse, sse2, sse3, ssse3, sse4.1, sse4.2, popcnt, avx, avx2, aes, clmul, erms, 3dnowpref, lzcnt, ht, tsc, tscinvbit, bmi1, bmi2, adx

Memory: 4k page, physical 8217872k(316068k free), swap 11289872k(2868k free)

vm_info: OpenJDK 64-Bit Server VM (25.242-b01) for windows-amd64 JRE (1.8.0_242-release-1644-b01), built by "builder" with MS VC++ 10.0 (VS2010)

time: Thu Apr 22 16:29:39 2021
timezone: 대한민국 표준시
elapsed time: 69 seconds (0d 0h 1m 9s)

